2020-01-21 13:15:14,218 INFO org.springframework.boot.StartupInfoLogger [restartedMain] Starting UserManagementApplication on ubuntu-pc with PID 10984 (/media/rajan/HardDrive/project/repo/apps/user-management/target/classes started by rajan in /media/rajan/HardDrive/project/repo/apps/user-management)
2020-01-21 13:15:14,275 INFO org.springframework.boot.SpringApplication [restartedMain] No active profile set, falling back to default profiles: default
2020-01-21 13:15:14,932 INFO org.springframework.boot.logging.DeferredLog [restartedMain] The Class-Path manifest attribute in /home/rajan/.m2/repository/org/glassfish/jaxb/jaxb-runtime/2.3.2/jaxb-runtime-2.3.2.jar referenced one or more files that do not exist: file:/home/rajan/.m2/repository/org/glassfish/jaxb/jaxb-runtime/2.3.2/jakarta.xml.bind-api-2.3.2.jar,file:/home/rajan/.m2/repository/org/glassfish/jaxb/jaxb-runtime/2.3.2/txw2-2.3.2.jar,file:/home/rajan/.m2/repository/org/glassfish/jaxb/jaxb-runtime/2.3.2/istack-commons-runtime-3.0.8.jar,file:/home/rajan/.m2/repository/org/glassfish/jaxb/jaxb-runtime/2.3.2/stax-ex-1.8.1.jar,file:/home/rajan/.m2/repository/org/glassfish/jaxb/jaxb-runtime/2.3.2/FastInfoset-1.2.16.jar,file:/home/rajan/.m2/repository/org/glassfish/jaxb/jaxb-runtime/2.3.2/jakarta.activation-api-1.2.1.jar
2020-01-21 13:15:14,947 INFO org.springframework.boot.logging.DeferredLog [restartedMain] Devtools property defaults active! Set 'spring.devtools.add-properties' to 'false' to disable
2020-01-21 13:15:14,949 INFO org.springframework.boot.logging.DeferredLog [restartedMain] For additional web related logging consider setting the 'logging.level.web' property to 'DEBUG'
2020-01-21 13:15:18,136 INFO org.springframework.data.repository.config.RepositoryConfigurationDelegate [restartedMain] Bootstrapping Spring Data repositories in DEFAULT mode.
2020-01-21 13:15:18,712 INFO org.springframework.data.repository.config.RepositoryConfigurationDelegate [restartedMain] Finished Spring Data repository scanning in 480ms. Found 2 repository interfaces.
2020-01-21 13:15:20,984 INFO org.springframework.context.support.PostProcessorRegistrationDelegate$BeanPostProcessorChecker [restartedMain] Bean 'org.springframework.transaction.annotation.ProxyTransactionManagementConfiguration' of type [org.springframework.transaction.annotation.ProxyTransactionManagementConfiguration] is not eligible for getting processed by all BeanPostProcessors (for example: not eligible for auto-proxying)
2020-01-21 13:15:23,055 INFO org.springframework.boot.web.embedded.tomcat.TomcatWebServer [restartedMain] Tomcat initialized with port(s): 8082 (http)
2020-01-21 13:15:23,091 INFO org.apache.juli.logging.DirectJDKLog [restartedMain] Initializing ProtocolHandler ["http-nio-8082"]
2020-01-21 13:15:23,092 INFO org.apache.juli.logging.DirectJDKLog [restartedMain] Starting service [Tomcat]
2020-01-21 13:15:23,093 INFO org.apache.juli.logging.DirectJDKLog [restartedMain] Starting Servlet engine: [Apache Tomcat/9.0.27]
2020-01-21 13:15:23,446 INFO org.apache.juli.logging.DirectJDKLog [restartedMain] Initializing Spring embedded WebApplicationContext
2020-01-21 13:15:23,447 INFO org.springframework.boot.web.servlet.context.ServletWebServerApplicationContext [restartedMain] Root WebApplicationContext: initialization completed in 8495 ms
2020-01-21 13:15:24,194 INFO org.hibernate.jpa.internal.util.LogHelper [restartedMain] HHH000204: Processing PersistenceUnitInfo [name: default]
2020-01-21 13:15:24,511 INFO org.hibernate.Version [restartedMain] HHH000412: Hibernate Core {5.4.8.Final}
2020-01-21 13:15:25,038 INFO org.hibernate.annotations.common.reflection.java.JavaReflectionManager [restartedMain] HCANN000001: Hibernate Commons Annotations {5.1.0.Final}
2020-01-21 13:15:25,653 INFO com.zaxxer.hikari.HikariDataSource [restartedMain] HikariPool-1 - Starting...
2020-01-21 13:15:27,420 INFO com.zaxxer.hikari.HikariDataSource [restartedMain] HikariPool-1 - Start completed.
2020-01-21 13:15:27,503 INFO org.hibernate.dialect.Dialect [restartedMain] HHH000400: Using dialect: org.hibernate.dialect.MySQL5InnoDBDialect
2020-01-21 13:15:30,658 INFO org.hibernate.engine.transaction.jta.platform.internal.JtaPlatformInitiator [restartedMain] HHH000490: Using JtaPlatform implementation: [org.hibernate.engine.transaction.jta.platform.internal.NoJtaPlatform]
2020-01-21 13:15:30,686 INFO org.springframework.orm.jpa.AbstractEntityManagerFactoryBean [restartedMain] Initialized JPA EntityManagerFactory for persistence unit 'default'
2020-01-21 13:15:30,756 INFO org.springframework.boot.devtools.autoconfigure.OptionalLiveReloadServer [restartedMain] LiveReload server is running on port 35729
2020-01-21 13:15:32,916 WARN org.springframework.boot.autoconfigure.orm.jpa.JpaBaseConfiguration$JpaWebConfiguration [restartedMain] spring.jpa.open-in-view is enabled by default. Therefore, database queries may be performed during view rendering. Explicitly configure spring.jpa.open-in-view to disable this warning
2020-01-21 13:15:33,319 INFO org.springframework.scheduling.concurrent.ExecutorConfigurationSupport [restartedMain] Initializing ExecutorService 'applicationTaskExecutor'
2020-01-21 13:15:34,003 INFO org.apache.juli.logging.DirectJDKLog [restartedMain] Starting ProtocolHandler ["http-nio-8082"]
2020-01-21 13:15:34,061 INFO org.springframework.boot.web.embedded.tomcat.TomcatWebServer [restartedMain] Tomcat started on port(s): 8082 (http) with context path ''
2020-01-21 13:15:34,067 INFO org.springframework.boot.StartupInfoLogger [restartedMain] Started UserManagementApplication in 22.821 seconds (JVM running for 25.365)
2020-01-21 13:18:16,842 INFO org.springframework.scheduling.concurrent.ExecutorConfigurationSupport [Thread-5] Shutting down ExecutorService 'applicationTaskExecutor'
2020-01-21 13:18:16,846 INFO org.springframework.orm.jpa.AbstractEntityManagerFactoryBean [Thread-5] Closing JPA EntityManagerFactory for persistence unit 'default'
2020-01-21 13:18:16,851 INFO com.zaxxer.hikari.HikariDataSource [Thread-5] HikariPool-1 - Shutdown initiated...
2020-01-21 13:18:16,881 INFO com.zaxxer.hikari.HikariDataSource [Thread-5] HikariPool-1 - Shutdown completed.
2020-01-21 13:18:17,386 INFO org.springframework.boot.StartupInfoLogger [restartedMain] Starting UserManagementApplication on ubuntu-pc with PID 10984 (/media/rajan/HardDrive/project/repo/apps/user-management/target/classes started by rajan in /media/rajan/HardDrive/project/repo/apps/user-management)
2020-01-21 13:18:17,386 INFO org.springframework.boot.SpringApplication [restartedMain] No active profile set, falling back to default profiles: default
2020-01-21 13:18:17,852 INFO org.springframework.data.repository.config.RepositoryConfigurationDelegate [restartedMain] Bootstrapping Spring Data repositories in DEFAULT mode.
2020-01-21 13:18:17,896 INFO org.springframework.data.repository.config.RepositoryConfigurationDelegate [restartedMain] Finished Spring Data repository scanning in 43ms. Found 2 repository interfaces.
2020-01-21 13:18:18,295 INFO org.springframework.context.support.PostProcessorRegistrationDelegate$BeanPostProcessorChecker [restartedMain] Bean 'org.springframework.transaction.annotation.ProxyTransactionManagementConfiguration' of type [org.springframework.transaction.annotation.ProxyTransactionManagementConfiguration] is not eligible for getting processed by all BeanPostProcessors (for example: not eligible for auto-proxying)
2020-01-21 13:18:18,400 WARN org.apache.juli.logging.DirectJDKLog [restartedMain] The MBean registry cannot be disabled because it has already been initialised
2020-01-21 13:18:18,439 INFO org.springframework.boot.web.embedded.tomcat.TomcatWebServer [restartedMain] Tomcat initialized with port(s): 8082 (http)
2020-01-21 13:18:18,441 INFO org.apache.juli.logging.DirectJDKLog [restartedMain] Initializing ProtocolHandler ["http-nio-8082"]
2020-01-21 13:18:18,442 INFO org.apache.juli.logging.DirectJDKLog [restartedMain] Starting service [Tomcat]
2020-01-21 13:18:18,442 INFO org.apache.juli.logging.DirectJDKLog [restartedMain] Starting Servlet engine: [Apache Tomcat/9.0.27]
2020-01-21 13:18:18,452 INFO org.apache.juli.logging.DirectJDKLog [restartedMain] Initializing Spring embedded WebApplicationContext
2020-01-21 13:18:18,453 INFO org.springframework.boot.web.servlet.context.ServletWebServerApplicationContext [restartedMain] Root WebApplicationContext: initialization completed in 1047 ms
2020-01-21 13:18:18,578 INFO org.hibernate.jpa.internal.util.LogHelper [restartedMain] HHH000204: Processing PersistenceUnitInfo [name: default]
2020-01-21 13:18:18,594 INFO com.zaxxer.hikari.HikariDataSource [restartedMain] HikariPool-2 - Starting...
2020-01-21 13:18:18,652 INFO com.zaxxer.hikari.HikariDataSource [restartedMain] HikariPool-2 - Start completed.
2020-01-21 13:18:18,654 INFO org.hibernate.dialect.Dialect [restartedMain] HHH000400: Using dialect: org.hibernate.dialect.MySQL5InnoDBDialect
2020-01-21 13:18:18,863 INFO org.hibernate.engine.transaction.jta.platform.internal.JtaPlatformInitiator [restartedMain] HHH000490: Using JtaPlatform implementation: [org.hibernate.engine.transaction.jta.platform.internal.NoJtaPlatform]
2020-01-21 13:18:18,871 INFO org.springframework.orm.jpa.AbstractEntityManagerFactoryBean [restartedMain] Initialized JPA EntityManagerFactory for persistence unit 'default'
2020-01-21 13:18:18,915 INFO org.springframework.boot.devtools.autoconfigure.OptionalLiveReloadServer [restartedMain] LiveReload server is running on port 35729
2020-01-21 13:18:19,450 WARN org.springframework.boot.autoconfigure.orm.jpa.JpaBaseConfiguration$JpaWebConfiguration [restartedMain] spring.jpa.open-in-view is enabled by default. Therefore, database queries may be performed during view rendering. Explicitly configure spring.jpa.open-in-view to disable this warning
2020-01-21 13:18:19,613 INFO org.springframework.scheduling.concurrent.ExecutorConfigurationSupport [restartedMain] Initializing ExecutorService 'applicationTaskExecutor'
2020-01-21 13:18:19,927 INFO org.apache.juli.logging.DirectJDKLog [restartedMain] Starting ProtocolHandler ["http-nio-8082"]
2020-01-21 13:18:19,964 INFO org.springframework.boot.web.embedded.tomcat.TomcatWebServer [restartedMain] Tomcat started on port(s): 8082 (http) with context path ''
2020-01-21 13:18:19,976 INFO org.springframework.boot.StartupInfoLogger [restartedMain] Started UserManagementApplication in 2.709 seconds (JVM running for 191.274)
2020-01-21 13:18:19,983 INFO org.springframework.boot.devtools.autoconfigure.ConditionEvaluationDeltaLoggingListener [restartedMain] Condition evaluation unchanged
2020-01-21 13:18:59,598 INFO org.springframework.boot.StartupInfoLogger [restartedMain] Starting UserManagementApplication on ubuntu-pc with PID 11229 (/media/rajan/HardDrive/project/repo/apps/user-management/target/classes started by rajan in /media/rajan/HardDrive/project/repo/apps/user-management)
2020-01-21 13:18:59,624 INFO org.springframework.boot.SpringApplication [restartedMain] No active profile set, falling back to default profiles: default
2020-01-21 13:18:59,982 INFO org.springframework.boot.logging.DeferredLog [restartedMain] The Class-Path manifest attribute in /home/rajan/.m2/repository/org/glassfish/jaxb/jaxb-runtime/2.3.2/jaxb-runtime-2.3.2.jar referenced one or more files that do not exist: file:/home/rajan/.m2/repository/org/glassfish/jaxb/jaxb-runtime/2.3.2/jakarta.xml.bind-api-2.3.2.jar,file:/home/rajan/.m2/repository/org/glassfish/jaxb/jaxb-runtime/2.3.2/txw2-2.3.2.jar,file:/home/rajan/.m2/repository/org/glassfish/jaxb/jaxb-runtime/2.3.2/istack-commons-runtime-3.0.8.jar,file:/home/rajan/.m2/repository/org/glassfish/jaxb/jaxb-runtime/2.3.2/stax-ex-1.8.1.jar,file:/home/rajan/.m2/repository/org/glassfish/jaxb/jaxb-runtime/2.3.2/FastInfoset-1.2.16.jar,file:/home/rajan/.m2/repository/org/glassfish/jaxb/jaxb-runtime/2.3.2/jakarta.activation-api-1.2.1.jar
2020-01-21 13:18:59,991 INFO org.springframework.boot.logging.DeferredLog [restartedMain] Devtools property defaults active! Set 'spring.devtools.add-properties' to 'false' to disable
2020-01-21 13:18:59,995 INFO org.springframework.boot.logging.DeferredLog [restartedMain] For additional web related logging consider setting the 'logging.level.web' property to 'DEBUG'
2020-01-21 13:19:01,739 INFO org.springframework.data.repository.config.RepositoryConfigurationDelegate [restartedMain] Bootstrapping Spring Data repositories in DEFAULT mode.
2020-01-21 13:19:02,000 INFO org.springframework.data.repository.config.RepositoryConfigurationDelegate [restartedMain] Finished Spring Data repository scanning in 215ms. Found 2 repository interfaces.
2020-01-21 13:19:03,633 INFO org.springframework.context.support.PostProcessorRegistrationDelegate$BeanPostProcessorChecker [restartedMain] Bean 'org.springframework.transaction.annotation.ProxyTransactionManagementConfiguration' of type [org.springframework.transaction.annotation.ProxyTransactionManagementConfiguration] is not eligible for getting processed by all BeanPostProcessors (for example: not eligible for auto-proxying)
2020-01-21 13:19:04,840 INFO org.springframework.boot.web.embedded.tomcat.TomcatWebServer [restartedMain] Tomcat initialized with port(s): 8082 (http)
2020-01-21 13:19:04,869 INFO org.apache.juli.logging.DirectJDKLog [restartedMain] Initializing ProtocolHandler ["http-nio-8082"]
2020-01-21 13:19:04,871 INFO org.apache.juli.logging.DirectJDKLog [restartedMain] Starting service [Tomcat]
2020-01-21 13:19:04,872 INFO org.apache.juli.logging.DirectJDKLog [restartedMain] Starting Servlet engine: [Apache Tomcat/9.0.27]
2020-01-21 13:19:05,085 INFO org.apache.juli.logging.DirectJDKLog [restartedMain] Initializing Spring embedded WebApplicationContext
2020-01-21 13:19:05,086 INFO org.springframework.boot.web.servlet.context.ServletWebServerApplicationContext [restartedMain] Root WebApplicationContext: initialization completed in 5088 ms
2020-01-21 13:19:05,552 INFO org.hibernate.jpa.internal.util.LogHelper [restartedMain] HHH000204: Processing PersistenceUnitInfo [name: default]
2020-01-21 13:19:05,821 INFO org.hibernate.Version [restartedMain] HHH000412: Hibernate Core {5.4.8.Final}
2020-01-21 13:19:06,315 INFO org.hibernate.annotations.common.reflection.java.JavaReflectionManager [restartedMain] HCANN000001: Hibernate Commons Annotations {5.1.0.Final}
2020-01-21 13:19:06,861 INFO com.zaxxer.hikari.HikariDataSource [restartedMain] HikariPool-1 - Starting...
2020-01-21 13:19:08,160 INFO com.zaxxer.hikari.HikariDataSource [restartedMain] HikariPool-1 - Start completed.
2020-01-21 13:19:08,243 INFO org.hibernate.dialect.Dialect [restartedMain] HHH000400: Using dialect: org.hibernate.dialect.MySQL5InnoDBDialect
2020-01-21 13:19:10,489 INFO org.hibernate.engine.transaction.jta.platform.internal.JtaPlatformInitiator [restartedMain] HHH000490: Using JtaPlatform implementation: [org.hibernate.engine.transaction.jta.platform.internal.NoJtaPlatform]
2020-01-21 13:19:10,513 INFO org.springframework.orm.jpa.AbstractEntityManagerFactoryBean [restartedMain] Initialized JPA EntityManagerFactory for persistence unit 'default'
2020-01-21 13:19:10,579 INFO org.springframework.boot.devtools.autoconfigure.OptionalLiveReloadServer [restartedMain] LiveReload server is running on port 35729
2020-01-21 13:19:12,514 WARN org.springframework.boot.autoconfigure.orm.jpa.JpaBaseConfiguration$JpaWebConfiguration [restartedMain] spring.jpa.open-in-view is enabled by default. Therefore, database queries may be performed during view rendering. Explicitly configure spring.jpa.open-in-view to disable this warning
2020-01-21 13:19:12,955 INFO org.springframework.scheduling.concurrent.ExecutorConfigurationSupport [restartedMain] Initializing ExecutorService 'applicationTaskExecutor'
2020-01-21 13:19:13,677 INFO org.apache.juli.logging.DirectJDKLog [restartedMain] Starting ProtocolHandler ["http-nio-8082"]
2020-01-21 13:19:13,798 INFO org.springframework.boot.web.embedded.tomcat.TomcatWebServer [restartedMain] Tomcat started on port(s): 8082 (http) with context path ''
2020-01-21 13:19:13,808 INFO org.springframework.boot.StartupInfoLogger [restartedMain] Started UserManagementApplication in 16.001 seconds (JVM running for 18.351)
2020-01-21 13:22:06,636 INFO org.apache.juli.logging.DirectJDKLog [http-nio-8082-exec-1] Initializing Spring DispatcherServlet 'dispatcherServlet'
2020-01-21 13:22:06,637 INFO org.springframework.web.servlet.FrameworkServlet [http-nio-8082-exec-1] Initializing Servlet 'dispatcherServlet'
2020-01-21 13:22:06,660 INFO org.springframework.web.servlet.FrameworkServlet [http-nio-8082-exec-1] Completed initialization in 22 ms
2020-01-21 13:22:07,490 WARN org.springframework.web.servlet.handler.AbstractHandlerExceptionResolver [http-nio-8082-exec-1] Resolved [org.springframework.web.server.ResponseStatusException: 404 NOT_FOUND "Can't perform action."; nested exception is javax.persistence.EntityNotFoundException: Username: abc@gmai.com not present]
2020-01-21 13:40:38,307 INFO org.springframework.scheduling.concurrent.ExecutorConfigurationSupport [Thread-5] Shutting down ExecutorService 'applicationTaskExecutor'
2020-01-21 13:40:38,322 INFO org.springframework.orm.jpa.AbstractEntityManagerFactoryBean [Thread-5] Closing JPA EntityManagerFactory for persistence unit 'default'
2020-01-21 13:40:38,325 INFO com.zaxxer.hikari.HikariDataSource [Thread-5] HikariPool-1 - Shutdown initiated...
2020-01-21 13:40:38,349 INFO com.zaxxer.hikari.HikariDataSource [Thread-5] HikariPool-1 - Shutdown completed.
2020-01-21 13:40:38,925 INFO org.springframework.boot.StartupInfoLogger [restartedMain] Starting UserManagementApplication on ubuntu-pc with PID 11229 (/media/rajan/HardDrive/project/repo/apps/user-management/target/classes started by rajan in /media/rajan/HardDrive/project/repo/apps/user-management)
2020-01-21 13:40:38,926 DEBUG org.springframework.boot.StartupInfoLogger [restartedMain] Running with Spring Boot v2.2.1.RELEASE, Spring v5.2.1.RELEASE
2020-01-21 13:40:38,927 INFO org.springframework.boot.SpringApplication [restartedMain] No active profile set, falling back to default profiles: default
2020-01-21 13:40:39,764 INFO org.springframework.data.repository.config.RepositoryConfigurationDelegate [restartedMain] Bootstrapping Spring Data repositories in DEFAULT mode.
2020-01-21 13:40:39,817 INFO org.springframework.data.repository.config.RepositoryConfigurationDelegate [restartedMain] Finished Spring Data repository scanning in 51ms. Found 2 repository interfaces.
2020-01-21 13:40:40,226 INFO org.springframework.context.support.PostProcessorRegistrationDelegate$BeanPostProcessorChecker [restartedMain] Bean 'org.springframework.transaction.annotation.ProxyTransactionManagementConfiguration' of type [org.springframework.transaction.annotation.ProxyTransactionManagementConfiguration] is not eligible for getting processed by all BeanPostProcessors (for example: not eligible for auto-proxying)
2020-01-21 13:40:40,385 WARN org.apache.juli.logging.DirectJDKLog [restartedMain] The MBean registry cannot be disabled because it has already been initialised
2020-01-21 13:40:40,449 INFO org.springframework.boot.web.embedded.tomcat.TomcatWebServer [restartedMain] Tomcat initialized with port(s): 8082 (http)
2020-01-21 13:40:40,451 INFO org.apache.juli.logging.DirectJDKLog [restartedMain] Initializing ProtocolHandler ["http-nio-8082"]
2020-01-21 13:40:40,452 INFO org.apache.juli.logging.DirectJDKLog [restartedMain] Starting service [Tomcat]
2020-01-21 13:40:40,452 INFO org.apache.juli.logging.DirectJDKLog [restartedMain] Starting Servlet engine: [Apache Tomcat/9.0.27]
2020-01-21 13:40:40,461 INFO org.apache.juli.logging.DirectJDKLog [restartedMain] Initializing Spring embedded WebApplicationContext
2020-01-21 13:40:40,463 INFO org.springframework.boot.web.servlet.context.ServletWebServerApplicationContext [restartedMain] Root WebApplicationContext: initialization completed in 1522 ms
2020-01-21 13:40:40,595 INFO org.hibernate.jpa.internal.util.LogHelper [restartedMain] HHH000204: Processing PersistenceUnitInfo [name: default]
2020-01-21 13:40:40,620 INFO com.zaxxer.hikari.HikariDataSource [restartedMain] HikariPool-2 - Starting...
2020-01-21 13:40:40,678 INFO com.zaxxer.hikari.HikariDataSource [restartedMain] HikariPool-2 - Start completed.
2020-01-21 13:40:40,679 INFO org.hibernate.dialect.Dialect [restartedMain] HHH000400: Using dialect: org.hibernate.dialect.MySQL5InnoDBDialect
2020-01-21 13:40:41,113 INFO org.hibernate.engine.transaction.jta.platform.internal.JtaPlatformInitiator [restartedMain] HHH000490: Using JtaPlatform implementation: [org.hibernate.engine.transaction.jta.platform.internal.NoJtaPlatform]
2020-01-21 13:40:41,120 INFO org.springframework.orm.jpa.AbstractEntityManagerFactoryBean [restartedMain] Initialized JPA EntityManagerFactory for persistence unit 'default'
2020-01-21 13:40:41,143 INFO org.springframework.boot.devtools.autoconfigure.OptionalLiveReloadServer [restartedMain] LiveReload server is running on port 35729
2020-01-21 13:40:41,548 WARN org.springframework.boot.autoconfigure.orm.jpa.JpaBaseConfiguration$JpaWebConfiguration [restartedMain] spring.jpa.open-in-view is enabled by default. Therefore, database queries may be performed during view rendering. Explicitly configure spring.jpa.open-in-view to disable this warning
2020-01-21 13:40:41,657 INFO org.springframework.scheduling.concurrent.ExecutorConfigurationSupport [restartedMain] Initializing ExecutorService 'applicationTaskExecutor'
2020-01-21 13:40:41,876 INFO org.apache.juli.logging.DirectJDKLog [restartedMain] Starting ProtocolHandler ["http-nio-8082"]
2020-01-21 13:40:41,949 INFO org.springframework.boot.web.embedded.tomcat.TomcatWebServer [restartedMain] Tomcat started on port(s): 8082 (http) with context path ''
2020-01-21 13:40:41,965 INFO org.springframework.boot.StartupInfoLogger [restartedMain] Started UserManagementApplication in 3.151 seconds (JVM running for 1306.508)
2020-01-21 13:40:41,970 INFO org.springframework.boot.devtools.autoconfigure.ConditionEvaluationDeltaLoggingListener [restartedMain] Condition evaluation unchanged
2020-01-21 14:21:42,972 INFO org.springframework.boot.StartupInfoLogger [restartedMain] Starting UserManagementApplication on ubuntu-pc with PID 13608 (/media/rajan/HardDrive/project/repo/apps/user-management/target/classes started by rajan in /media/rajan/HardDrive/project/repo/apps/user-management)
2020-01-21 14:21:42,997 DEBUG org.springframework.boot.StartupInfoLogger [restartedMain] Running with Spring Boot v2.2.1.RELEASE, Spring v5.2.1.RELEASE
2020-01-21 14:21:42,998 INFO org.springframework.boot.SpringApplication [restartedMain] No active profile set, falling back to default profiles: default
2020-01-21 14:21:43,591 INFO org.springframework.boot.logging.DeferredLog [restartedMain] The Class-Path manifest attribute in /home/rajan/.m2/repository/org/glassfish/jaxb/jaxb-runtime/2.3.2/jaxb-runtime-2.3.2.jar referenced one or more files that do not exist: file:/home/rajan/.m2/repository/org/glassfish/jaxb/jaxb-runtime/2.3.2/jakarta.xml.bind-api-2.3.2.jar,file:/home/rajan/.m2/repository/org/glassfish/jaxb/jaxb-runtime/2.3.2/txw2-2.3.2.jar,file:/home/rajan/.m2/repository/org/glassfish/jaxb/jaxb-runtime/2.3.2/istack-commons-runtime-3.0.8.jar,file:/home/rajan/.m2/repository/org/glassfish/jaxb/jaxb-runtime/2.3.2/stax-ex-1.8.1.jar,file:/home/rajan/.m2/repository/org/glassfish/jaxb/jaxb-runtime/2.3.2/FastInfoset-1.2.16.jar,file:/home/rajan/.m2/repository/org/glassfish/jaxb/jaxb-runtime/2.3.2/jakarta.activation-api-1.2.1.jar
2020-01-21 14:21:43,612 INFO org.springframework.boot.logging.DeferredLog [restartedMain] Devtools property defaults active! Set 'spring.devtools.add-properties' to 'false' to disable
2020-01-21 14:21:43,615 INFO org.springframework.boot.logging.DeferredLog [restartedMain] For additional web related logging consider setting the 'logging.level.web' property to 'DEBUG'
2020-01-21 14:21:46,742 INFO org.springframework.data.repository.config.RepositoryConfigurationDelegate [restartedMain] Bootstrapping Spring Data repositories in DEFAULT mode.
2020-01-21 14:21:46,989 INFO org.springframework.data.repository.config.RepositoryConfigurationDelegate [restartedMain] Finished Spring Data repository scanning in 199ms. Found 2 repository interfaces.
2020-01-21 14:21:49,026 INFO org.springframework.context.support.PostProcessorRegistrationDelegate$BeanPostProcessorChecker [restartedMain] Bean 'org.springframework.transaction.annotation.ProxyTransactionManagementConfiguration' of type [org.springframework.transaction.annotation.ProxyTransactionManagementConfiguration] is not eligible for getting processed by all BeanPostProcessors (for example: not eligible for auto-proxying)
2020-01-21 14:21:50,005 INFO org.springframework.boot.web.embedded.tomcat.TomcatWebServer [restartedMain] Tomcat initialized with port(s): 8082 (http)
2020-01-21 14:21:50,034 INFO org.apache.juli.logging.DirectJDKLog [restartedMain] Initializing ProtocolHandler ["http-nio-8082"]
2020-01-21 14:21:50,035 INFO org.apache.juli.logging.DirectJDKLog [restartedMain] Starting service [Tomcat]
2020-01-21 14:21:50,036 INFO org.apache.juli.logging.DirectJDKLog [restartedMain] Starting Servlet engine: [Apache Tomcat/9.0.27]
2020-01-21 14:21:50,216 INFO org.apache.juli.logging.DirectJDKLog [restartedMain] Initializing Spring embedded WebApplicationContext
2020-01-21 14:21:50,216 INFO org.springframework.boot.web.servlet.context.ServletWebServerApplicationContext [restartedMain] Root WebApplicationContext: initialization completed in 6587 ms
2020-01-21 14:21:50,839 INFO org.hibernate.jpa.internal.util.LogHelper [restartedMain] HHH000204: Processing PersistenceUnitInfo [name: default]
2020-01-21 14:21:51,226 INFO org.hibernate.Version [restartedMain] HHH000412: Hibernate Core {5.4.8.Final}
2020-01-21 14:21:51,714 INFO org.hibernate.annotations.common.reflection.java.JavaReflectionManager [restartedMain] HCANN000001: Hibernate Commons Annotations {5.1.0.Final}
2020-01-21 14:21:52,345 INFO com.zaxxer.hikari.HikariDataSource [restartedMain] HikariPool-1 - Starting...
2020-01-21 14:21:53,690 INFO com.zaxxer.hikari.HikariDataSource [restartedMain] HikariPool-1 - Start completed.
2020-01-21 14:21:53,761 INFO org.hibernate.dialect.Dialect [restartedMain] HHH000400: Using dialect: org.hibernate.dialect.MySQL5InnoDBDialect
2020-01-21 14:21:56,591 INFO org.hibernate.engine.transaction.jta.platform.internal.JtaPlatformInitiator [restartedMain] HHH000490: Using JtaPlatform implementation: [org.hibernate.engine.transaction.jta.platform.internal.NoJtaPlatform]
2020-01-21 14:21:56,654 INFO org.springframework.orm.jpa.AbstractEntityManagerFactoryBean [restartedMain] Initialized JPA EntityManagerFactory for persistence unit 'default'
2020-01-21 14:21:56,718 WARN org.springframework.boot.devtools.autoconfigure.OptionalLiveReloadServer [restartedMain] Unable to start LiveReload server
2020-01-21 14:21:58,805 WARN org.springframework.boot.autoconfigure.orm.jpa.JpaBaseConfiguration$JpaWebConfiguration [restartedMain] spring.jpa.open-in-view is enabled by default. Therefore, database queries may be performed during view rendering. Explicitly configure spring.jpa.open-in-view to disable this warning
2020-01-21 14:21:59,292 INFO org.springframework.scheduling.concurrent.ExecutorConfigurationSupport [restartedMain] Initializing ExecutorService 'applicationTaskExecutor'
2020-01-21 14:21:59,919 INFO org.apache.juli.logging.DirectJDKLog [restartedMain] Starting ProtocolHandler ["http-nio-8082"]
2020-01-21 14:21:59,979 INFO org.springframework.boot.web.embedded.tomcat.TomcatWebServer [restartedMain] Tomcat started on port(s): 8082 (http) with context path ''
2020-01-21 14:21:59,984 INFO org.springframework.boot.StartupInfoLogger [restartedMain] Started UserManagementApplication in 20.154 seconds (JVM running for 24.816)
2020-01-21 14:40:04,094 INFO org.apache.juli.logging.DirectJDKLog [http-nio-8082-exec-1] Initializing Spring DispatcherServlet 'dispatcherServlet'
2020-01-21 14:40:04,098 INFO org.springframework.web.servlet.FrameworkServlet [http-nio-8082-exec-1] Initializing Servlet 'dispatcherServlet'
2020-01-21 14:40:04,152 INFO org.springframework.web.servlet.FrameworkServlet [http-nio-8082-exec-1] Completed initialization in 52 ms
2020-01-21 14:40:05,244 WARN org.springframework.web.servlet.handler.AbstractHandlerExceptionResolver [http-nio-8082-exec-1] Resolved [org.springframework.web.server.ResponseStatusException: 404 NOT_FOUND "Can't perform action."; nested exception is javax.persistence.EntityNotFoundException: Username: asfds not present]
2020-01-21 15:33:54,515 WARN org.springframework.web.servlet.handler.AbstractHandlerExceptionResolver [http-nio-8082-exec-2] Resolved [org.springframework.web.server.ResponseStatusException: 404 NOT_FOUND "Can't perform action."; nested exception is javax.persistence.EntityNotFoundException: Username: sdfds not present]
2020-01-21 15:33:55,846 WARN org.springframework.web.servlet.handler.AbstractHandlerExceptionResolver [http-nio-8082-exec-5] Resolved [org.springframework.web.server.ResponseStatusException: 404 NOT_FOUND "Can't perform action."; nested exception is javax.persistence.EntityNotFoundException: Username: sdfds not present]
2020-01-21 15:33:56,447 WARN org.springframework.web.servlet.handler.AbstractHandlerExceptionResolver [http-nio-8082-exec-4] Resolved [org.springframework.web.server.ResponseStatusException: 404 NOT_FOUND "Can't perform action."; nested exception is javax.persistence.EntityNotFoundException: Username: sdfds not present]
2020-01-21 15:33:56,638 WARN org.springframework.web.servlet.handler.AbstractHandlerExceptionResolver [http-nio-8082-exec-6] Resolved [org.springframework.web.server.ResponseStatusException: 404 NOT_FOUND "Can't perform action."; nested exception is javax.persistence.EntityNotFoundException: Username: sdfds not present]
2020-01-21 15:33:56,768 WARN org.springframework.web.servlet.handler.AbstractHandlerExceptionResolver [http-nio-8082-exec-7] Resolved [org.springframework.web.server.ResponseStatusException: 404 NOT_FOUND "Can't perform action."; nested exception is javax.persistence.EntityNotFoundException: Username: sdfds not present]
2020-01-21 15:33:56,936 WARN org.springframework.web.servlet.handler.AbstractHandlerExceptionResolver [http-nio-8082-exec-8] Resolved [org.springframework.web.server.ResponseStatusException: 404 NOT_FOUND "Can't perform action."; nested exception is javax.persistence.EntityNotFoundException: Username: sdfds not present]
2020-01-21 15:33:57,089 WARN org.springframework.web.servlet.handler.AbstractHandlerExceptionResolver [http-nio-8082-exec-9] Resolved [org.springframework.web.server.ResponseStatusException: 404 NOT_FOUND "Can't perform action."; nested exception is javax.persistence.EntityNotFoundException: Username: sdfds not present]
2020-01-21 15:33:57,313 WARN org.springframework.web.servlet.handler.AbstractHandlerExceptionResolver [http-nio-8082-exec-10] Resolved [org.springframework.web.server.ResponseStatusException: 404 NOT_FOUND "Can't perform action."; nested exception is javax.persistence.EntityNotFoundException: Username: sdfds not present]
2020-01-21 15:33:57,457 WARN org.springframework.web.servlet.handler.AbstractHandlerExceptionResolver [http-nio-8082-exec-1] Resolved [org.springframework.web.server.ResponseStatusException: 404 NOT_FOUND "Can't perform action."; nested exception is javax.persistence.EntityNotFoundException: Username: sdfds not present]
2020-01-21 15:33:57,625 WARN org.springframework.web.servlet.handler.AbstractHandlerExceptionResolver [http-nio-8082-exec-3] Resolved [org.springframework.web.server.ResponseStatusException: 404 NOT_FOUND "Can't perform action."; nested exception is javax.persistence.EntityNotFoundException: Username: sdfds not present]
2020-01-21 15:33:57,972 WARN org.springframework.web.servlet.handler.AbstractHandlerExceptionResolver [http-nio-8082-exec-2] Resolved [org.springframework.web.server.ResponseStatusException: 404 NOT_FOUND "Can't perform action."; nested exception is javax.persistence.EntityNotFoundException: Username: sdfds not present]
2020-01-21 15:33:58,128 WARN org.springframework.web.servlet.handler.AbstractHandlerExceptionResolver [http-nio-8082-exec-5] Resolved [org.springframework.web.server.ResponseStatusException: 404 NOT_FOUND "Can't perform action."; nested exception is javax.persistence.EntityNotFoundException: Username: sdfds not present]
2020-01-21 15:33:58,283 WARN org.springframework.web.servlet.handler.AbstractHandlerExceptionResolver [http-nio-8082-exec-4] Resolved [org.springframework.web.server.ResponseStatusException: 404 NOT_FOUND "Can't perform action."; nested exception is javax.persistence.EntityNotFoundException: Username: sdfds not present]
2020-01-21 15:33:58,458 WARN org.springframework.web.servlet.handler.AbstractHandlerExceptionResolver [http-nio-8082-exec-6] Resolved [org.springframework.web.server.ResponseStatusException: 404 NOT_FOUND "Can't perform action."; nested exception is javax.persistence.EntityNotFoundException: Username: sdfds not present]
2020-01-21 15:33:58,606 WARN org.springframework.web.servlet.handler.AbstractHandlerExceptionResolver [http-nio-8082-exec-7] Resolved [org.springframework.web.server.ResponseStatusException: 404 NOT_FOUND "Can't perform action."; nested exception is javax.persistence.EntityNotFoundException: Username: sdfds not present]
2020-01-21 15:34:05,293 WARN org.springframework.web.servlet.handler.AbstractHandlerExceptionResolver [http-nio-8082-exec-9] Resolved [org.springframework.web.server.ResponseStatusException: 404 NOT_FOUND "Can't perform action."; nested exception is javax.persistence.EntityNotFoundException: Username: sdfds not present]
2020-01-21 15:34:05,486 WARN org.springframework.web.servlet.handler.AbstractHandlerExceptionResolver [http-nio-8082-exec-10] Resolved [org.springframework.web.server.ResponseStatusException: 404 NOT_FOUND "Can't perform action."; nested exception is javax.persistence.EntityNotFoundException: Username: sdfds not present]
2020-01-21 15:34:05,643 WARN org.springframework.web.servlet.handler.AbstractHandlerExceptionResolver [http-nio-8082-exec-1] Resolved [org.springframework.web.server.ResponseStatusException: 404 NOT_FOUND "Can't perform action."; nested exception is javax.persistence.EntityNotFoundException: Username: sdfds not present]
2020-01-21 15:34:05,811 WARN org.springframework.web.servlet.handler.AbstractHandlerExceptionResolver [http-nio-8082-exec-3] Resolved [org.springframework.web.server.ResponseStatusException: 404 NOT_FOUND "Can't perform action."; nested exception is javax.persistence.EntityNotFoundException: Username: sdfds not present]
2020-01-21 15:34:06,111 WARN org.springframework.web.servlet.handler.AbstractHandlerExceptionResolver [http-nio-8082-exec-2] Resolved [org.springframework.web.server.ResponseStatusException: 404 NOT_FOUND "Can't perform action."; nested exception is javax.persistence.EntityNotFoundException: Username: sdfds not present]
2020-01-21 15:34:06,306 WARN org.springframework.web.servlet.handler.AbstractHandlerExceptionResolver [http-nio-8082-exec-5] Resolved [org.springframework.web.server.ResponseStatusException: 404 NOT_FOUND "Can't perform action."; nested exception is javax.persistence.EntityNotFoundException: Username: sdfds not present]
2020-01-21 15:34:06,437 WARN org.springframework.web.servlet.handler.AbstractHandlerExceptionResolver [http-nio-8082-exec-4] Resolved [org.springframework.web.server.ResponseStatusException: 404 NOT_FOUND "Can't perform action."; nested exception is javax.persistence.EntityNotFoundException: Username: sdfds not present]
2020-01-21 15:34:06,610 WARN org.springframework.web.servlet.handler.AbstractHandlerExceptionResolver [http-nio-8082-exec-6] Resolved [org.springframework.web.server.ResponseStatusException: 404 NOT_FOUND "Can't perform action."; nested exception is javax.persistence.EntityNotFoundException: Username: sdfds not present]
2020-01-21 15:34:29,873 WARN org.springframework.web.servlet.handler.AbstractHandlerExceptionResolver [http-nio-8082-exec-8] Resolved [org.springframework.web.server.ResponseStatusException: 404 NOT_FOUND "Can't perform action."; nested exception is javax.persistence.EntityNotFoundException: Username: sdfsd not present]
2020-01-21 15:34:30,320 WARN org.springframework.web.servlet.handler.AbstractHandlerExceptionResolver [http-nio-8082-exec-9] Resolved [org.springframework.web.server.ResponseStatusException: 404 NOT_FOUND "Can't perform action."; nested exception is javax.persistence.EntityNotFoundException: Username: sdfsd not present]
2020-01-21 15:34:30,489 WARN org.springframework.web.servlet.handler.AbstractHandlerExceptionResolver [http-nio-8082-exec-10] Resolved [org.springframework.web.server.ResponseStatusException: 404 NOT_FOUND "Can't perform action."; nested exception is javax.persistence.EntityNotFoundException: Username: sdfsd not present]
2020-01-21 15:34:30,634 WARN org.springframework.web.servlet.handler.AbstractHandlerExceptionResolver [http-nio-8082-exec-1] Resolved [org.springframework.web.server.ResponseStatusException: 404 NOT_FOUND "Can't perform action."; nested exception is javax.persistence.EntityNotFoundException: Username: sdfsd not present]
2020-01-21 15:34:31,135 WARN org.springframework.web.servlet.handler.AbstractHandlerExceptionResolver [http-nio-8082-exec-3] Resolved [org.springframework.web.server.ResponseStatusException: 404 NOT_FOUND "Can't perform action."; nested exception is javax.persistence.EntityNotFoundException: Username: sdfsd not present]
2020-01-21 15:34:31,289 WARN org.springframework.web.servlet.handler.AbstractHandlerExceptionResolver [http-nio-8082-exec-2] Resolved [org.springframework.web.server.ResponseStatusException: 404 NOT_FOUND "Can't perform action."; nested exception is javax.persistence.EntityNotFoundException: Username: sdfsd not present]
2020-01-21 15:35:37,202 WARN org.springframework.web.servlet.handler.AbstractHandlerExceptionResolver [http-nio-8082-exec-4] Resolved [org.springframework.web.server.ResponseStatusException: 404 NOT_FOUND "Can't perform action."; nested exception is javax.persistence.EntityNotFoundException: Username: sdfsd not present]
2020-01-21 15:35:49,300 WARN org.springframework.web.servlet.handler.AbstractHandlerExceptionResolver [http-nio-8082-exec-7] Resolved [org.springframework.web.server.ResponseStatusException: 404 NOT_FOUND "Can't perform action."; nested exception is javax.persistence.EntityNotFoundException: Username: sdfsd not present]
2020-01-21 15:38:43,947 WARN org.springframework.web.servlet.handler.AbstractHandlerExceptionResolver [http-nio-8082-exec-9] Resolved [org.springframework.web.server.ResponseStatusException: 404 NOT_FOUND "Can't perform action."; nested exception is javax.persistence.EntityNotFoundException: Username: sefsdf not present]
2020-01-21 15:39:21,459 WARN org.springframework.web.servlet.handler.AbstractHandlerExceptionResolver [http-nio-8082-exec-1] Resolved [org.springframework.web.server.ResponseStatusException: 404 NOT_FOUND "Can't perform action."; nested exception is javax.persistence.EntityNotFoundException: Username: dgfd not present]
2020-01-21 15:51:48,599 WARN org.springframework.web.servlet.handler.AbstractHandlerExceptionResolver [http-nio-8082-exec-2] Resolved [org.springframework.web.server.ResponseStatusException: 404 NOT_FOUND "Can't perform action."; nested exception is javax.persistence.EntityNotFoundException: Username: sdfd not present]
2020-01-21 15:54:08,058 WARN org.springframework.web.servlet.handler.AbstractHandlerExceptionResolver [http-nio-8082-exec-4] Resolved [org.springframework.web.server.ResponseStatusException: 404 NOT_FOUND "Can't perform action."; nested exception is javax.persistence.EntityNotFoundException: Username: sdfd not present]
2020-01-21 16:00:14,295 WARN org.springframework.web.servlet.handler.AbstractHandlerExceptionResolver [http-nio-8082-exec-7] Resolved [org.springframework.web.server.ResponseStatusException: 404 NOT_FOUND "Can't perform action."; nested exception is javax.persistence.EntityNotFoundException: Username: asds not present]
2020-01-21 16:02:50,378 WARN org.springframework.web.servlet.handler.AbstractHandlerExceptionResolver [http-nio-8082-exec-9] Resolved [org.springframework.web.server.ResponseStatusException: 404 NOT_FOUND "Can't perform action."; nested exception is javax.persistence.EntityNotFoundException: Username: sdsd not present]
2020-01-21 16:03:32,771 WARN org.springframework.web.servlet.handler.AbstractHandlerExceptionResolver [http-nio-8082-exec-1] Resolved [org.springframework.web.server.ResponseStatusException: 404 NOT_FOUND "Can't perform action."; nested exception is javax.persistence.EntityNotFoundException: Username: sdfsd not present]
2020-01-21 16:04:56,099 WARN org.springframework.web.servlet.handler.AbstractHandlerExceptionResolver [http-nio-8082-exec-2] Resolved [org.springframework.web.server.ResponseStatusException: 404 NOT_FOUND "Can't perform action."; nested exception is javax.persistence.EntityNotFoundException: Username: sfs not present]
2020-01-21 16:04:56,832 WARN org.springframework.web.servlet.handler.AbstractHandlerExceptionResolver [http-nio-8082-exec-5] Resolved [org.springframework.web.server.ResponseStatusException: 404 NOT_FOUND "Can't perform action."; nested exception is javax.persistence.EntityNotFoundException: Username: sfs not present]
2020-01-21 16:04:56,985 WARN org.springframework.web.servlet.handler.AbstractHandlerExceptionResolver [http-nio-8082-exec-4] Resolved [org.springframework.web.server.ResponseStatusException: 404 NOT_FOUND "Can't perform action."; nested exception is javax.persistence.EntityNotFoundException: Username: sfs not present]
2020-01-21 16:04:57,157 WARN org.springframework.web.servlet.handler.AbstractHandlerExceptionResolver [http-nio-8082-exec-6] Resolved [org.springframework.web.server.ResponseStatusException: 404 NOT_FOUND "Can't perform action."; nested exception is javax.persistence.EntityNotFoundException: Username: sfs not present]
2020-01-21 16:04:57,344 WARN org.springframework.web.servlet.handler.AbstractHandlerExceptionResolver [http-nio-8082-exec-7] Resolved [org.springframework.web.server.ResponseStatusException: 404 NOT_FOUND "Can't perform action."; nested exception is javax.persistence.EntityNotFoundException: Username: sfs not present]
2020-01-21 16:04:57,497 WARN org.springframework.web.servlet.handler.AbstractHandlerExceptionResolver [http-nio-8082-exec-8] Resolved [org.springframework.web.server.ResponseStatusException: 404 NOT_FOUND "Can't perform action."; nested exception is javax.persistence.EntityNotFoundException: Username: sfs not present]
2020-01-21 16:05:57,518 WARN org.springframework.web.servlet.handler.AbstractHandlerExceptionResolver [http-nio-8082-exec-10] Resolved [org.springframework.web.server.ResponseStatusException: 404 NOT_FOUND "Can't perform action."; nested exception is javax.persistence.EntityNotFoundException: Username: sfs not present]
2020-01-21 16:10:15,029 WARN org.springframework.web.servlet.handler.AbstractHandlerExceptionResolver [http-nio-8082-exec-3] Resolved [org.springframework.web.server.ResponseStatusException: 404 NOT_FOUND "Can't perform action."; nested exception is javax.persistence.EntityNotFoundException: Username: xgdfg not present]
2020-01-21 16:10:46,320 WARN org.springframework.web.servlet.handler.AbstractHandlerExceptionResolver [http-nio-8082-exec-5] Resolved [org.springframework.web.server.ResponseStatusException: 404 NOT_FOUND "Can't perform action."; nested exception is javax.persistence.EntityNotFoundException: Username: sdfds not present]
2020-01-21 16:10:47,876 WARN org.springframework.web.servlet.handler.AbstractHandlerExceptionResolver [http-nio-8082-exec-4] Resolved [org.springframework.web.server.ResponseStatusException: 404 NOT_FOUND "Can't perform action."; nested exception is javax.persistence.EntityNotFoundException: Username: sdfds not present]
2020-01-21 16:10:48,051 WARN org.springframework.web.servlet.handler.AbstractHandlerExceptionResolver [http-nio-8082-exec-6] Resolved [org.springframework.web.server.ResponseStatusException: 404 NOT_FOUND "Can't perform action."; nested exception is javax.persistence.EntityNotFoundException: Username: sdfds not present]
2020-01-21 16:10:48,218 WARN org.springframework.web.servlet.handler.AbstractHandlerExceptionResolver [http-nio-8082-exec-7] Resolved [org.springframework.web.server.ResponseStatusException: 404 NOT_FOUND "Can't perform action."; nested exception is javax.persistence.EntityNotFoundException: Username: sdfds not present]
2020-01-21 16:10:48,381 WARN org.springframework.web.servlet.handler.AbstractHandlerExceptionResolver [http-nio-8082-exec-8] Resolved [org.springframework.web.server.ResponseStatusException: 404 NOT_FOUND "Can't perform action."; nested exception is javax.persistence.EntityNotFoundException: Username: sdfds not present]
2020-01-21 16:13:55,242 WARN org.springframework.web.servlet.handler.AbstractHandlerExceptionResolver [http-nio-8082-exec-10] Resolved [org.springframework.web.server.ResponseStatusException: 404 NOT_FOUND "Can't perform action."; nested exception is javax.persistence.EntityNotFoundException: Username: sdfs not present]
2020-01-21 16:14:30,419 WARN org.springframework.web.servlet.handler.AbstractHandlerExceptionResolver [http-nio-8082-exec-3] Resolved [org.springframework.web.server.ResponseStatusException: 404 NOT_FOUND "Can't perform action."; nested exception is javax.persistence.EntityNotFoundException: Username: sdfsd not present]
2020-01-21 16:14:49,524 WARN org.springframework.web.servlet.handler.AbstractHandlerExceptionResolver [http-nio-8082-exec-5] Resolved [org.springframework.web.server.ResponseStatusException: 404 NOT_FOUND "Can't perform action."; nested exception is javax.persistence.EntityNotFoundException: Username: sdgfd not present]
2020-01-21 16:15:37,120 WARN org.springframework.web.servlet.handler.AbstractHandlerExceptionResolver [http-nio-8082-exec-6] Resolved [org.springframework.web.server.ResponseStatusException: 404 NOT_FOUND "Can't perform action."; nested exception is javax.persistence.EntityNotFoundException: Username: sfsd not present]
2020-01-21 16:19:28,168 WARN org.springframework.web.servlet.handler.AbstractHandlerExceptionResolver [http-nio-8082-exec-8] Resolved [org.springframework.web.server.ResponseStatusException: 404 NOT_FOUND "Can't perform action."; nested exception is javax.persistence.EntityNotFoundException: Username: dxfsd not present]
2020-01-21 16:20:50,212 WARN org.springframework.web.servlet.handler.AbstractHandlerExceptionResolver [http-nio-8082-exec-10] Resolved [org.springframework.web.server.ResponseStatusException: 404 NOT_FOUND "Can't perform action."; nested exception is javax.persistence.EntityNotFoundException: Username: sf not present]
2020-01-21 16:26:33,744 WARN org.springframework.web.servlet.handler.AbstractHandlerExceptionResolver [http-nio-8082-exec-3] Resolved [org.springframework.web.server.ResponseStatusException: 404 NOT_FOUND "Can't perform action."; nested exception is javax.persistence.EntityNotFoundException: Username: dfgdf not present]
2020-01-21 16:27:48,262 WARN org.springframework.web.servlet.handler.AbstractHandlerExceptionResolver [http-nio-8082-exec-5] Resolved [org.springframework.web.server.ResponseStatusException: 404 NOT_FOUND "Can't perform action."; nested exception is javax.persistence.EntityNotFoundException: Username: sfsdf not present]
2020-01-21 16:28:17,053 WARN org.springframework.web.servlet.handler.AbstractHandlerExceptionResolver [http-nio-8082-exec-6] Resolved [org.springframework.web.server.ResponseStatusException: 404 NOT_FOUND "Can't perform action."; nested exception is javax.persistence.EntityNotFoundException: Username: sfds not present]
2020-01-21 16:32:54,130 WARN org.springframework.web.servlet.handler.AbstractHandlerExceptionResolver [http-nio-8082-exec-8] Resolved [org.springframework.web.server.ResponseStatusException: 404 NOT_FOUND "Can't perform action."; nested exception is javax.persistence.EntityNotFoundException: Username: sdgd not present]
2020-01-21 16:33:13,221 WARN org.springframework.web.servlet.handler.AbstractHandlerExceptionResolver [http-nio-8082-exec-10] Resolved [org.springframework.web.server.ResponseStatusException: 404 NOT_FOUND "Can't perform action."; nested exception is javax.persistence.EntityNotFoundException: Username: sdfds not present]
2020-01-21 16:36:10,226 WARN org.springframework.web.servlet.handler.AbstractHandlerExceptionResolver [http-nio-8082-exec-3] Resolved [org.springframework.web.server.ResponseStatusException: 404 NOT_FOUND "Can't perform action."; nested exception is javax.persistence.EntityNotFoundException: Username: NONE_PROVIDED not present]
2020-01-21 16:38:02,474 WARN org.springframework.web.servlet.handler.AbstractHandlerExceptionResolver [http-nio-8082-exec-5] Resolved [org.springframework.web.server.ResponseStatusException: 404 NOT_FOUND "Can't perform action."; nested exception is javax.persistence.EntityNotFoundException: Username: NONE_PROVIDED not present]
2020-01-21 16:40:44,472 WARN org.springframework.web.servlet.handler.AbstractHandlerExceptionResolver [http-nio-8082-exec-6] Resolved [org.springframework.web.server.ResponseStatusException: 404 NOT_FOUND "Can't perform action."; nested exception is javax.persistence.EntityNotFoundException: Username: NONE_PROVIDED not present]
2020-01-21 16:43:59,521 WARN org.springframework.web.servlet.handler.AbstractHandlerExceptionResolver [http-nio-8082-exec-8] Resolved [org.springframework.web.server.ResponseStatusException: 404 NOT_FOUND "Can't perform action."; nested exception is javax.persistence.EntityNotFoundException: Username: NONE_PROVIDED not present]
2020-01-21 16:45:00,543 WARN org.springframework.web.servlet.handler.AbstractHandlerExceptionResolver [http-nio-8082-exec-10] Resolved [org.springframework.web.server.ResponseStatusException: 404 NOT_FOUND "Can't perform action."; nested exception is javax.persistence.EntityNotFoundException: Username: NONE_PROVIDED not present]
