2020-02-05 12:40:45,727 INFO org.springframework.scheduling.concurrent.ExecutorConfigurationSupport [Thread-14] Shutting down ExecutorService 'applicationTaskExecutor'
2020-02-05 12:40:46,094 INFO org.springframework.boot.StartupInfoLogger [restartedMain] Starting AuthServerApplication on ubuntu-pc with PID 8410 (/media/rajan/HardDrive/project/repo/apps/auth-server/target/classes started by rajan in /media/rajan/HardDrive/project/repo/apps/auth-server)
2020-02-05 12:40:46,095 DEBUG org.springframework.boot.StartupInfoLogger [restartedMain] Running with Spring Boot v2.2.4.RELEASE, Spring v5.2.3.RELEASE
2020-02-05 12:40:46,101 INFO org.springframework.boot.SpringApplication [restartedMain] No active profile set, falling back to default profiles: default
2020-02-05 12:40:47,251 INFO org.springframework.boot.web.embedded.tomcat.TomcatWebServer [restartedMain] Tomcat initialized with port(s): 8081 (http)
2020-02-05 12:40:47,253 INFO org.apache.juli.logging.DirectJDKLog [restartedMain] Initializing ProtocolHandler ["http-nio-8081"]
2020-02-05 12:40:47,254 INFO org.apache.juli.logging.DirectJDKLog [restartedMain] Starting service [Tomcat]
2020-02-05 12:40:47,255 INFO org.apache.juli.logging.DirectJDKLog [restartedMain] Starting Servlet engine: [Apache Tomcat/9.0.30]
2020-02-05 12:40:47,285 INFO org.apache.juli.logging.DirectJDKLog [restartedMain] Initializing Spring embedded WebApplicationContext
2020-02-05 12:40:47,288 INFO org.springframework.boot.web.servlet.context.ServletWebServerApplicationContext [restartedMain] Root WebApplicationContext: initialization completed in 1171 ms
2020-02-05 12:40:47,501 INFO org.springframework.security.web.DefaultSecurityFilterChain [restartedMain] Creating filter chain: any request, [org.springframework.security.web.context.request.async.WebAsyncManagerIntegrationFilter@4167b87d, org.springframework.security.web.context.SecurityContextPersistenceFilter@74065975, org.springframework.security.web.header.HeaderWriterFilter@1e57335f, org.springframework.security.web.csrf.CsrfFilter@50e6ea83, org.springframework.security.web.authentication.logout.LogoutFilter@242c2e56, org.springframework.security.oauth2.client.web.OAuth2AuthorizationRequestRedirectFilter@50c1f175, org.springframework.security.oauth2.client.web.OAuth2LoginAuthenticationFilter@59f1f416, org.springframework.security.web.savedrequest.RequestCacheAwareFilter@4e4e6ffa, org.springframework.security.web.servletapi.SecurityContextHolderAwareRequestFilter@69a460a7, org.springframework.security.web.authentication.AnonymousAuthenticationFilter@427ea2b5, org.springframework.security.web.session.SessionManagementFilter@13530b6e, org.springframework.security.web.access.ExceptionTranslationFilter@39606245, org.springframework.security.web.access.intercept.FilterSecurityInterceptor@4cd9e86c]
2020-02-05 12:40:47,629 INFO org.springframework.scheduling.concurrent.ExecutorConfigurationSupport [restartedMain] Initializing ExecutorService 'applicationTaskExecutor'
2020-02-05 12:40:47,717 INFO org.springframework.boot.devtools.autoconfigure.OptionalLiveReloadServer [restartedMain] LiveReload server is running on port 35729
2020-02-05 12:40:47,744 INFO org.apache.juli.logging.DirectJDKLog [restartedMain] Starting ProtocolHandler ["http-nio-8081"]
2020-02-05 12:40:47,815 INFO org.springframework.boot.web.embedded.tomcat.TomcatWebServer [restartedMain] Tomcat started on port(s): 8081 (http) with context path '/auth'
2020-02-05 12:40:47,816 INFO org.springframework.boot.StartupInfoLogger [restartedMain] Started AuthServerApplication in 1.818 seconds (JVM running for 3813.741)
2020-02-05 12:40:47,819 INFO org.springframework.boot.devtools.autoconfigure.ConditionEvaluationDeltaLoggingListener [restartedMain] Condition evaluation unchanged
2020-02-05 12:41:57,338 INFO org.springframework.scheduling.concurrent.ExecutorConfigurationSupport [Thread-19] Shutting down ExecutorService 'applicationTaskExecutor'
2020-02-05 12:41:57,734 INFO org.springframework.boot.StartupInfoLogger [restartedMain] Starting AuthServerApplication on ubuntu-pc with PID 8410 (/media/rajan/HardDrive/project/repo/apps/auth-server/target/classes started by rajan in /media/rajan/HardDrive/project/repo/apps/auth-server)
2020-02-05 12:41:57,736 DEBUG org.springframework.boot.StartupInfoLogger [restartedMain] Running with Spring Boot v2.2.4.RELEASE, Spring v5.2.3.RELEASE
2020-02-05 12:41:57,738 INFO org.springframework.boot.SpringApplication [restartedMain] No active profile set, falling back to default profiles: default
2020-02-05 12:41:58,659 INFO org.springframework.boot.web.embedded.tomcat.TomcatWebServer [restartedMain] Tomcat initialized with port(s): 8081 (http)
2020-02-05 12:41:58,662 INFO org.apache.juli.logging.DirectJDKLog [restartedMain] Initializing ProtocolHandler ["http-nio-8081"]
2020-02-05 12:41:58,663 INFO org.apache.juli.logging.DirectJDKLog [restartedMain] Starting service [Tomcat]
2020-02-05 12:41:58,663 INFO org.apache.juli.logging.DirectJDKLog [restartedMain] Starting Servlet engine: [Apache Tomcat/9.0.30]
2020-02-05 12:41:58,673 INFO org.apache.juli.logging.DirectJDKLog [restartedMain] Initializing Spring embedded WebApplicationContext
2020-02-05 12:41:58,673 INFO org.springframework.boot.web.servlet.context.ServletWebServerApplicationContext [restartedMain] Root WebApplicationContext: initialization completed in 921 ms
2020-02-05 12:41:58,843 INFO org.springframework.security.web.DefaultSecurityFilterChain [restartedMain] Creating filter chain: any request, [org.springframework.security.web.context.request.async.WebAsyncManagerIntegrationFilter@4e8d5c24, org.springframework.security.web.context.SecurityContextPersistenceFilter@6fab0f18, org.springframework.security.web.header.HeaderWriterFilter@756d2585, org.springframework.security.web.csrf.CsrfFilter@3c0c5062, org.springframework.security.web.authentication.logout.LogoutFilter@dbdf53f, org.springframework.security.oauth2.client.web.OAuth2AuthorizationRequestRedirectFilter@75427990, org.springframework.security.oauth2.client.web.OAuth2LoginAuthenticationFilter@1393886f, org.springframework.security.web.savedrequest.RequestCacheAwareFilter@412915db, org.springframework.security.web.servletapi.SecurityContextHolderAwareRequestFilter@5d745176, org.springframework.security.web.authentication.AnonymousAuthenticationFilter@417052c3, org.springframework.security.web.session.SessionManagementFilter@317ad615, org.springframework.security.web.access.ExceptionTranslationFilter@834c31d, org.springframework.security.web.access.intercept.FilterSecurityInterceptor@6c1c7dd3]
2020-02-05 12:41:58,931 INFO org.springframework.scheduling.concurrent.ExecutorConfigurationSupport [restartedMain] Initializing ExecutorService 'applicationTaskExecutor'
2020-02-05 12:41:58,997 INFO org.springframework.boot.devtools.autoconfigure.OptionalLiveReloadServer [restartedMain] LiveReload server is running on port 35729
2020-02-05 12:41:59,013 INFO org.apache.juli.logging.DirectJDKLog [restartedMain] Starting ProtocolHandler ["http-nio-8081"]
2020-02-05 12:41:59,073 INFO org.springframework.boot.web.embedded.tomcat.TomcatWebServer [restartedMain] Tomcat started on port(s): 8081 (http) with context path '/auth'
2020-02-05 12:41:59,074 INFO org.springframework.boot.StartupInfoLogger [restartedMain] Started AuthServerApplication in 1.448 seconds (JVM running for 3884.999)
2020-02-05 12:41:59,077 INFO org.springframework.boot.devtools.autoconfigure.ConditionEvaluationDeltaLoggingListener [restartedMain] Condition evaluation unchanged
2020-02-05 12:42:18,473 INFO org.springframework.scheduling.concurrent.ExecutorConfigurationSupport [Thread-24] Shutting down ExecutorService 'applicationTaskExecutor'
2020-02-05 12:42:18,786 INFO org.springframework.boot.StartupInfoLogger [restartedMain] Starting AuthServerApplication on ubuntu-pc with PID 8410 (/media/rajan/HardDrive/project/repo/apps/auth-server/target/classes started by rajan in /media/rajan/HardDrive/project/repo/apps/auth-server)
2020-02-05 12:42:18,787 DEBUG org.springframework.boot.StartupInfoLogger [restartedMain] Running with Spring Boot v2.2.4.RELEASE, Spring v5.2.3.RELEASE
2020-02-05 12:42:18,787 INFO org.springframework.boot.SpringApplication [restartedMain] No active profile set, falling back to default profiles: default
2020-02-05 12:42:19,569 INFO org.springframework.boot.web.embedded.tomcat.TomcatWebServer [restartedMain] Tomcat initialized with port(s): 8081 (http)
2020-02-05 12:42:19,574 INFO org.apache.juli.logging.DirectJDKLog [restartedMain] Initializing ProtocolHandler ["http-nio-8081"]
2020-02-05 12:42:19,580 INFO org.apache.juli.logging.DirectJDKLog [restartedMain] Starting service [Tomcat]
2020-02-05 12:42:19,583 INFO org.apache.juli.logging.DirectJDKLog [restartedMain] Starting Servlet engine: [Apache Tomcat/9.0.30]
2020-02-05 12:42:19,609 INFO org.apache.juli.logging.DirectJDKLog [restartedMain] Initializing Spring embedded WebApplicationContext
2020-02-05 12:42:19,610 INFO org.springframework.boot.web.servlet.context.ServletWebServerApplicationContext [restartedMain] Root WebApplicationContext: initialization completed in 810 ms
2020-02-05 12:42:19,794 INFO org.springframework.security.web.DefaultSecurityFilterChain [restartedMain] Creating filter chain: any request, [org.springframework.security.web.context.request.async.WebAsyncManagerIntegrationFilter@78262b1e, org.springframework.security.web.context.SecurityContextPersistenceFilter@fe4b277, org.springframework.security.web.header.HeaderWriterFilter@2f30ce0e, org.springframework.security.web.csrf.CsrfFilter@788a032, org.springframework.security.web.authentication.logout.LogoutFilter@5ee8fbd6, org.springframework.security.oauth2.client.web.OAuth2AuthorizationRequestRedirectFilter@402813ec, org.springframework.security.oauth2.client.web.OAuth2LoginAuthenticationFilter@2d33dc48, org.springframework.security.web.savedrequest.RequestCacheAwareFilter@6850c8e2, org.springframework.security.web.servletapi.SecurityContextHolderAwareRequestFilter@41b93b58, org.springframework.security.web.authentication.AnonymousAuthenticationFilter@4ff22cb4, org.springframework.security.web.session.SessionManagementFilter@4d2f02d0, org.springframework.security.web.access.ExceptionTranslationFilter@4ad5a0c1, org.springframework.security.web.access.intercept.FilterSecurityInterceptor@79f9c345]
2020-02-05 12:42:19,903 INFO org.springframework.scheduling.concurrent.ExecutorConfigurationSupport [restartedMain] Initializing ExecutorService 'applicationTaskExecutor'
2020-02-05 12:42:19,986 INFO org.springframework.boot.devtools.autoconfigure.OptionalLiveReloadServer [restartedMain] LiveReload server is running on port 35729
2020-02-05 12:42:20,009 INFO org.apache.juli.logging.DirectJDKLog [restartedMain] Starting ProtocolHandler ["http-nio-8081"]
2020-02-05 12:42:20,042 INFO org.springframework.boot.web.embedded.tomcat.TomcatWebServer [restartedMain] Tomcat started on port(s): 8081 (http) with context path '/auth'
2020-02-05 12:42:20,044 INFO org.springframework.boot.StartupInfoLogger [restartedMain] Started AuthServerApplication in 1.351 seconds (JVM running for 3905.968)
2020-02-05 12:42:20,046 INFO org.springframework.boot.devtools.autoconfigure.ConditionEvaluationDeltaLoggingListener [restartedMain] Condition evaluation unchanged
2020-02-05 12:57:31,854 INFO org.springframework.boot.StartupInfoLogger [restartedMain] Starting AuthServerApplication on ubuntu-pc with PID 12123 (/media/rajan/HardDrive/project/repo/apps/auth-server/target/classes started by rajan in /media/rajan/HardDrive/project/repo/apps/auth-server)
2020-02-05 12:57:31,874 DEBUG org.springframework.boot.StartupInfoLogger [restartedMain] Running with Spring Boot v2.2.4.RELEASE, Spring v5.2.3.RELEASE
2020-02-05 12:57:31,878 INFO org.springframework.boot.SpringApplication [restartedMain] No active profile set, falling back to default profiles: default
2020-02-05 12:57:32,271 INFO org.springframework.boot.logging.DeferredLog [restartedMain] The Class-Path manifest attribute in /home/rajan/.m2/repository/org/glassfish/jaxb/jaxb-runtime/2.3.2/jaxb-runtime-2.3.2.jar referenced one or more files that do not exist: file:/home/rajan/.m2/repository/org/glassfish/jaxb/jaxb-runtime/2.3.2/jakarta.xml.bind-api-2.3.2.jar,file:/home/rajan/.m2/repository/org/glassfish/jaxb/jaxb-runtime/2.3.2/txw2-2.3.2.jar,file:/home/rajan/.m2/repository/org/glassfish/jaxb/jaxb-runtime/2.3.2/istack-commons-runtime-3.0.8.jar,file:/home/rajan/.m2/repository/org/glassfish/jaxb/jaxb-runtime/2.3.2/stax-ex-1.8.1.jar,file:/home/rajan/.m2/repository/org/glassfish/jaxb/jaxb-runtime/2.3.2/FastInfoset-1.2.16.jar,file:/home/rajan/.m2/repository/org/glassfish/jaxb/jaxb-runtime/2.3.2/jakarta.activation-api-1.2.1.jar
2020-02-05 12:57:32,273 INFO org.springframework.boot.logging.DeferredLog [restartedMain] Devtools property defaults active! Set 'spring.devtools.add-properties' to 'false' to disable
2020-02-05 12:57:32,275 INFO org.springframework.boot.logging.DeferredLog [restartedMain] For additional web related logging consider setting the 'logging.level.web' property to 'DEBUG'
2020-02-05 12:57:37,639 INFO org.springframework.boot.web.embedded.tomcat.TomcatWebServer [restartedMain] Tomcat initialized with port(s): 8081 (http)
2020-02-05 12:57:37,675 INFO org.apache.juli.logging.DirectJDKLog [restartedMain] Initializing ProtocolHandler ["http-nio-8081"]
2020-02-05 12:57:37,677 INFO org.apache.juli.logging.DirectJDKLog [restartedMain] Starting service [Tomcat]
2020-02-05 12:57:37,678 INFO org.apache.juli.logging.DirectJDKLog [restartedMain] Starting Servlet engine: [Apache Tomcat/9.0.30]
2020-02-05 12:57:37,865 INFO org.apache.juli.logging.DirectJDKLog [restartedMain] Initializing Spring embedded WebApplicationContext
2020-02-05 12:57:37,866 INFO org.springframework.boot.web.servlet.context.ServletWebServerApplicationContext [restartedMain] Root WebApplicationContext: initialization completed in 5583 ms
2020-02-05 12:57:39,215 INFO org.springframework.security.web.DefaultSecurityFilterChain [restartedMain] Creating filter chain: any request, [org.springframework.security.web.context.request.async.WebAsyncManagerIntegrationFilter@600463f3, org.springframework.security.web.context.SecurityContextPersistenceFilter@51af84c6, org.springframework.security.web.header.HeaderWriterFilter@2b8f8f8d, org.springframework.security.web.csrf.CsrfFilter@1e412d88, org.springframework.security.web.authentication.logout.LogoutFilter@4c58528d, org.springframework.security.oauth2.client.web.OAuth2AuthorizationRequestRedirectFilter@3b218af1, org.springframework.security.oauth2.client.web.OAuth2LoginAuthenticationFilter@334a489e, org.springframework.security.web.savedrequest.RequestCacheAwareFilter@1220d7fb, org.springframework.security.web.servletapi.SecurityContextHolderAwareRequestFilter@11c8364a, org.springframework.security.web.authentication.AnonymousAuthenticationFilter@55df4827, org.springframework.security.web.session.SessionManagementFilter@4d0f6982, org.springframework.security.web.access.ExceptionTranslationFilter@367aa3b9, org.springframework.security.web.access.intercept.FilterSecurityInterceptor@12230c06]
2020-02-05 12:57:39,488 INFO org.springframework.scheduling.concurrent.ExecutorConfigurationSupport [restartedMain] Initializing ExecutorService 'applicationTaskExecutor'
2020-02-05 12:57:39,823 INFO org.springframework.boot.devtools.autoconfigure.OptionalLiveReloadServer [restartedMain] LiveReload server is running on port 35729
2020-02-05 12:57:39,874 INFO org.apache.juli.logging.DirectJDKLog [restartedMain] Starting ProtocolHandler ["http-nio-8081"]
2020-02-05 12:57:39,977 INFO org.springframework.boot.web.embedded.tomcat.TomcatWebServer [restartedMain] Tomcat started on port(s): 8081 (http) with context path '/auth'
2020-02-05 12:57:39,985 INFO org.springframework.boot.StartupInfoLogger [restartedMain] Started AuthServerApplication in 10.066 seconds (JVM running for 12.302)
2020-02-05 12:58:47,550 INFO org.apache.juli.logging.DirectJDKLog [http-nio-8081-exec-1] Initializing Spring DispatcherServlet 'dispatcherServlet'
2020-02-05 12:58:47,550 INFO org.springframework.web.servlet.FrameworkServlet [http-nio-8081-exec-1] Initializing Servlet 'dispatcherServlet'
2020-02-05 12:58:47,582 INFO org.springframework.web.servlet.FrameworkServlet [http-nio-8081-exec-1] Completed initialization in 30 ms
2020-02-05 12:58:53,789 DEBUG com.auth.provider.UserPrincipal [http-nio-8081-exec-2] Default Constructor Called!
2020-02-05 12:58:53,861 DEBUG com.auth.controller.OAuth2Controller [http-nio-8081-exec-2] User Authorized: Provider: com.auth.provider.UserPrincipal@465d4bbb, github
2020-02-05 12:58:53,864 DEBUG com.auth.controller.OAuth2Controller [http-nio-8081-exec-2] null, null, null
2020-02-05 12:59:22,567 INFO org.springframework.scheduling.concurrent.ExecutorConfigurationSupport [Thread-6] Shutting down ExecutorService 'applicationTaskExecutor'
2020-02-05 12:59:23,150 INFO org.springframework.boot.StartupInfoLogger [restartedMain] Starting AuthServerApplication on ubuntu-pc with PID 12123 (/media/rajan/HardDrive/project/repo/apps/auth-server/target/classes started by rajan in /media/rajan/HardDrive/project/repo/apps/auth-server)
2020-02-05 12:59:23,151 DEBUG org.springframework.boot.StartupInfoLogger [restartedMain] Running with Spring Boot v2.2.4.RELEASE, Spring v5.2.3.RELEASE
2020-02-05 12:59:23,152 INFO org.springframework.boot.SpringApplication [restartedMain] No active profile set, falling back to default profiles: default
2020-02-05 12:59:24,249 INFO org.springframework.boot.web.embedded.tomcat.TomcatWebServer [restartedMain] Tomcat initialized with port(s): 8081 (http)
2020-02-05 12:59:24,254 INFO org.apache.juli.logging.DirectJDKLog [restartedMain] Initializing ProtocolHandler ["http-nio-8081"]
2020-02-05 12:59:24,256 INFO org.apache.juli.logging.DirectJDKLog [restartedMain] Starting service [Tomcat]
2020-02-05 12:59:24,257 INFO org.apache.juli.logging.DirectJDKLog [restartedMain] Starting Servlet engine: [Apache Tomcat/9.0.30]
2020-02-05 12:59:24,272 INFO org.apache.juli.logging.DirectJDKLog [restartedMain] Initializing Spring embedded WebApplicationContext
2020-02-05 12:59:24,273 INFO org.springframework.boot.web.servlet.context.ServletWebServerApplicationContext [restartedMain] Root WebApplicationContext: initialization completed in 1108 ms
2020-02-05 12:59:24,503 INFO org.springframework.security.web.DefaultSecurityFilterChain [restartedMain] Creating filter chain: any request, [org.springframework.security.web.context.request.async.WebAsyncManagerIntegrationFilter@6f4efa92, org.springframework.security.web.context.SecurityContextPersistenceFilter@1f19e14b, org.springframework.security.web.header.HeaderWriterFilter@19802c70, org.springframework.security.web.csrf.CsrfFilter@46254eaf, org.springframework.security.web.authentication.logout.LogoutFilter@19a9be84, org.springframework.security.oauth2.client.web.OAuth2AuthorizationRequestRedirectFilter@3c734165, org.springframework.security.oauth2.client.web.OAuth2LoginAuthenticationFilter@662be00e, org.springframework.security.web.savedrequest.RequestCacheAwareFilter@ea60017, org.springframework.security.web.servletapi.SecurityContextHolderAwareRequestFilter@165d4e1f, org.springframework.security.web.authentication.AnonymousAuthenticationFilter@7c624114, org.springframework.security.web.session.SessionManagementFilter@732589b6, org.springframework.security.web.access.ExceptionTranslationFilter@5f09d4f3, org.springframework.security.web.access.intercept.FilterSecurityInterceptor@16f0b9e6]
2020-02-05 12:59:24,631 INFO org.springframework.scheduling.concurrent.ExecutorConfigurationSupport [restartedMain] Initializing ExecutorService 'applicationTaskExecutor'
2020-02-05 12:59:24,736 INFO org.springframework.boot.devtools.autoconfigure.OptionalLiveReloadServer [restartedMain] LiveReload server is running on port 35729
2020-02-05 12:59:24,769 INFO org.apache.juli.logging.DirectJDKLog [restartedMain] Starting ProtocolHandler ["http-nio-8081"]
2020-02-05 12:59:24,819 INFO org.springframework.boot.web.embedded.tomcat.TomcatWebServer [restartedMain] Tomcat started on port(s): 8081 (http) with context path '/auth'
2020-02-05 12:59:24,822 INFO org.springframework.boot.StartupInfoLogger [restartedMain] Started AuthServerApplication in 1.787 seconds (JVM running for 117.139)
2020-02-05 12:59:24,828 INFO org.springframework.boot.devtools.autoconfigure.ConditionEvaluationDeltaLoggingListener [restartedMain] Condition evaluation unchanged
2020-02-05 13:00:35,410 INFO org.apache.juli.logging.DirectJDKLog [http-nio-8081-exec-1] Initializing Spring DispatcherServlet 'dispatcherServlet'
2020-02-05 13:00:35,411 INFO org.springframework.web.servlet.FrameworkServlet [http-nio-8081-exec-1] Initializing Servlet 'dispatcherServlet'
2020-02-05 13:00:35,424 INFO org.springframework.web.servlet.FrameworkServlet [http-nio-8081-exec-1] Completed initialization in 12 ms
2020-02-05 13:00:36,398 DEBUG com.auth.provider.UserPrincipal [http-nio-8081-exec-2] Default Constructor Called!
2020-02-05 13:00:36,434 DEBUG com.auth.controller.OAuth2Controller [http-nio-8081-exec-2] User Authorized: Provider: com.auth.provider.UserPrincipal@292c92cc, github
2020-02-05 13:00:36,435 DEBUG com.auth.controller.OAuth2Controller [http-nio-8081-exec-2] null, null, null
2020-02-05 13:00:51,431 INFO org.springframework.scheduling.concurrent.ExecutorConfigurationSupport [Thread-9] Shutting down ExecutorService 'applicationTaskExecutor'
2020-02-05 13:00:51,769 INFO org.springframework.boot.StartupInfoLogger [restartedMain] Starting AuthServerApplication on ubuntu-pc with PID 12123 (/media/rajan/HardDrive/project/repo/apps/auth-server/target/classes started by rajan in /media/rajan/HardDrive/project/repo/apps/auth-server)
2020-02-05 13:00:51,769 DEBUG org.springframework.boot.StartupInfoLogger [restartedMain] Running with Spring Boot v2.2.4.RELEASE, Spring v5.2.3.RELEASE
2020-02-05 13:00:51,770 INFO org.springframework.boot.SpringApplication [restartedMain] No active profile set, falling back to default profiles: default
2020-02-05 13:00:52,782 INFO org.springframework.boot.web.embedded.tomcat.TomcatWebServer [restartedMain] Tomcat initialized with port(s): 8081 (http)
2020-02-05 13:00:52,784 INFO org.apache.juli.logging.DirectJDKLog [restartedMain] Initializing ProtocolHandler ["http-nio-8081"]
2020-02-05 13:00:52,784 INFO org.apache.juli.logging.DirectJDKLog [restartedMain] Starting service [Tomcat]
2020-02-05 13:00:52,785 INFO org.apache.juli.logging.DirectJDKLog [restartedMain] Starting Servlet engine: [Apache Tomcat/9.0.30]
2020-02-05 13:00:52,809 INFO org.apache.juli.logging.DirectJDKLog [restartedMain] Initializing Spring embedded WebApplicationContext
2020-02-05 13:00:52,812 INFO org.springframework.boot.web.servlet.context.ServletWebServerApplicationContext [restartedMain] Root WebApplicationContext: initialization completed in 1027 ms
2020-02-05 13:00:53,020 INFO org.springframework.security.web.DefaultSecurityFilterChain [restartedMain] Creating filter chain: any request, [org.springframework.security.web.context.request.async.WebAsyncManagerIntegrationFilter@5b876fc0, org.springframework.security.web.context.SecurityContextPersistenceFilter@1a79882b, org.springframework.security.web.header.HeaderWriterFilter@4ba3e76d, org.springframework.security.web.csrf.CsrfFilter@185aabca, org.springframework.security.web.authentication.logout.LogoutFilter@44fb6e1, org.springframework.security.oauth2.client.web.OAuth2AuthorizationRequestRedirectFilter@5a520ef9, org.springframework.security.oauth2.client.web.OAuth2LoginAuthenticationFilter@3d58c6e4, org.springframework.security.web.savedrequest.RequestCacheAwareFilter@52668b44, org.springframework.security.web.servletapi.SecurityContextHolderAwareRequestFilter@62a86ea, org.springframework.security.web.authentication.AnonymousAuthenticationFilter@4e7022c3, org.springframework.security.web.session.SessionManagementFilter@57306dfc, org.springframework.security.web.access.ExceptionTranslationFilter@2bac7f67, org.springframework.security.web.access.intercept.FilterSecurityInterceptor@11809c57]
2020-02-05 13:00:53,146 INFO org.springframework.scheduling.concurrent.ExecutorConfigurationSupport [restartedMain] Initializing ExecutorService 'applicationTaskExecutor'
2020-02-05 13:00:53,244 INFO org.springframework.boot.devtools.autoconfigure.OptionalLiveReloadServer [restartedMain] LiveReload server is running on port 35729
2020-02-05 13:00:53,266 INFO org.apache.juli.logging.DirectJDKLog [restartedMain] Starting ProtocolHandler ["http-nio-8081"]
2020-02-05 13:00:53,331 INFO org.springframework.boot.web.embedded.tomcat.TomcatWebServer [restartedMain] Tomcat started on port(s): 8081 (http) with context path '/auth'
2020-02-05 13:00:53,332 INFO org.springframework.boot.StartupInfoLogger [restartedMain] Started AuthServerApplication in 1.673 seconds (JVM running for 205.649)
2020-02-05 13:00:53,334 INFO org.springframework.boot.devtools.autoconfigure.ConditionEvaluationDeltaLoggingListener [restartedMain] Condition evaluation unchanged
2020-02-05 13:00:58,095 INFO org.apache.juli.logging.DirectJDKLog [http-nio-8081-exec-1] Initializing Spring DispatcherServlet 'dispatcherServlet'
2020-02-05 13:00:58,097 INFO org.springframework.web.servlet.FrameworkServlet [http-nio-8081-exec-1] Initializing Servlet 'dispatcherServlet'
2020-02-05 13:00:58,110 INFO org.springframework.web.servlet.FrameworkServlet [http-nio-8081-exec-1] Completed initialization in 13 ms
2020-02-05 13:00:58,552 DEBUG com.auth.provider.UserPrincipal [http-nio-8081-exec-2] Default Constructor Called!
2020-02-05 13:00:58,584 DEBUG com.auth.controller.OAuth2Controller [http-nio-8081-exec-2] User Authorized: Provider: com.auth.provider.UserPrincipal@79a8cc9, github
2020-02-05 13:00:58,584 DEBUG com.auth.controller.OAuth2Controller [http-nio-8081-exec-2] null, null, null
2020-02-05 13:07:58,919 INFO org.springframework.scheduling.concurrent.ExecutorConfigurationSupport [Thread-14] Shutting down ExecutorService 'applicationTaskExecutor'
2020-02-05 13:07:59,329 INFO org.springframework.boot.StartupInfoLogger [restartedMain] Starting AuthServerApplication on ubuntu-pc with PID 12123 (/media/rajan/HardDrive/project/repo/apps/auth-server/target/classes started by rajan in /media/rajan/HardDrive/project/repo/apps/auth-server)
2020-02-05 13:07:59,330 DEBUG org.springframework.boot.StartupInfoLogger [restartedMain] Running with Spring Boot v2.2.4.RELEASE, Spring v5.2.3.RELEASE
2020-02-05 13:07:59,331 INFO org.springframework.boot.SpringApplication [restartedMain] No active profile set, falling back to default profiles: default
2020-02-05 13:08:00,262 INFO org.springframework.boot.web.embedded.tomcat.TomcatWebServer [restartedMain] Tomcat initialized with port(s): 8081 (http)
2020-02-05 13:08:00,265 INFO org.apache.juli.logging.DirectJDKLog [restartedMain] Initializing ProtocolHandler ["http-nio-8081"]
2020-02-05 13:08:00,266 INFO org.apache.juli.logging.DirectJDKLog [restartedMain] Starting service [Tomcat]
2020-02-05 13:08:00,266 INFO org.apache.juli.logging.DirectJDKLog [restartedMain] Starting Servlet engine: [Apache Tomcat/9.0.30]
2020-02-05 13:08:00,276 INFO org.apache.juli.logging.DirectJDKLog [restartedMain] Initializing Spring embedded WebApplicationContext
2020-02-05 13:08:00,277 INFO org.springframework.boot.web.servlet.context.ServletWebServerApplicationContext [restartedMain] Root WebApplicationContext: initialization completed in 936 ms
2020-02-05 13:08:00,480 INFO org.springframework.security.web.DefaultSecurityFilterChain [restartedMain] Creating filter chain: any request, [org.springframework.security.web.context.request.async.WebAsyncManagerIntegrationFilter@1ba4ab63, org.springframework.security.web.context.SecurityContextPersistenceFilter@12eb8532, org.springframework.security.web.header.HeaderWriterFilter@6ebc50aa, org.springframework.security.web.csrf.CsrfFilter@34f6bbd9, org.springframework.security.web.authentication.logout.LogoutFilter@69e8ede7, org.springframework.security.oauth2.client.web.OAuth2AuthorizationRequestRedirectFilter@738e36a, org.springframework.security.oauth2.client.web.OAuth2LoginAuthenticationFilter@122f12c4, org.springframework.security.web.savedrequest.RequestCacheAwareFilter@2e716f2c, org.springframework.security.web.servletapi.SecurityContextHolderAwareRequestFilter@22c44348, org.springframework.security.web.authentication.AnonymousAuthenticationFilter@76b92255, org.springframework.security.web.session.SessionManagementFilter@13c2cce0, org.springframework.security.web.access.ExceptionTranslationFilter@916b61d, org.springframework.security.web.access.intercept.FilterSecurityInterceptor@64a12a28]
2020-02-05 13:08:00,594 INFO org.springframework.scheduling.concurrent.ExecutorConfigurationSupport [restartedMain] Initializing ExecutorService 'applicationTaskExecutor'
2020-02-05 13:08:00,708 INFO org.springframework.boot.devtools.autoconfigure.OptionalLiveReloadServer [restartedMain] LiveReload server is running on port 35729
2020-02-05 13:08:00,730 INFO org.apache.juli.logging.DirectJDKLog [restartedMain] Starting ProtocolHandler ["http-nio-8081"]
2020-02-05 13:08:00,766 INFO org.springframework.boot.web.embedded.tomcat.TomcatWebServer [restartedMain] Tomcat started on port(s): 8081 (http) with context path '/auth'
2020-02-05 13:08:00,770 INFO org.springframework.boot.StartupInfoLogger [restartedMain] Started AuthServerApplication in 1.553 seconds (JVM running for 633.087)
2020-02-05 13:08:00,772 INFO org.springframework.boot.devtools.autoconfigure.ConditionEvaluationDeltaLoggingListener [restartedMain] Condition evaluation unchanged
2020-02-05 20:19:21,180 INFO org.springframework.boot.StartupInfoLogger [restartedMain] Starting AuthServerApplication on ubuntu-pc with PID 3814 (/media/rajan/HardDrive/project/repo/apps/auth-server/target/classes started by rajan in /media/rajan/HardDrive/project/repo/apps/auth-server)
2020-02-05 20:19:21,761 DEBUG org.springframework.boot.StartupInfoLogger [restartedMain] Running with Spring Boot v2.2.4.RELEASE, Spring v5.2.3.RELEASE
2020-02-05 20:19:21,764 INFO org.springframework.boot.SpringApplication [restartedMain] No active profile set, falling back to default profiles: default
2020-02-05 20:19:21,975 INFO org.springframework.boot.logging.DeferredLog [restartedMain] The Class-Path manifest attribute in /home/rajan/.m2/repository/org/glassfish/jaxb/jaxb-runtime/2.3.2/jaxb-runtime-2.3.2.jar referenced one or more files that do not exist: file:/home/rajan/.m2/repository/org/glassfish/jaxb/jaxb-runtime/2.3.2/jakarta.xml.bind-api-2.3.2.jar,file:/home/rajan/.m2/repository/org/glassfish/jaxb/jaxb-runtime/2.3.2/txw2-2.3.2.jar,file:/home/rajan/.m2/repository/org/glassfish/jaxb/jaxb-runtime/2.3.2/istack-commons-runtime-3.0.8.jar,file:/home/rajan/.m2/repository/org/glassfish/jaxb/jaxb-runtime/2.3.2/stax-ex-1.8.1.jar,file:/home/rajan/.m2/repository/org/glassfish/jaxb/jaxb-runtime/2.3.2/FastInfoset-1.2.16.jar,file:/home/rajan/.m2/repository/org/glassfish/jaxb/jaxb-runtime/2.3.2/jakarta.activation-api-1.2.1.jar
2020-02-05 20:19:21,977 INFO org.springframework.boot.logging.DeferredLog [restartedMain] Devtools property defaults active! Set 'spring.devtools.add-properties' to 'false' to disable
2020-02-05 20:19:21,977 INFO org.springframework.boot.logging.DeferredLog [restartedMain] For additional web related logging consider setting the 'logging.level.web' property to 'DEBUG'
2020-02-05 20:19:26,012 INFO org.springframework.boot.web.embedded.tomcat.TomcatWebServer [restartedMain] Tomcat initialized with port(s): 8081 (http)
2020-02-05 20:19:26,048 INFO org.apache.juli.logging.DirectJDKLog [restartedMain] Initializing ProtocolHandler ["http-nio-8081"]
2020-02-05 20:19:26,050 INFO org.apache.juli.logging.DirectJDKLog [restartedMain] Starting service [Tomcat]
2020-02-05 20:19:26,051 INFO org.apache.juli.logging.DirectJDKLog [restartedMain] Starting Servlet engine: [Apache Tomcat/9.0.30]
2020-02-05 20:19:26,256 INFO org.apache.juli.logging.DirectJDKLog [restartedMain] Initializing Spring embedded WebApplicationContext
2020-02-05 20:19:26,258 INFO org.springframework.boot.web.servlet.context.ServletWebServerApplicationContext [restartedMain] Root WebApplicationContext: initialization completed in 4279 ms
2020-02-05 20:19:27,437 INFO org.springframework.security.web.DefaultSecurityFilterChain [restartedMain] Creating filter chain: any request, [org.springframework.security.web.context.request.async.WebAsyncManagerIntegrationFilter@69380c41, org.springframework.security.web.context.SecurityContextPersistenceFilter@75ad8894, org.springframework.security.web.header.HeaderWriterFilter@796111d4, org.springframework.security.web.csrf.CsrfFilter@54b9ce96, org.springframework.security.web.authentication.logout.LogoutFilter@1440596, org.springframework.security.oauth2.client.web.OAuth2AuthorizationRequestRedirectFilter@65753c9e, org.springframework.security.oauth2.client.web.OAuth2LoginAuthenticationFilter@15779b8c, org.springframework.security.web.savedrequest.RequestCacheAwareFilter@5d0ab18a, org.springframework.security.web.servletapi.SecurityContextHolderAwareRequestFilter@42618378, org.springframework.security.web.authentication.AnonymousAuthenticationFilter@6e53855, org.springframework.security.web.session.SessionManagementFilter@742fd23a, org.springframework.security.web.access.ExceptionTranslationFilter@1c8e5f1f, org.springframework.security.web.access.intercept.FilterSecurityInterceptor@7f9167a4]
2020-02-05 20:19:27,754 INFO org.springframework.scheduling.concurrent.ExecutorConfigurationSupport [restartedMain] Initializing ExecutorService 'applicationTaskExecutor'
2020-02-05 20:19:28,132 INFO org.springframework.boot.devtools.autoconfigure.OptionalLiveReloadServer [restartedMain] LiveReload server is running on port 35729
2020-02-05 20:19:28,183 INFO org.apache.juli.logging.DirectJDKLog [restartedMain] Starting ProtocolHandler ["http-nio-8081"]
2020-02-05 20:19:28,254 INFO org.springframework.boot.web.embedded.tomcat.TomcatWebServer [restartedMain] Tomcat started on port(s): 8081 (http) with context path '/auth'
2020-02-05 20:19:28,263 INFO org.springframework.boot.StartupInfoLogger [restartedMain] Started AuthServerApplication in 9.176 seconds (JVM running for 13.007)
2020-02-05 20:19:44,458 INFO org.apache.juli.logging.DirectJDKLog [http-nio-8081-exec-1] Initializing Spring DispatcherServlet 'dispatcherServlet'
2020-02-05 20:19:44,460 INFO org.springframework.web.servlet.FrameworkServlet [http-nio-8081-exec-1] Initializing Servlet 'dispatcherServlet'
2020-02-05 20:19:44,508 INFO org.springframework.web.servlet.FrameworkServlet [http-nio-8081-exec-1] Completed initialization in 48 ms
2020-02-05 20:21:57,825 DEBUG com.auth.provider.UserPrincipal [http-nio-8081-exec-4] Default Constructor Called!
2020-02-05 20:21:57,882 DEBUG com.auth.controller.OAuth2Controller [http-nio-8081-exec-4] User Authorized: Provider: com.auth.provider.UserPrincipal@23d91552, facebook
2020-02-05 20:21:57,883 DEBUG com.auth.controller.OAuth2Controller [http-nio-8081-exec-4] null, null, null
2020-02-05 20:22:46,162 INFO org.springframework.scheduling.concurrent.ExecutorConfigurationSupport [Thread-6] Shutting down ExecutorService 'applicationTaskExecutor'
2020-02-05 20:22:46,660 INFO org.springframework.boot.StartupInfoLogger [restartedMain] Starting AuthServerApplication on ubuntu-pc with PID 3814 (/media/rajan/HardDrive/project/repo/apps/auth-server/target/classes started by rajan in /media/rajan/HardDrive/project/repo/apps/auth-server)
2020-02-05 20:22:46,661 DEBUG org.springframework.boot.StartupInfoLogger [restartedMain] Running with Spring Boot v2.2.4.RELEASE, Spring v5.2.3.RELEASE
2020-02-05 20:22:46,662 INFO org.springframework.boot.SpringApplication [restartedMain] No active profile set, falling back to default profiles: default
2020-02-05 20:22:47,606 INFO org.springframework.boot.web.embedded.tomcat.TomcatWebServer [restartedMain] Tomcat initialized with port(s): 8081 (http)
2020-02-05 20:22:47,608 INFO org.apache.juli.logging.DirectJDKLog [restartedMain] Initializing ProtocolHandler ["http-nio-8081"]
2020-02-05 20:22:47,609 INFO org.apache.juli.logging.DirectJDKLog [restartedMain] Starting service [Tomcat]
2020-02-05 20:22:47,610 INFO org.apache.juli.logging.DirectJDKLog [restartedMain] Starting Servlet engine: [Apache Tomcat/9.0.30]
2020-02-05 20:22:47,625 INFO org.apache.juli.logging.DirectJDKLog [restartedMain] Initializing Spring embedded WebApplicationContext
2020-02-05 20:22:47,625 INFO org.springframework.boot.web.servlet.context.ServletWebServerApplicationContext [restartedMain] Root WebApplicationContext: initialization completed in 951 ms
2020-02-05 20:22:47,879 INFO org.springframework.security.web.DefaultSecurityFilterChain [restartedMain] Creating filter chain: any request, [org.springframework.security.web.context.request.async.WebAsyncManagerIntegrationFilter@7a18e72f, org.springframework.security.web.context.SecurityContextPersistenceFilter@16000d77, org.springframework.security.web.header.HeaderWriterFilter@dd4f874, org.springframework.security.web.csrf.CsrfFilter@5bc6a169, org.springframework.security.web.authentication.logout.LogoutFilter@644bb617, org.springframework.security.oauth2.client.web.OAuth2AuthorizationRequestRedirectFilter@64cd42ef, org.springframework.security.oauth2.client.web.OAuth2LoginAuthenticationFilter@c8208ea, org.springframework.security.web.authentication.ui.DefaultLoginPageGeneratingFilter@297fd495, org.springframework.security.web.authentication.ui.DefaultLogoutPageGeneratingFilter@2241fe42, org.springframework.security.web.savedrequest.RequestCacheAwareFilter@62b724a3, org.springframework.security.web.servletapi.SecurityContextHolderAwareRequestFilter@480a77d9, org.springframework.security.web.authentication.AnonymousAuthenticationFilter@2c151adf, org.springframework.security.web.session.SessionManagementFilter@782326f3, org.springframework.security.web.access.ExceptionTranslationFilter@500498ec, org.springframework.security.web.access.intercept.FilterSecurityInterceptor@3efccfa9]
2020-02-05 20:22:48,004 INFO org.springframework.scheduling.concurrent.ExecutorConfigurationSupport [restartedMain] Initializing ExecutorService 'applicationTaskExecutor'
2020-02-05 20:22:48,102 INFO org.springframework.boot.devtools.autoconfigure.OptionalLiveReloadServer [restartedMain] LiveReload server is running on port 35729
2020-02-05 20:22:48,140 INFO org.apache.juli.logging.DirectJDKLog [restartedMain] Starting ProtocolHandler ["http-nio-8081"]
2020-02-05 20:22:48,241 INFO org.springframework.boot.web.embedded.tomcat.TomcatWebServer [restartedMain] Tomcat started on port(s): 8081 (http) with context path '/auth'
2020-02-05 20:22:48,243 INFO org.springframework.boot.StartupInfoLogger [restartedMain] Started AuthServerApplication in 1.697 seconds (JVM running for 212.987)
2020-02-05 20:22:48,247 INFO org.springframework.boot.devtools.autoconfigure.ConditionEvaluationDeltaLoggingListener [restartedMain] Condition evaluation unchanged
2020-02-05 20:23:03,976 INFO org.apache.juli.logging.DirectJDKLog [http-nio-8081-exec-1] Initializing Spring DispatcherServlet 'dispatcherServlet'
2020-02-05 20:23:03,977 INFO org.springframework.web.servlet.FrameworkServlet [http-nio-8081-exec-1] Initializing Servlet 'dispatcherServlet'
2020-02-05 20:23:03,986 INFO org.springframework.web.servlet.FrameworkServlet [http-nio-8081-exec-1] Completed initialization in 9 ms
2020-02-05 20:23:41,653 DEBUG com.auth.provider.UserPrincipal [http-nio-8081-exec-2] Default Constructor Called!
2020-02-05 20:23:41,707 DEBUG com.auth.controller.OAuth2Controller [http-nio-8081-exec-2] User Authorized: Provider: com.auth.provider.UserPrincipal@6323c515, github
2020-02-05 20:23:41,708 DEBUG com.auth.controller.OAuth2Controller [http-nio-8081-exec-2] null, null, null
2020-02-05 20:24:11,761 INFO org.springframework.scheduling.concurrent.ExecutorConfigurationSupport [Thread-9] Shutting down ExecutorService 'applicationTaskExecutor'
2020-02-05 20:24:12,152 INFO org.springframework.boot.StartupInfoLogger [restartedMain] Starting AuthServerApplication on ubuntu-pc with PID 3814 (/media/rajan/HardDrive/project/repo/apps/auth-server/target/classes started by rajan in /media/rajan/HardDrive/project/repo/apps/auth-server)
2020-02-05 20:24:12,153 DEBUG org.springframework.boot.StartupInfoLogger [restartedMain] Running with Spring Boot v2.2.4.RELEASE, Spring v5.2.3.RELEASE
2020-02-05 20:24:12,154 INFO org.springframework.boot.SpringApplication [restartedMain] No active profile set, falling back to default profiles: default
2020-02-05 20:24:13,042 INFO org.springframework.boot.web.embedded.tomcat.TomcatWebServer [restartedMain] Tomcat initialized with port(s): 8081 (http)
2020-02-05 20:24:13,044 INFO org.apache.juli.logging.DirectJDKLog [restartedMain] Initializing ProtocolHandler ["http-nio-8081"]
2020-02-05 20:24:13,045 INFO org.apache.juli.logging.DirectJDKLog [restartedMain] Starting service [Tomcat]
2020-02-05 20:24:13,046 INFO org.apache.juli.logging.DirectJDKLog [restartedMain] Starting Servlet engine: [Apache Tomcat/9.0.30]
2020-02-05 20:24:13,058 INFO org.apache.juli.logging.DirectJDKLog [restartedMain] Initializing Spring embedded WebApplicationContext
2020-02-05 20:24:13,059 INFO org.springframework.boot.web.servlet.context.ServletWebServerApplicationContext [restartedMain] Root WebApplicationContext: initialization completed in 884 ms
2020-02-05 20:24:13,294 INFO org.springframework.security.web.DefaultSecurityFilterChain [restartedMain] Creating filter chain: any request, [org.springframework.security.web.context.request.async.WebAsyncManagerIntegrationFilter@56a11b80, org.springframework.security.web.context.SecurityContextPersistenceFilter@27a7a78, org.springframework.security.web.header.HeaderWriterFilter@1d51855f, org.springframework.security.web.csrf.CsrfFilter@74144f49, org.springframework.security.web.authentication.logout.LogoutFilter@726014e0, org.springframework.security.oauth2.client.web.OAuth2AuthorizationRequestRedirectFilter@39f176bc, org.springframework.security.oauth2.client.web.OAuth2LoginAuthenticationFilter@5b24a6b0, org.springframework.security.web.authentication.ui.DefaultLoginPageGeneratingFilter@73bfbf69, org.springframework.security.web.authentication.ui.DefaultLogoutPageGeneratingFilter@7a0eabe, org.springframework.security.web.savedrequest.RequestCacheAwareFilter@261edd31, org.springframework.security.web.servletapi.SecurityContextHolderAwareRequestFilter@3774cfd0, org.springframework.security.web.authentication.AnonymousAuthenticationFilter@35d62860, org.springframework.security.web.session.SessionManagementFilter@544219be, org.springframework.security.web.access.ExceptionTranslationFilter@7fbb6f61, org.springframework.security.web.access.intercept.FilterSecurityInterceptor@ca3351]
2020-02-05 20:24:13,456 INFO org.springframework.scheduling.concurrent.ExecutorConfigurationSupport [restartedMain] Initializing ExecutorService 'applicationTaskExecutor'
2020-02-05 20:24:13,557 INFO org.springframework.boot.devtools.autoconfigure.OptionalLiveReloadServer [restartedMain] LiveReload server is running on port 35729
2020-02-05 20:24:13,582 INFO org.apache.juli.logging.DirectJDKLog [restartedMain] Starting ProtocolHandler ["http-nio-8081"]
2020-02-05 20:24:13,700 INFO org.springframework.boot.web.embedded.tomcat.TomcatWebServer [restartedMain] Tomcat started on port(s): 8081 (http) with context path '/auth'
2020-02-05 20:24:13,702 INFO org.springframework.boot.StartupInfoLogger [restartedMain] Started AuthServerApplication in 1.656 seconds (JVM running for 298.445)
2020-02-05 20:24:13,706 INFO org.springframework.boot.devtools.autoconfigure.ConditionEvaluationDeltaLoggingListener [restartedMain] Condition evaluation unchanged
2020-02-05 20:24:16,991 INFO org.springframework.scheduling.concurrent.ExecutorConfigurationSupport [Thread-14] Shutting down ExecutorService 'applicationTaskExecutor'
2020-02-05 20:24:17,351 INFO org.springframework.boot.StartupInfoLogger [restartedMain] Starting AuthServerApplication on ubuntu-pc with PID 3814 (/media/rajan/HardDrive/project/repo/apps/auth-server/target/classes started by rajan in /media/rajan/HardDrive/project/repo/apps/auth-server)
2020-02-05 20:24:17,352 DEBUG org.springframework.boot.StartupInfoLogger [restartedMain] Running with Spring Boot v2.2.4.RELEASE, Spring v5.2.3.RELEASE
2020-02-05 20:24:17,353 INFO org.springframework.boot.SpringApplication [restartedMain] No active profile set, falling back to default profiles: default
2020-02-05 20:24:18,347 INFO org.springframework.boot.web.embedded.tomcat.TomcatWebServer [restartedMain] Tomcat initialized with port(s): 8081 (http)
2020-02-05 20:24:18,360 INFO org.apache.juli.logging.DirectJDKLog [restartedMain] Initializing ProtocolHandler ["http-nio-8081"]
2020-02-05 20:24:18,361 INFO org.apache.juli.logging.DirectJDKLog [restartedMain] Starting service [Tomcat]
2020-02-05 20:24:18,362 INFO org.apache.juli.logging.DirectJDKLog [restartedMain] Starting Servlet engine: [Apache Tomcat/9.0.30]
2020-02-05 20:24:18,392 INFO org.apache.juli.logging.DirectJDKLog [restartedMain] Initializing Spring embedded WebApplicationContext
2020-02-05 20:24:18,393 INFO org.springframework.boot.web.servlet.context.ServletWebServerApplicationContext [restartedMain] Root WebApplicationContext: initialization completed in 1025 ms
2020-02-05 20:24:18,820 INFO org.springframework.security.web.DefaultSecurityFilterChain [restartedMain] Creating filter chain: any request, [org.springframework.security.web.context.request.async.WebAsyncManagerIntegrationFilter@1cb4f73f, org.springframework.security.web.context.SecurityContextPersistenceFilter@65472a89, org.springframework.security.web.header.HeaderWriterFilter@7dd65f03, org.springframework.security.web.csrf.CsrfFilter@fc494f2, org.springframework.security.web.authentication.logout.LogoutFilter@54bc1d59, org.springframework.security.oauth2.client.web.OAuth2AuthorizationRequestRedirectFilter@1bcb1927, org.springframework.security.oauth2.client.web.OAuth2LoginAuthenticationFilter@4712ea27, org.springframework.security.web.authentication.ui.DefaultLoginPageGeneratingFilter@b011f4f, org.springframework.security.web.authentication.ui.DefaultLogoutPageGeneratingFilter@67f86605, org.springframework.security.web.savedrequest.RequestCacheAwareFilter@707e71fd, org.springframework.security.web.servletapi.SecurityContextHolderAwareRequestFilter@3f1f16b6, org.springframework.security.web.authentication.AnonymousAuthenticationFilter@24b959fc, org.springframework.security.web.session.SessionManagementFilter@4e0f54be, org.springframework.security.web.access.ExceptionTranslationFilter@3f355337, org.springframework.security.web.access.intercept.FilterSecurityInterceptor@df7d19]
2020-02-05 20:24:18,952 INFO org.springframework.scheduling.concurrent.ExecutorConfigurationSupport [restartedMain] Initializing ExecutorService 'applicationTaskExecutor'
2020-02-05 20:24:19,056 INFO org.springframework.boot.devtools.autoconfigure.OptionalLiveReloadServer [restartedMain] LiveReload server is running on port 35729
2020-02-05 20:24:19,079 INFO org.apache.juli.logging.DirectJDKLog [restartedMain] Starting ProtocolHandler ["http-nio-8081"]
2020-02-05 20:24:19,160 INFO org.springframework.boot.web.embedded.tomcat.TomcatWebServer [restartedMain] Tomcat started on port(s): 8081 (http) with context path '/auth'
2020-02-05 20:24:19,161 INFO org.springframework.boot.StartupInfoLogger [restartedMain] Started AuthServerApplication in 1.894 seconds (JVM running for 303.904)
2020-02-05 20:24:19,163 INFO org.springframework.boot.devtools.autoconfigure.ConditionEvaluationDeltaLoggingListener [restartedMain] Condition evaluation unchanged
2020-02-05 20:24:23,480 INFO org.springframework.scheduling.concurrent.ExecutorConfigurationSupport [Thread-19] Shutting down ExecutorService 'applicationTaskExecutor'
2020-02-05 20:24:23,902 INFO org.springframework.boot.StartupInfoLogger [restartedMain] Starting AuthServerApplication on ubuntu-pc with PID 3814 (/media/rajan/HardDrive/project/repo/apps/auth-server/target/classes started by rajan in /media/rajan/HardDrive/project/repo/apps/auth-server)
2020-02-05 20:24:23,903 DEBUG org.springframework.boot.StartupInfoLogger [restartedMain] Running with Spring Boot v2.2.4.RELEASE, Spring v5.2.3.RELEASE
2020-02-05 20:24:23,903 INFO org.springframework.boot.SpringApplication [restartedMain] No active profile set, falling back to default profiles: default
2020-02-05 20:24:24,827 INFO org.springframework.boot.web.embedded.tomcat.TomcatWebServer [restartedMain] Tomcat initialized with port(s): 8081 (http)
2020-02-05 20:24:24,829 INFO org.apache.juli.logging.DirectJDKLog [restartedMain] Initializing ProtocolHandler ["http-nio-8081"]
2020-02-05 20:24:24,833 INFO org.apache.juli.logging.DirectJDKLog [restartedMain] Starting service [Tomcat]
2020-02-05 20:24:24,834 INFO org.apache.juli.logging.DirectJDKLog [restartedMain] Starting Servlet engine: [Apache Tomcat/9.0.30]
2020-02-05 20:24:24,844 INFO org.apache.juli.logging.DirectJDKLog [restartedMain] Initializing Spring embedded WebApplicationContext
2020-02-05 20:24:24,844 INFO org.springframework.boot.web.servlet.context.ServletWebServerApplicationContext [restartedMain] Root WebApplicationContext: initialization completed in 929 ms
2020-02-05 20:24:25,063 INFO org.springframework.security.web.DefaultSecurityFilterChain [restartedMain] Creating filter chain: any request, [org.springframework.security.web.context.request.async.WebAsyncManagerIntegrationFilter@3c0abbc0, org.springframework.security.web.context.SecurityContextPersistenceFilter@be201d5, org.springframework.security.web.header.HeaderWriterFilter@1499e835, org.springframework.security.web.csrf.CsrfFilter@782c7030, org.springframework.security.web.authentication.logout.LogoutFilter@6f32b23c, org.springframework.security.oauth2.client.web.OAuth2AuthorizationRequestRedirectFilter@37530951, org.springframework.security.oauth2.client.web.OAuth2LoginAuthenticationFilter@63c90eda, org.springframework.security.web.authentication.ui.DefaultLoginPageGeneratingFilter@32d633f8, org.springframework.security.web.authentication.ui.DefaultLogoutPageGeneratingFilter@56613012, org.springframework.security.web.savedrequest.RequestCacheAwareFilter@5bc3a2d4, org.springframework.security.web.servletapi.SecurityContextHolderAwareRequestFilter@4031d9, org.springframework.security.web.authentication.AnonymousAuthenticationFilter@79d7b20e, org.springframework.security.web.session.SessionManagementFilter@10d45e0f, org.springframework.security.web.access.ExceptionTranslationFilter@1568b33e, org.springframework.security.web.access.intercept.FilterSecurityInterceptor@356bfd5e]
2020-02-05 20:24:25,210 INFO org.springframework.scheduling.concurrent.ExecutorConfigurationSupport [restartedMain] Initializing ExecutorService 'applicationTaskExecutor'
2020-02-05 20:24:25,265 INFO org.springframework.boot.devtools.autoconfigure.OptionalLiveReloadServer [restartedMain] LiveReload server is running on port 35729
2020-02-05 20:24:25,292 INFO org.apache.juli.logging.DirectJDKLog [restartedMain] Starting ProtocolHandler ["http-nio-8081"]
2020-02-05 20:24:25,383 INFO org.springframework.boot.web.embedded.tomcat.TomcatWebServer [restartedMain] Tomcat started on port(s): 8081 (http) with context path '/auth'
2020-02-05 20:24:25,385 INFO org.springframework.boot.StartupInfoLogger [restartedMain] Started AuthServerApplication in 1.646 seconds (JVM running for 310.128)
2020-02-05 20:24:25,391 INFO org.springframework.boot.devtools.autoconfigure.ConditionEvaluationDeltaLoggingListener [restartedMain] Condition evaluation unchanged
2020-02-05 20:24:31,708 INFO org.springframework.scheduling.concurrent.ExecutorConfigurationSupport [Thread-24] Shutting down ExecutorService 'applicationTaskExecutor'
2020-02-05 20:24:32,026 INFO org.springframework.boot.StartupInfoLogger [restartedMain] Starting AuthServerApplication on ubuntu-pc with PID 3814 (/media/rajan/HardDrive/project/repo/apps/auth-server/target/classes started by rajan in /media/rajan/HardDrive/project/repo/apps/auth-server)
2020-02-05 20:24:32,026 DEBUG org.springframework.boot.StartupInfoLogger [restartedMain] Running with Spring Boot v2.2.4.RELEASE, Spring v5.2.3.RELEASE
2020-02-05 20:24:32,027 INFO org.springframework.boot.SpringApplication [restartedMain] No active profile set, falling back to default profiles: default
2020-02-05 20:24:32,847 INFO org.springframework.boot.web.embedded.tomcat.TomcatWebServer [restartedMain] Tomcat initialized with port(s): 8081 (http)
2020-02-05 20:24:32,851 INFO org.apache.juli.logging.DirectJDKLog [restartedMain] Initializing ProtocolHandler ["http-nio-8081"]
2020-02-05 20:24:32,852 INFO org.apache.juli.logging.DirectJDKLog [restartedMain] Starting service [Tomcat]
2020-02-05 20:24:32,852 INFO org.apache.juli.logging.DirectJDKLog [restartedMain] Starting Servlet engine: [Apache Tomcat/9.0.30]
2020-02-05 20:24:32,875 INFO org.apache.juli.logging.DirectJDKLog [restartedMain] Initializing Spring embedded WebApplicationContext
2020-02-05 20:24:32,877 INFO org.springframework.boot.web.servlet.context.ServletWebServerApplicationContext [restartedMain] Root WebApplicationContext: initialization completed in 842 ms
2020-02-05 20:24:33,115 INFO org.springframework.security.web.DefaultSecurityFilterChain [restartedMain] Creating filter chain: any request, [org.springframework.security.web.context.request.async.WebAsyncManagerIntegrationFilter@8a2632c, org.springframework.security.web.context.SecurityContextPersistenceFilter@494c1a25, org.springframework.security.web.header.HeaderWriterFilter@391e8db, org.springframework.security.web.csrf.CsrfFilter@18717c65, org.springframework.security.web.authentication.logout.LogoutFilter@4ee3b807, org.springframework.security.oauth2.client.web.OAuth2AuthorizationRequestRedirectFilter@61abb60b, org.springframework.security.oauth2.client.web.OAuth2LoginAuthenticationFilter@33d28a9d, org.springframework.security.web.authentication.ui.DefaultLoginPageGeneratingFilter@fd34ae8, org.springframework.security.web.authentication.ui.DefaultLogoutPageGeneratingFilter@651124ed, org.springframework.security.web.savedrequest.RequestCacheAwareFilter@374be4fa, org.springframework.security.web.servletapi.SecurityContextHolderAwareRequestFilter@3b1015f8, org.springframework.security.web.authentication.AnonymousAuthenticationFilter@59b6ddaa, org.springframework.security.web.session.SessionManagementFilter@5a4dc75d, org.springframework.security.web.access.ExceptionTranslationFilter@88ecef8, org.springframework.security.web.access.intercept.FilterSecurityInterceptor@2a58e0dd]
2020-02-05 20:24:33,234 INFO org.springframework.scheduling.concurrent.ExecutorConfigurationSupport [restartedMain] Initializing ExecutorService 'applicationTaskExecutor'
2020-02-05 20:24:33,319 INFO org.springframework.boot.devtools.autoconfigure.OptionalLiveReloadServer [restartedMain] LiveReload server is running on port 35729
2020-02-05 20:24:33,345 INFO org.apache.juli.logging.DirectJDKLog [restartedMain] Starting ProtocolHandler ["http-nio-8081"]
2020-02-05 20:24:33,389 INFO org.springframework.boot.web.embedded.tomcat.TomcatWebServer [restartedMain] Tomcat started on port(s): 8081 (http) with context path '/auth'
2020-02-05 20:24:33,390 INFO org.springframework.boot.StartupInfoLogger [restartedMain] Started AuthServerApplication in 1.441 seconds (JVM running for 318.133)
2020-02-05 20:24:33,396 INFO org.springframework.boot.devtools.autoconfigure.ConditionEvaluationDeltaLoggingListener [restartedMain] Condition evaluation unchanged
2020-02-05 20:31:53,397 INFO org.springframework.scheduling.concurrent.ExecutorConfigurationSupport [Thread-29] Shutting down ExecutorService 'applicationTaskExecutor'
2020-02-05 20:31:53,730 INFO org.springframework.boot.StartupInfoLogger [restartedMain] Starting AuthServerApplication on ubuntu-pc with PID 3814 (/media/rajan/HardDrive/project/repo/apps/auth-server/target/classes started by rajan in /media/rajan/HardDrive/project/repo/apps/auth-server)
2020-02-05 20:31:53,731 DEBUG org.springframework.boot.StartupInfoLogger [restartedMain] Running with Spring Boot v2.2.4.RELEASE, Spring v5.2.3.RELEASE
2020-02-05 20:31:53,731 INFO org.springframework.boot.SpringApplication [restartedMain] No active profile set, falling back to default profiles: default
2020-02-05 20:31:54,347 INFO org.springframework.boot.web.embedded.tomcat.TomcatWebServer [restartedMain] Tomcat initialized with port(s): 8081 (http)
2020-02-05 20:31:54,349 INFO org.apache.juli.logging.DirectJDKLog [restartedMain] Initializing ProtocolHandler ["http-nio-8081"]
2020-02-05 20:31:54,350 INFO org.apache.juli.logging.DirectJDKLog [restartedMain] Starting service [Tomcat]
2020-02-05 20:31:54,351 INFO org.apache.juli.logging.DirectJDKLog [restartedMain] Starting Servlet engine: [Apache Tomcat/9.0.30]
2020-02-05 20:31:54,362 INFO org.apache.juli.logging.DirectJDKLog [restartedMain] Initializing Spring embedded WebApplicationContext
2020-02-05 20:31:54,363 INFO org.springframework.boot.web.servlet.context.ServletWebServerApplicationContext [restartedMain] Root WebApplicationContext: initialization completed in 621 ms
2020-02-05 20:31:54,562 INFO org.springframework.security.web.DefaultSecurityFilterChain [restartedMain] Creating filter chain: any request, [org.springframework.security.web.context.request.async.WebAsyncManagerIntegrationFilter@5b8663ae, org.springframework.security.web.context.SecurityContextPersistenceFilter@1b3b461a, org.springframework.security.web.header.HeaderWriterFilter@2eb532c6, org.springframework.security.web.csrf.CsrfFilter@2f7b0489, org.springframework.security.web.authentication.logout.LogoutFilter@3d0a0f5, org.springframework.security.oauth2.client.web.OAuth2AuthorizationRequestRedirectFilter@2c5021c, org.springframework.security.oauth2.client.web.OAuth2LoginAuthenticationFilter@500eb6be, org.springframework.security.web.authentication.ui.DefaultLoginPageGeneratingFilter@702535a2, org.springframework.security.web.authentication.ui.DefaultLogoutPageGeneratingFilter@58aa8c61, org.springframework.security.web.savedrequest.RequestCacheAwareFilter@1a6657f, org.springframework.security.web.servletapi.SecurityContextHolderAwareRequestFilter@602548f, org.springframework.security.web.authentication.AnonymousAuthenticationFilter@72d5a08a, org.springframework.security.web.session.SessionManagementFilter@6c13585d, org.springframework.security.web.access.ExceptionTranslationFilter@6a7e0f25, org.springframework.security.web.access.intercept.FilterSecurityInterceptor@4f0ebf4]
2020-02-05 20:31:54,655 INFO org.springframework.scheduling.concurrent.ExecutorConfigurationSupport [restartedMain] Initializing ExecutorService 'applicationTaskExecutor'
2020-02-05 20:31:54,734 INFO org.springframework.boot.devtools.autoconfigure.OptionalLiveReloadServer [restartedMain] LiveReload server is running on port 35729
2020-02-05 20:31:54,756 INFO org.apache.juli.logging.DirectJDKLog [restartedMain] Starting ProtocolHandler ["http-nio-8081"]
2020-02-05 20:31:54,837 INFO org.springframework.boot.web.embedded.tomcat.TomcatWebServer [restartedMain] Tomcat started on port(s): 8081 (http) with context path '/auth'
2020-02-05 20:31:54,839 INFO org.springframework.boot.StartupInfoLogger [restartedMain] Started AuthServerApplication in 1.193 seconds (JVM running for 759.582)
2020-02-05 20:31:54,841 INFO org.springframework.boot.devtools.autoconfigure.ConditionEvaluationDeltaLoggingListener [restartedMain] Condition evaluation unchanged
2020-02-05 20:32:18,776 INFO org.apache.juli.logging.DirectJDKLog [http-nio-8081-exec-1] Initializing Spring DispatcherServlet 'dispatcherServlet'
2020-02-05 20:32:18,777 INFO org.springframework.web.servlet.FrameworkServlet [http-nio-8081-exec-1] Initializing Servlet 'dispatcherServlet'
2020-02-05 20:32:18,782 INFO org.springframework.web.servlet.FrameworkServlet [http-nio-8081-exec-1] Completed initialization in 4 ms
2020-02-05 20:32:26,229 DEBUG com.auth.controller.OAuth2Controller [http-nio-8081-exec-2] User Authorized: Provider: github
2020-02-05 20:33:58,694 INFO org.springframework.scheduling.concurrent.ExecutorConfigurationSupport [Thread-34] Shutting down ExecutorService 'applicationTaskExecutor'
2020-02-05 20:33:58,962 INFO org.springframework.boot.StartupInfoLogger [restartedMain] Starting AuthServerApplication on ubuntu-pc with PID 3814 (/media/rajan/HardDrive/project/repo/apps/auth-server/target/classes started by rajan in /media/rajan/HardDrive/project/repo/apps/auth-server)
2020-02-05 20:33:58,962 DEBUG org.springframework.boot.StartupInfoLogger [restartedMain] Running with Spring Boot v2.2.4.RELEASE, Spring v5.2.3.RELEASE
2020-02-05 20:33:58,963 INFO org.springframework.boot.SpringApplication [restartedMain] No active profile set, falling back to default profiles: default
2020-02-05 20:33:59,483 INFO org.springframework.boot.web.embedded.tomcat.TomcatWebServer [restartedMain] Tomcat initialized with port(s): 8081 (http)
2020-02-05 20:33:59,485 INFO org.apache.juli.logging.DirectJDKLog [restartedMain] Initializing ProtocolHandler ["http-nio-8081"]
2020-02-05 20:33:59,486 INFO org.apache.juli.logging.DirectJDKLog [restartedMain] Starting service [Tomcat]
2020-02-05 20:33:59,486 INFO org.apache.juli.logging.DirectJDKLog [restartedMain] Starting Servlet engine: [Apache Tomcat/9.0.30]
2020-02-05 20:33:59,496 INFO org.apache.juli.logging.DirectJDKLog [restartedMain] Initializing Spring embedded WebApplicationContext
2020-02-05 20:33:59,497 INFO org.springframework.boot.web.servlet.context.ServletWebServerApplicationContext [restartedMain] Root WebApplicationContext: initialization completed in 526 ms
2020-02-05 20:33:59,698 INFO org.springframework.security.web.DefaultSecurityFilterChain [restartedMain] Creating filter chain: any request, [org.springframework.security.web.context.request.async.WebAsyncManagerIntegrationFilter@58c97b55, org.springframework.security.web.context.SecurityContextPersistenceFilter@4aa2195a, org.springframework.security.web.header.HeaderWriterFilter@afeff9a, org.springframework.security.web.csrf.CsrfFilter@33e261b7, org.springframework.security.web.authentication.logout.LogoutFilter@24235d90, org.springframework.security.oauth2.client.web.OAuth2AuthorizationRequestRedirectFilter@6e01be55, org.springframework.security.oauth2.client.web.OAuth2LoginAuthenticationFilter@383e2ce3, org.springframework.security.web.authentication.ui.DefaultLoginPageGeneratingFilter@c72aa23, org.springframework.security.web.authentication.ui.DefaultLogoutPageGeneratingFilter@24af3971, org.springframework.security.web.savedrequest.RequestCacheAwareFilter@72700c2a, org.springframework.security.web.servletapi.SecurityContextHolderAwareRequestFilter@f8f2fd1, org.springframework.security.web.authentication.AnonymousAuthenticationFilter@473fc8a7, org.springframework.security.web.session.SessionManagementFilter@6aed2269, org.springframework.security.web.access.ExceptionTranslationFilter@7bd87642, org.springframework.security.web.access.intercept.FilterSecurityInterceptor@5185a3ee]
2020-02-05 20:33:59,795 INFO org.springframework.scheduling.concurrent.ExecutorConfigurationSupport [restartedMain] Initializing ExecutorService 'applicationTaskExecutor'
2020-02-05 20:33:59,867 INFO org.springframework.boot.devtools.autoconfigure.OptionalLiveReloadServer [restartedMain] LiveReload server is running on port 35729
2020-02-05 20:33:59,883 INFO org.apache.juli.logging.DirectJDKLog [restartedMain] Starting ProtocolHandler ["http-nio-8081"]
2020-02-05 20:33:59,945 INFO org.springframework.boot.web.embedded.tomcat.TomcatWebServer [restartedMain] Tomcat started on port(s): 8081 (http) with context path '/auth'
2020-02-05 20:33:59,949 INFO org.springframework.boot.StartupInfoLogger [restartedMain] Started AuthServerApplication in 1.063 seconds (JVM running for 884.692)
2020-02-05 20:33:59,954 INFO org.springframework.boot.devtools.autoconfigure.ConditionEvaluationDeltaLoggingListener [restartedMain] Condition evaluation unchanged
2020-02-05 20:34:02,444 INFO org.springframework.scheduling.concurrent.ExecutorConfigurationSupport [Thread-39] Shutting down ExecutorService 'applicationTaskExecutor'
2020-02-05 20:34:02,801 INFO org.springframework.boot.StartupInfoLogger [restartedMain] Starting AuthServerApplication on ubuntu-pc with PID 3814 (/media/rajan/HardDrive/project/repo/apps/auth-server/target/classes started by rajan in /media/rajan/HardDrive/project/repo/apps/auth-server)
2020-02-05 20:34:02,802 DEBUG org.springframework.boot.StartupInfoLogger [restartedMain] Running with Spring Boot v2.2.4.RELEASE, Spring v5.2.3.RELEASE
2020-02-05 20:34:02,803 INFO org.springframework.boot.SpringApplication [restartedMain] No active profile set, falling back to default profiles: default
2020-02-05 20:34:03,321 INFO org.springframework.boot.web.embedded.tomcat.TomcatWebServer [restartedMain] Tomcat initialized with port(s): 8081 (http)
2020-02-05 20:34:03,323 INFO org.apache.juli.logging.DirectJDKLog [restartedMain] Initializing ProtocolHandler ["http-nio-8081"]
2020-02-05 20:34:03,324 INFO org.apache.juli.logging.DirectJDKLog [restartedMain] Starting service [Tomcat]
2020-02-05 20:34:03,324 INFO org.apache.juli.logging.DirectJDKLog [restartedMain] Starting Servlet engine: [Apache Tomcat/9.0.30]
2020-02-05 20:34:03,333 INFO org.apache.juli.logging.DirectJDKLog [restartedMain] Initializing Spring embedded WebApplicationContext
2020-02-05 20:34:03,333 INFO org.springframework.boot.web.servlet.context.ServletWebServerApplicationContext [restartedMain] Root WebApplicationContext: initialization completed in 523 ms
2020-02-05 20:34:03,526 INFO org.springframework.security.web.DefaultSecurityFilterChain [restartedMain] Creating filter chain: any request, [org.springframework.security.web.context.request.async.WebAsyncManagerIntegrationFilter@5f45d8f9, org.springframework.security.web.context.SecurityContextPersistenceFilter@369894ff, org.springframework.security.web.header.HeaderWriterFilter@1d9e1659, org.springframework.security.web.csrf.CsrfFilter@660999b9, org.springframework.security.web.authentication.logout.LogoutFilter@2b58ea15, org.springframework.security.oauth2.client.web.OAuth2AuthorizationRequestRedirectFilter@11ad6ae5, org.springframework.security.oauth2.client.web.OAuth2LoginAuthenticationFilter@735f4731, org.springframework.security.web.authentication.ui.DefaultLoginPageGeneratingFilter@189cdc1b, org.springframework.security.web.authentication.ui.DefaultLogoutPageGeneratingFilter@1b0f9d33, org.springframework.security.web.savedrequest.RequestCacheAwareFilter@59131b77, org.springframework.security.web.servletapi.SecurityContextHolderAwareRequestFilter@3452f2d2, org.springframework.security.web.authentication.AnonymousAuthenticationFilter@610f26f5, org.springframework.security.web.session.SessionManagementFilter@1c761299, org.springframework.security.web.access.ExceptionTranslationFilter@58d4d26, org.springframework.security.web.access.intercept.FilterSecurityInterceptor@e8940f2]
2020-02-05 20:34:03,613 INFO org.springframework.scheduling.concurrent.ExecutorConfigurationSupport [restartedMain] Initializing ExecutorService 'applicationTaskExecutor'
2020-02-05 20:34:03,665 INFO org.springframework.boot.devtools.autoconfigure.OptionalLiveReloadServer [restartedMain] LiveReload server is running on port 35729
2020-02-05 20:34:03,698 INFO org.apache.juli.logging.DirectJDKLog [restartedMain] Starting ProtocolHandler ["http-nio-8081"]
2020-02-05 20:34:03,752 INFO org.springframework.boot.web.embedded.tomcat.TomcatWebServer [restartedMain] Tomcat started on port(s): 8081 (http) with context path '/auth'
2020-02-05 20:34:03,754 INFO org.springframework.boot.StartupInfoLogger [restartedMain] Started AuthServerApplication in 1.026 seconds (JVM running for 888.497)
2020-02-05 20:34:03,756 INFO org.springframework.boot.devtools.autoconfigure.ConditionEvaluationDeltaLoggingListener [restartedMain] Condition evaluation unchanged
2020-02-05 20:35:01,086 INFO org.apache.juli.logging.DirectJDKLog [http-nio-8081-exec-1] Initializing Spring DispatcherServlet 'dispatcherServlet'
2020-02-05 20:35:01,087 INFO org.springframework.web.servlet.FrameworkServlet [http-nio-8081-exec-1] Initializing Servlet 'dispatcherServlet'
2020-02-05 20:35:01,092 INFO org.springframework.web.servlet.FrameworkServlet [http-nio-8081-exec-1] Completed initialization in 5 ms
2020-02-05 20:35:12,466 ERROR org.springframework.security.oauth2.client.web.OAuth2AuthorizationRequestRedirectFilter [http-nio-8081-exec-2] Authorization Request failed: java.lang.IllegalArgumentException: Invalid Client Registration with Id: gitub
java.lang.IllegalArgumentException: Invalid Client Registration with Id: gitub
	at org.springframework.security.oauth2.client.web.DefaultOAuth2AuthorizationRequestResolver.resolve(DefaultOAuth2AuthorizationRequestResolver.java:116)
	at org.springframework.security.oauth2.client.web.DefaultOAuth2AuthorizationRequestResolver.resolve(DefaultOAuth2AuthorizationRequestResolver.java:89)
	at org.springframework.security.oauth2.client.web.OAuth2AuthorizationRequestRedirectFilter.doFilterInternal(OAuth2AuthorizationRequestRedirectFilter.java:149)
	at org.springframework.web.filter.OncePerRequestFilter.doFilter(OncePerRequestFilter.java:119)
	at org.springframework.security.web.FilterChainProxy$VirtualFilterChain.doFilter(FilterChainProxy.java:334)
	at org.springframework.security.web.authentication.logout.LogoutFilter.doFilter(LogoutFilter.java:116)
	at org.springframework.security.web.FilterChainProxy$VirtualFilterChain.doFilter(FilterChainProxy.java:334)
	at org.springframework.security.web.csrf.CsrfFilter.doFilterInternal(CsrfFilter.java:117)
	at org.springframework.web.filter.OncePerRequestFilter.doFilter(OncePerRequestFilter.java:119)
	at org.springframework.security.web.FilterChainProxy$VirtualFilterChain.doFilter(FilterChainProxy.java:334)
	at org.springframework.security.web.header.HeaderWriterFilter.doHeadersAfter(HeaderWriterFilter.java:92)
	at org.springframework.security.web.header.HeaderWriterFilter.doFilterInternal(HeaderWriterFilter.java:77)
	at org.springframework.web.filter.OncePerRequestFilter.doFilter(OncePerRequestFilter.java:119)
	at org.springframework.security.web.FilterChainProxy$VirtualFilterChain.doFilter(FilterChainProxy.java:334)
	at org.springframework.security.web.context.SecurityContextPersistenceFilter.doFilter(SecurityContextPersistenceFilter.java:105)
	at org.springframework.security.web.FilterChainProxy$VirtualFilterChain.doFilter(FilterChainProxy.java:334)
	at org.springframework.security.web.context.request.async.WebAsyncManagerIntegrationFilter.doFilterInternal(WebAsyncManagerIntegrationFilter.java:56)
	at org.springframework.web.filter.OncePerRequestFilter.doFilter(OncePerRequestFilter.java:119)
	at org.springframework.security.web.FilterChainProxy$VirtualFilterChain.doFilter(FilterChainProxy.java:334)
	at org.springframework.security.web.FilterChainProxy.doFilterInternal(FilterChainProxy.java:215)
	at org.springframework.security.web.FilterChainProxy.doFilter(FilterChainProxy.java:178)
	at org.springframework.web.filter.DelegatingFilterProxy.invokeDelegate(DelegatingFilterProxy.java:358)
	at org.springframework.web.filter.DelegatingFilterProxy.doFilter(DelegatingFilterProxy.java:271)
	at org.apache.catalina.core.ApplicationFilterChain.internalDoFilter(ApplicationFilterChain.java:193)
	at org.apache.catalina.core.ApplicationFilterChain.doFilter(ApplicationFilterChain.java:166)
	at org.springframework.web.filter.RequestContextFilter.doFilterInternal(RequestContextFilter.java:100)
	at org.springframework.web.filter.OncePerRequestFilter.doFilter(OncePerRequestFilter.java:119)
	at org.apache.catalina.core.ApplicationFilterChain.internalDoFilter(ApplicationFilterChain.java:193)
	at org.apache.catalina.core.ApplicationFilterChain.doFilter(ApplicationFilterChain.java:166)
	at org.springframework.web.filter.FormContentFilter.doFilterInternal(FormContentFilter.java:93)
	at org.springframework.web.filter.OncePerRequestFilter.doFilter(OncePerRequestFilter.java:119)
	at org.apache.catalina.core.ApplicationFilterChain.internalDoFilter(ApplicationFilterChain.java:193)
	at org.apache.catalina.core.ApplicationFilterChain.doFilter(ApplicationFilterChain.java:166)
	at org.springframework.web.filter.CharacterEncodingFilter.doFilterInternal(CharacterEncodingFilter.java:201)
	at org.springframework.web.filter.OncePerRequestFilter.doFilter(OncePerRequestFilter.java:119)
	at org.apache.catalina.core.ApplicationFilterChain.internalDoFilter(ApplicationFilterChain.java:193)
	at org.apache.catalina.core.ApplicationFilterChain.doFilter(ApplicationFilterChain.java:166)
	at org.apache.catalina.core.StandardWrapperValve.invoke(StandardWrapperValve.java:202)
	at org.apache.catalina.core.StandardContextValve.invoke(StandardContextValve.java:96)
	at org.apache.catalina.authenticator.AuthenticatorBase.invoke(AuthenticatorBase.java:541)
	at org.apache.catalina.core.StandardHostValve.invoke(StandardHostValve.java:139)
	at org.apache.catalina.valves.ErrorReportValve.invoke(ErrorReportValve.java:92)
	at org.apache.catalina.core.StandardEngineValve.invoke(StandardEngineValve.java:74)
	at org.apache.catalina.connector.CoyoteAdapter.service(CoyoteAdapter.java:343)
	at org.apache.coyote.http11.Http11Processor.service(Http11Processor.java:367)
	at org.apache.coyote.AbstractProcessorLight.process(AbstractProcessorLight.java:65)
	at org.apache.coyote.AbstractProtocol$ConnectionHandler.process(AbstractProtocol.java:860)
	at org.apache.tomcat.util.net.NioEndpoint$SocketProcessor.doRun(NioEndpoint.java:1598)
	at org.apache.tomcat.util.net.SocketProcessorBase.run(SocketProcessorBase.java:49)
	at java.util.concurrent.ThreadPoolExecutor.runWorker(ThreadPoolExecutor.java:1149)
	at java.util.concurrent.ThreadPoolExecutor$Worker.run(ThreadPoolExecutor.java:624)
	at org.apache.tomcat.util.threads.TaskThread$WrappingRunnable.run(TaskThread.java:61)
	at java.lang.Thread.run(Thread.java:748)
2020-02-05 20:35:19,537 DEBUG com.auth.controller.OAuth2Controller [http-nio-8081-exec-5] User Authorized: Provider: github
2020-02-05 20:35:41,933 DEBUG com.auth.controller.OAuth2Controller [http-nio-8081-exec-6] User Authorized: Provider: github
2020-02-05 21:14:50,912 INFO org.springframework.scheduling.concurrent.ExecutorConfigurationSupport [Thread-44] Shutting down ExecutorService 'applicationTaskExecutor'
2020-02-05 21:14:51,400 INFO org.springframework.boot.StartupInfoLogger [restartedMain] Starting AuthServerApplication on ubuntu-pc with PID 3814 (/media/rajan/HardDrive/project/repo/apps/auth-server/target/classes started by rajan in /media/rajan/HardDrive/project/repo/apps/auth-server)
2020-02-05 21:14:51,401 DEBUG org.springframework.boot.StartupInfoLogger [restartedMain] Running with Spring Boot v2.2.4.RELEASE, Spring v5.2.3.RELEASE
2020-02-05 21:14:51,401 INFO org.springframework.boot.SpringApplication [restartedMain] No active profile set, falling back to default profiles: default
2020-02-05 21:14:51,924 INFO org.springframework.boot.web.embedded.tomcat.TomcatWebServer [restartedMain] Tomcat initialized with port(s): 8081 (http)
2020-02-05 21:14:51,926 INFO org.apache.juli.logging.DirectJDKLog [restartedMain] Initializing ProtocolHandler ["http-nio-8081"]
2020-02-05 21:14:51,927 INFO org.apache.juli.logging.DirectJDKLog [restartedMain] Starting service [Tomcat]
2020-02-05 21:14:51,928 INFO org.apache.juli.logging.DirectJDKLog [restartedMain] Starting Servlet engine: [Apache Tomcat/9.0.30]
2020-02-05 21:14:51,936 INFO org.apache.juli.logging.DirectJDKLog [restartedMain] Initializing Spring embedded WebApplicationContext
2020-02-05 21:14:51,936 INFO org.springframework.boot.web.servlet.context.ServletWebServerApplicationContext [restartedMain] Root WebApplicationContext: initialization completed in 526 ms
2020-02-05 21:14:52,057 INFO org.springframework.security.web.DefaultSecurityFilterChain [restartedMain] Creating filter chain: any request, [org.springframework.security.web.context.request.async.WebAsyncManagerIntegrationFilter@772c4032, org.springframework.security.web.context.SecurityContextPersistenceFilter@5f5a9ac9, org.springframework.security.web.header.HeaderWriterFilter@73c6dce0, org.springframework.security.web.authentication.logout.LogoutFilter@3bd2dc76, org.springframework.security.oauth2.client.web.OAuth2AuthorizationRequestRedirectFilter@382904d1, org.springframework.security.oauth2.client.web.OAuth2LoginAuthenticationFilter@59788c10, org.springframework.security.web.authentication.ui.DefaultLoginPageGeneratingFilter@2f92db96, org.springframework.security.web.authentication.ui.DefaultLogoutPageGeneratingFilter@5a0293ad, org.springframework.security.web.savedrequest.RequestCacheAwareFilter@46a488d2, org.springframework.security.web.servletapi.SecurityContextHolderAwareRequestFilter@3c07d3a, org.springframework.security.web.authentication.AnonymousAuthenticationFilter@2afd0bb0, org.springframework.security.web.session.SessionManagementFilter@59beb80c, org.springframework.security.web.access.ExceptionTranslationFilter@25978e0e, org.springframework.security.web.access.intercept.FilterSecurityInterceptor@1e766eb4]
2020-02-05 21:14:52,128 INFO org.springframework.scheduling.concurrent.ExecutorConfigurationSupport [restartedMain] Initializing ExecutorService 'applicationTaskExecutor'
2020-02-05 21:14:52,180 INFO org.springframework.boot.devtools.autoconfigure.OptionalLiveReloadServer [restartedMain] LiveReload server is running on port 35729
2020-02-05 21:14:52,194 INFO org.apache.juli.logging.DirectJDKLog [restartedMain] Starting ProtocolHandler ["http-nio-8081"]
2020-02-05 21:14:52,209 INFO org.springframework.boot.web.embedded.tomcat.TomcatWebServer [restartedMain] Tomcat started on port(s): 8081 (http) with context path '/auth'
2020-02-05 21:14:52,211 INFO org.springframework.boot.StartupInfoLogger [restartedMain] Started AuthServerApplication in 0.885 seconds (JVM running for 2176.875)
2020-02-05 21:14:52,214 INFO org.springframework.boot.devtools.autoconfigure.ConditionEvaluationDeltaLoggingListener [restartedMain] Condition evaluation unchanged
2020-02-05 21:15:21,971 INFO org.apache.juli.logging.DirectJDKLog [http-nio-8081-exec-1] Initializing Spring DispatcherServlet 'dispatcherServlet'
2020-02-05 21:15:21,973 INFO org.springframework.web.servlet.FrameworkServlet [http-nio-8081-exec-1] Initializing Servlet 'dispatcherServlet'
2020-02-05 21:15:21,981 INFO org.springframework.web.servlet.FrameworkServlet [http-nio-8081-exec-1] Completed initialization in 8 ms
2020-02-05 21:15:23,317 DEBUG com.auth.controller.OAuth2Controller [http-nio-8081-exec-2] User Authorized: Provider: github
2020-02-05 21:15:38,803 INFO org.springframework.boot.StartupInfoLogger [restartedMain] Starting AuthServerApplication on ubuntu-pc with PID 6311 (/media/rajan/HardDrive/project/repo/apps/auth-server/target/classes started by rajan in /media/rajan/HardDrive/project/repo/apps/auth-server)
2020-02-05 21:15:38,808 DEBUG org.springframework.boot.StartupInfoLogger [restartedMain] Running with Spring Boot v2.2.4.RELEASE, Spring v5.2.3.RELEASE
2020-02-05 21:15:38,810 INFO org.springframework.boot.SpringApplication [restartedMain] No active profile set, falling back to default profiles: default
2020-02-05 21:15:38,921 INFO org.springframework.boot.logging.DeferredLog [restartedMain] The Class-Path manifest attribute in /home/rajan/.m2/repository/org/glassfish/jaxb/jaxb-runtime/2.3.2/jaxb-runtime-2.3.2.jar referenced one or more files that do not exist: file:/home/rajan/.m2/repository/org/glassfish/jaxb/jaxb-runtime/2.3.2/jakarta.xml.bind-api-2.3.2.jar,file:/home/rajan/.m2/repository/org/glassfish/jaxb/jaxb-runtime/2.3.2/txw2-2.3.2.jar,file:/home/rajan/.m2/repository/org/glassfish/jaxb/jaxb-runtime/2.3.2/istack-commons-runtime-3.0.8.jar,file:/home/rajan/.m2/repository/org/glassfish/jaxb/jaxb-runtime/2.3.2/stax-ex-1.8.1.jar,file:/home/rajan/.m2/repository/org/glassfish/jaxb/jaxb-runtime/2.3.2/FastInfoset-1.2.16.jar,file:/home/rajan/.m2/repository/org/glassfish/jaxb/jaxb-runtime/2.3.2/jakarta.activation-api-1.2.1.jar
2020-02-05 21:15:38,923 INFO org.springframework.boot.logging.DeferredLog [restartedMain] Devtools property defaults active! Set 'spring.devtools.add-properties' to 'false' to disable
2020-02-05 21:15:38,923 INFO org.springframework.boot.logging.DeferredLog [restartedMain] For additional web related logging consider setting the 'logging.level.web' property to 'DEBUG'
2020-02-05 21:15:41,729 INFO org.springframework.boot.web.embedded.tomcat.TomcatWebServer [restartedMain] Tomcat initialized with port(s): 8081 (http)
2020-02-05 21:15:41,758 INFO org.apache.juli.logging.DirectJDKLog [restartedMain] Initializing ProtocolHandler ["http-nio-8081"]
2020-02-05 21:15:41,759 INFO org.apache.juli.logging.DirectJDKLog [restartedMain] Starting service [Tomcat]
2020-02-05 21:15:41,760 INFO org.apache.juli.logging.DirectJDKLog [restartedMain] Starting Servlet engine: [Apache Tomcat/9.0.30]
2020-02-05 21:15:41,924 INFO org.apache.juli.logging.DirectJDKLog [restartedMain] Initializing Spring embedded WebApplicationContext
2020-02-05 21:15:41,925 INFO org.springframework.boot.web.servlet.context.ServletWebServerApplicationContext [restartedMain] Root WebApplicationContext: initialization completed in 3001 ms
2020-02-05 21:15:43,066 INFO org.springframework.security.web.DefaultSecurityFilterChain [restartedMain] Creating filter chain: any request, [org.springframework.security.web.context.request.async.WebAsyncManagerIntegrationFilter@7775c2ff, org.springframework.security.web.context.SecurityContextPersistenceFilter@50e53ea, org.springframework.security.web.header.HeaderWriterFilter@678562d5, org.springframework.security.web.authentication.logout.LogoutFilter@1c563be0, org.springframework.security.oauth2.client.web.OAuth2AuthorizationRequestRedirectFilter@4fa99fbe, org.springframework.security.oauth2.client.web.OAuth2LoginAuthenticationFilter@1105a3de, org.springframework.security.web.authentication.ui.DefaultLoginPageGeneratingFilter@5a507ad9, org.springframework.security.web.authentication.ui.DefaultLogoutPageGeneratingFilter@600f84aa, org.springframework.security.web.savedrequest.RequestCacheAwareFilter@44d5a50, org.springframework.security.web.servletapi.SecurityContextHolderAwareRequestFilter@7571a8be, org.springframework.security.web.authentication.AnonymousAuthenticationFilter@5c8dc04, org.springframework.security.web.session.SessionManagementFilter@6c101fba, org.springframework.security.web.access.ExceptionTranslationFilter@5bdf3121, org.springframework.security.web.access.intercept.FilterSecurityInterceptor@695e16bd]
2020-02-05 21:15:43,357 INFO org.springframework.scheduling.concurrent.ExecutorConfigurationSupport [restartedMain] Initializing ExecutorService 'applicationTaskExecutor'
2020-02-05 21:15:43,687 INFO org.springframework.boot.devtools.autoconfigure.OptionalLiveReloadServer [restartedMain] LiveReload server is running on port 35729
2020-02-05 21:15:43,736 INFO org.apache.juli.logging.DirectJDKLog [restartedMain] Starting ProtocolHandler ["http-nio-8081"]
2020-02-05 21:15:43,776 INFO org.springframework.boot.web.embedded.tomcat.TomcatWebServer [restartedMain] Tomcat started on port(s): 8081 (http) with context path '/auth'
2020-02-05 21:15:43,786 INFO org.springframework.boot.StartupInfoLogger [restartedMain] Started AuthServerApplication in 5.974 seconds (JVM running for 7.115)
2020-02-05 21:16:04,692 INFO org.apache.juli.logging.DirectJDKLog [http-nio-8081-exec-1] Initializing Spring DispatcherServlet 'dispatcherServlet'
2020-02-05 21:16:04,692 INFO org.springframework.web.servlet.FrameworkServlet [http-nio-8081-exec-1] Initializing Servlet 'dispatcherServlet'
2020-02-05 21:16:04,713 INFO org.springframework.web.servlet.FrameworkServlet [http-nio-8081-exec-1] Completed initialization in 20 ms
2020-02-05 21:16:05,950 DEBUG com.auth.controller.OAuth2Controller [http-nio-8081-exec-3] User Authorized: Provider: github
2020-02-05 21:16:05,950 DEBUG com.auth.controller.OAuth2Controller [http-nio-8081-exec-4] User Authorized: Provider: github
2020-02-05 21:17:25,403 INFO org.springframework.scheduling.concurrent.ExecutorConfigurationSupport [Thread-6] Shutting down ExecutorService 'applicationTaskExecutor'
2020-02-05 21:17:25,793 INFO org.springframework.boot.StartupInfoLogger [restartedMain] Starting AuthServerApplication on ubuntu-pc with PID 6311 (/media/rajan/HardDrive/project/repo/apps/auth-server/target/classes started by rajan in /media/rajan/HardDrive/project/repo/apps/auth-server)
2020-02-05 21:17:25,794 DEBUG org.springframework.boot.StartupInfoLogger [restartedMain] Running with Spring Boot v2.2.4.RELEASE, Spring v5.2.3.RELEASE
2020-02-05 21:17:25,794 INFO org.springframework.boot.SpringApplication [restartedMain] No active profile set, falling back to default profiles: default
2020-02-05 21:17:26,525 INFO org.springframework.boot.web.embedded.tomcat.TomcatWebServer [restartedMain] Tomcat initialized with port(s): 8081 (http)
2020-02-05 21:17:26,529 INFO org.apache.juli.logging.DirectJDKLog [restartedMain] Initializing ProtocolHandler ["http-nio-8081"]
2020-02-05 21:17:26,531 INFO org.apache.juli.logging.DirectJDKLog [restartedMain] Starting service [Tomcat]
2020-02-05 21:17:26,534 INFO org.apache.juli.logging.DirectJDKLog [restartedMain] Starting Servlet engine: [Apache Tomcat/9.0.30]
2020-02-05 21:17:26,554 INFO org.apache.juli.logging.DirectJDKLog [restartedMain] Initializing Spring embedded WebApplicationContext
2020-02-05 21:17:26,555 INFO org.springframework.boot.web.servlet.context.ServletWebServerApplicationContext [restartedMain] Root WebApplicationContext: initialization completed in 753 ms
2020-02-05 21:17:26,818 INFO org.springframework.security.web.DefaultSecurityFilterChain [restartedMain] Creating filter chain: any request, [org.springframework.security.web.context.request.async.WebAsyncManagerIntegrationFilter@21d996db, org.springframework.security.web.context.SecurityContextPersistenceFilter@2335e4ce, org.springframework.security.web.header.HeaderWriterFilter@6599889a, org.springframework.security.web.authentication.logout.LogoutFilter@5c70661, org.springframework.security.oauth2.client.web.OAuth2AuthorizationRequestRedirectFilter@539b4364, org.springframework.security.oauth2.client.web.OAuth2LoginAuthenticationFilter@4043b7a2, org.springframework.security.web.authentication.ui.DefaultLoginPageGeneratingFilter@5bc7d8dc, org.springframework.security.web.authentication.ui.DefaultLogoutPageGeneratingFilter@5f9ce7a1, org.springframework.security.web.savedrequest.RequestCacheAwareFilter@66a69d71, org.springframework.security.web.servletapi.SecurityContextHolderAwareRequestFilter@4f521467, org.springframework.security.web.authentication.AnonymousAuthenticationFilter@56951f55, org.springframework.security.web.session.SessionManagementFilter@1be1ec15, org.springframework.security.web.access.ExceptionTranslationFilter@c092be2, org.springframework.security.web.access.intercept.FilterSecurityInterceptor@30fb68f]
2020-02-05 21:17:26,925 INFO org.springframework.scheduling.concurrent.ExecutorConfigurationSupport [restartedMain] Initializing ExecutorService 'applicationTaskExecutor'
2020-02-05 21:17:27,030 INFO org.springframework.boot.devtools.autoconfigure.OptionalLiveReloadServer [restartedMain] LiveReload server is running on port 35729
2020-02-05 21:17:27,050 INFO org.apache.juli.logging.DirectJDKLog [restartedMain] Starting ProtocolHandler ["http-nio-8081"]
2020-02-05 21:17:27,068 INFO org.springframework.boot.web.embedded.tomcat.TomcatWebServer [restartedMain] Tomcat started on port(s): 8081 (http) with context path '/auth'
2020-02-05 21:17:27,070 INFO org.springframework.boot.StartupInfoLogger [restartedMain] Started AuthServerApplication in 1.353 seconds (JVM running for 110.399)
2020-02-05 21:17:27,074 INFO org.springframework.boot.devtools.autoconfigure.ConditionEvaluationDeltaLoggingListener [restartedMain] Condition evaluation unchanged
2020-02-05 21:18:36,304 INFO org.apache.juli.logging.DirectJDKLog [http-nio-8081-exec-1] Initializing Spring DispatcherServlet 'dispatcherServlet'
2020-02-05 21:18:36,306 INFO org.springframework.web.servlet.FrameworkServlet [http-nio-8081-exec-1] Initializing Servlet 'dispatcherServlet'
2020-02-05 21:18:36,317 INFO org.springframework.web.servlet.FrameworkServlet [http-nio-8081-exec-1] Completed initialization in 11 ms
2020-02-05 21:18:42,872 DEBUG com.auth.controller.OAuth2Controller [http-nio-8081-exec-2] User Authorized: Provider: github
