#
# There is insufficient memory for the Java Runtime Environment to continue.
# Native memory allocation (mmap) failed to map 106954752 bytes for committing reserved memory.
# Possible reasons:
#   The system is out of physical RAM or swap space
#   The process is running with CompressedOops enabled, and the Java Heap may be blocking the growth of the native heap
# Possible solutions:
#   Reduce memory load on the system
#   Increase physical memory or swap space
#   Check if swap backing store is full
#   Decrease Java heap size (-Xmx/-Xms)
#   Decrease number of Java threads
#   Decrease Java thread stack sizes (-Xss)
#   Set larger code cache with -XX:ReservedCodeCacheSize=
#   JVM is running with Unscaled Compressed Oops mode in which the Java heap is
#     placed in the first 4GB address space. The Java Heap base address is the
#     maximum limit for the native heap growth. Please use -XX:HeapBaseMinAddress
#     to set the Java Heap base and to place the Java Heap above 4GB virtual address.
# This output file may be truncated or incomplete.
#
#  Out of Memory Error (os_linux.cpp:2757), pid=9878, tid=0x00007fe1fe1ef700
#
# JRE version: OpenJDK Runtime Environment (8.0_222-b10) (build 1.8.0_222-8u222-b10-1ubuntu1~18.04.1-b10)
# Java VM: OpenJDK 64-Bit Server VM (25.222-b10 mixed mode linux-amd64 compressed oops)
# Failed to write core dump. Core dumps have been disabled. To enable core dumping, try "ulimit -c unlimited" before starting Java again
#

---------------  T H R E A D  ---------------

Current thread (0x00007fe21407d000):  VMThread [stack: 0x00007fe1fe0f0000,0x00007fe1fe1f0000] [id=9889]

Stack: [0x00007fe1fe0f0000,0x00007fe1fe1f0000],  sp=0x00007fe1fe1ee470,  free space=1017k
Native frames: (J=compiled Java code, j=interpreted, Vv=VM code, C=native code)
V  [libjvm.so+0xab8992]
V  [libjvm.so+0x4dbfd7]
V  [libjvm.so+0x8f33a0]
V  [libjvm.so+0x8ea46e]
V  [libjvm.so+0x96e106]
V  [libjvm.so+0x96f478]
V  [libjvm.so+0x96ba76]
V  [libjvm.so+0x9641f9]
V  [libjvm.so+0x457273]
V  [libjvm.so+0xab9b11]
V  [libjvm.so+0xabf1d6]
V  [libjvm.so+0xabd4d5]
V  [libjvm.so+0xabddad]
V  [libjvm.so+0xabe1b8]
V  [libjvm.so+0x8f0732]

VM_Operation (0x00007fe1fcb1c940): CollectForMetadataAllocation, mode: safepoint, requested by thread 0x00007fe1c0003000


---------------  P R O C E S S  ---------------

Java Threads: ( => current thread )
  0x00007fe1c4992000 JavaThread "mysql-cj-abandoned-connection-cleanup" daemon [_thread_blocked, id=9910, stack(0x00007fe1bf9fe000,0x00007fe1bfaff000)]
  0x00007fe1c497a800 JavaThread "container-0" [_thread_blocked, id=9909, stack(0x00007fe1bfaff000,0x00007fe1bfc00000)]
  0x00007fe1b8347800 JavaThread "Catalina-utility-2" [_thread_blocked, id=9908, stack(0x00007fe1f40f4000,0x00007fe1f41f5000)]
  0x00007fe1c4976800 JavaThread "Catalina-utility-1" [_thread_blocked, id=9907, stack(0x00007fe1fc925000,0x00007fe1fca26000)]
  0x00007fe1c0003000 JavaThread "restartedMain" [_thread_blocked, id=9901, stack(0x00007fe1fca26000,0x00007fe1fcb27000)]
  0x00007fe2144a1000 JavaThread "Thread-0" [_thread_blocked, id=9900, stack(0x00007fe1fcb27000,0x00007fe1fcc28000)]
  0x00007fe2140c5000 JavaThread "Service Thread" daemon [_thread_blocked, id=9896, stack(0x00007fe1fd019000,0x00007fe1fd11a000)]
  0x00007fe2140c1800 JavaThread "C1 CompilerThread2" daemon [_thread_blocked, id=9895, stack(0x00007fe1fd11b000,0x00007fe1fd21b000)]
  0x00007fe2140c0000 JavaThread "C2 CompilerThread1" daemon [_thread_blocked, id=9894, stack(0x00007fe1fd21c000,0x00007fe1fd31c000)]
  0x00007fe2140bd000 JavaThread "C2 CompilerThread0" daemon [_thread_blocked, id=9893, stack(0x00007fe1fd31d000,0x00007fe1fd41d000)]
  0x00007fe2140bb800 JavaThread "Signal Dispatcher" daemon [_thread_blocked, id=9892, stack(0x00007fe1fd41d000,0x00007fe1fd51e000)]
  0x00007fe214089800 JavaThread "Finalizer" daemon [_thread_blocked, id=9891, stack(0x00007fe1fdeed000,0x00007fe1fdfee000)]
  0x00007fe214087000 JavaThread "Reference Handler" daemon [_thread_blocked, id=9890, stack(0x00007fe1fdfee000,0x00007fe1fe0ef000)]
  0x00007fe21400f800 JavaThread "main" [_thread_blocked, id=9884, stack(0x00007fe21cddf000,0x00007fe21cedf000)]

Other Threads:
=>0x00007fe21407d000 VMThread [stack: 0x00007fe1fe0f0000,0x00007fe1fe1f0000] [id=9889]
  0x00007fe2140c7800 WatcherThread [stack: 0x00007fe1fcf19000,0x00007fe1fd019000] [id=9897]

VM state:at safepoint (normal execution)

VM Mutex/Monitor currently owned by a thread:  ([mutex/lock_event])
[0x00007fe21400bc10] Threads_lock - owner thread: 0x00007fe21407d000
[0x00007fe21400c110] Heap_lock - owner thread: 0x00007fe1c0003000

heap address: 0x00000000c3e00000, size: 962 MB, Compressed Oops mode: 32-bit
Narrow klass base: 0x0000000000000000, Narrow klass shift: 3
Compressed class space size: 1073741824 Address: 0x0000000100000000

Heap:
 PSYoungGen      total 201728K, used 3570K [0x00000000ebf80000, 0x00000000f8f00000, 0x0000000100000000)
  eden space 190976K, 0% used [0x00000000ebf80000,0x00000000ebf80000,0x00000000f7a00000)
  from space 10752K, 33% used [0x00000000f7a00000,0x00000000f7d7c9e0,0x00000000f8480000)
  to   space 9216K, 0% used [0x00000000f8500000,0x00000000f8500000,0x00000000f8e00000)
 ParOldGen       total 25600K, used 10552K [0x00000000c3e00000, 0x00000000c5700000, 0x00000000ebf80000)
  object space 25600K, 41% used [0x00000000c3e00000,0x00000000c484e148,0x00000000c5700000)
 Metaspace       used 33653K, capacity 35318K, committed 35496K, reserved 1079296K
  class space    used 4360K, capacity 4697K, committed 4784K, reserved 1048576K

Card table byte_map: [0x00007fe219196000,0x00007fe219378000] byte_map_base: 0x00007fe218b77000

Marking Bits: (ParMarkBitMap*) 0x00007fe21c077360
 Begin Bits: [0x00007fe1fe1f0000, 0x00007fe1ff0f8000)
 End Bits:   [0x00007fe1ff0f8000, 0x00007fe200000000)

Polling page: 0x00007fe21cef8000

CodeCache: size=245760Kb used=10412Kb max_used=10447Kb free=235347Kb
 bounds [0x00007fe205000000, 0x00007fe205a60000, 0x00007fe214000000]
 total_blobs=3361 nmethods=2969 adapters=306
 compilation: enabled

Compilation events (10 events):
Event: 27.812 Thread 0x00007fe2140c1800 3099       3       java.util.regex.Pattern$BitClass::isSatisfiedBy (22 bytes)
Event: 27.812 Thread 0x00007fe2140c1800 nmethod 3099 0x00007fe205117050 code [0x00007fe2051171c0, 0x00007fe2051173d0]
Event: 27.812 Thread 0x00007fe2140c0000 3100       4       sun.misc.Launcher$AppClassLoader::loadClass (85 bytes)
Event: 27.821 Thread 0x00007fe2140c0000 nmethod 3100 0x00007fe2051bda50 code [0x00007fe2051bdbc0, 0x00007fe2051bdf68]
Event: 29.634 Thread 0x00007fe2140c1800 3101       3       java.net.URLClassLoader$3$1::run (5 bytes)
Event: 29.635 Thread 0x00007fe2140c1800 nmethod 3101 0x00007fe205248110 code [0x00007fe2052482a0, 0x00007fe205248738]
Event: 29.635 Thread 0x00007fe2140c1800 3102       3       java.net.URLClassLoader$3$1::run (33 bytes)
Event: 29.635 Thread 0x00007fe2140c1800 nmethod 3102 0x00007fe205371850 code [0x00007fe2053719e0, 0x00007fe205371e18]
Event: 30.576 Thread 0x00007fe2140c1800 3103       3       java.util.Locale::getLanguage (8 bytes)
Event: 30.576 Thread 0x00007fe2140c1800 nmethod 3103 0x00007fe2051184d0 code [0x00007fe205118640, 0x00007fe205118830]

GC Heap History (10 events):
Event: 9.619 GC heap after
Heap after GC invocations=7 (full 0):
 PSYoungGen      total 68096K, used 5628K [0x00000000ebf80000, 0x00000000f4b80000, 0x0000000100000000)
  eden space 62464K, 0% used [0x00000000ebf80000,0x00000000ebf80000,0x00000000efc80000)
  from space 5632K, 99% used [0x00000000efc80000,0x00000000f01ff358,0x00000000f0200000)
  to   space 9216K, 0% used [0x00000000f4280000,0x00000000f4280000,0x00000000f4b80000)
 ParOldGen       total 42496K, used 7610K [0x00000000c3e00000, 0x00000000c6780000, 0x00000000ebf80000)
  object space 42496K, 17% used [0x00000000c3e00000,0x00000000c456e968,0x00000000c6780000)
 Metaspace       used 20483K, capacity 21122K, committed 21248K, reserved 1067008K
  class space    used 2625K, capacity 2798K, committed 2816K, reserved 1048576K
}
Event: 9.774 GC heap before
{Heap before GC invocations=8 (full 0):
 PSYoungGen      total 68096K, used 7051K [0x00000000ebf80000, 0x00000000f4b80000, 0x0000000100000000)
  eden space 62464K, 2% used [0x00000000ebf80000,0x00000000ec0e3b58,0x00000000efc80000)
  from space 5632K, 99% used [0x00000000efc80000,0x00000000f01ff358,0x00000000f0200000)
  to   space 9216K, 0% used [0x00000000f4280000,0x00000000f4280000,0x00000000f4b80000)
 ParOldGen       total 42496K, used 7610K [0x00000000c3e00000, 0x00000000c6780000, 0x00000000ebf80000)
  object space 42496K, 17% used [0x00000000c3e00000,0x00000000c456e968,0x00000000c6780000)
 Metaspace       used 20584K, capacity 21222K, committed 21296K, reserved 1067008K
  class space    used 2635K, capacity 2832K, committed 2864K, reserved 1048576K
Event: 9.781 GC heap after
Heap after GC invocations=8 (full 0):
 PSYoungGen      total 133120K, used 3003K [0x00000000ebf80000, 0x00000000f4a80000, 0x0000000100000000)
  eden space 124928K, 0% used [0x00000000ebf80000,0x00000000ebf80000,0x00000000f3980000)
  from space 8192K, 36% used [0x00000000f4280000,0x00000000f456ec48,0x00000000f4a80000)
  to   space 8704K, 0% used [0x00000000f3980000,0x00000000f3980000,0x00000000f4200000)
 ParOldGen       total 42496K, used 7642K [0x00000000c3e00000, 0x00000000c6780000, 0x00000000ebf80000)
  object space 42496K, 17% used [0x00000000c3e00000,0x00000000c4576968,0x00000000c6780000)
 Metaspace       used 20584K, capacity 21222K, committed 21296K, reserved 1067008K
  class space    used 2635K, capacity 2832K, committed 2864K, reserved 1048576K
}
Event: 9.781 GC heap before
{Heap before GC invocations=9 (full 1):
 PSYoungGen      total 133120K, used 3003K [0x00000000ebf80000, 0x00000000f4a80000, 0x0000000100000000)
  eden space 124928K, 0% used [0x00000000ebf80000,0x00000000ebf80000,0x00000000f3980000)
  from space 8192K, 36% used [0x00000000f4280000,0x00000000f456ec48,0x00000000f4a80000)
  to   space 8704K, 0% used [0x00000000f3980000,0x00000000f3980000,0x00000000f4200000)
 ParOldGen       total 42496K, used 7642K [0x00000000c3e00000, 0x00000000c6780000, 0x00000000ebf80000)
  object space 42496K, 17% used [0x00000000c3e00000,0x00000000c4576968,0x00000000c6780000)
 Metaspace       used 20584K, capacity 21222K, committed 21296K, reserved 1067008K
  class space    used 2635K, capacity 2832K, committed 2864K, reserved 1048576K
Event: 9.820 GC heap after
Heap after GC invocations=9 (full 1):
 PSYoungGen      total 133120K, used 0K [0x00000000ebf80000, 0x00000000f4a80000, 0x0000000100000000)
  eden space 124928K, 0% used [0x00000000ebf80000,0x00000000ebf80000,0x00000000f3980000)
  from space 8192K, 0% used [0x00000000f4280000,0x00000000f4280000,0x00000000f4a80000)
  to   space 8704K, 0% used [0x00000000f3980000,0x00000000f3980000,0x00000000f4200000)
 ParOldGen       total 25600K, used 4430K [0x00000000c3e00000, 0x00000000c5700000, 0x00000000ebf80000)
  object space 25600K, 17% used [0x00000000c3e00000,0x00000000c4253a78,0x00000000c5700000)
 Metaspace       used 20583K, capacity 21216K, committed 21296K, reserved 1067008K
  class space    used 2635K, capacity 2831K, committed 2864K, reserved 1048576K
}
Event: 17.511 GC heap before
{Heap before GC invocations=10 (full 1):
 PSYoungGen      total 133120K, used 124928K [0x00000000ebf80000, 0x00000000f4a80000, 0x0000000100000000)
  eden space 124928K, 100% used [0x00000000ebf80000,0x00000000f3980000,0x00000000f3980000)
  from space 8192K, 0% used [0x00000000f4280000,0x00000000f4280000,0x00000000f4a80000)
  to   space 8704K, 0% used [0x00000000f3980000,0x00000000f3980000,0x00000000f4200000)
 ParOldGen       total 25600K, used 4430K [0x00000000c3e00000, 0x00000000c5700000, 0x00000000ebf80000)
  object space 25600K, 17% used [0x00000000c3e00000,0x00000000c4253a78,0x00000000c5700000)
 Metaspace       used 24668K, capacity 25842K, committed 26032K, reserved 1071104K
  class space    used 3177K, capacity 3437K, committed 3504K, reserved 1048576K
Event: 17.523 GC heap after
Heap after GC invocations=10 (full 1):
 PSYoungGen      total 133632K, used 6811K [0x00000000ebf80000, 0x00000000f8e00000, 0x0000000100000000)
  eden space 124928K, 0% used [0x00000000ebf80000,0x00000000ebf80000,0x00000000f3980000)
  from space 8704K, 78% used [0x00000000f3980000,0x00000000f4026d70,0x00000000f4200000)
  to   space 9216K, 0% used [0x00000000f8500000,0x00000000f8500000,0x00000000f8e00000)
 ParOldGen       total 25600K, used 4438K [0x00000000c3e00000, 0x00000000c5700000, 0x00000000ebf80000)
  object space 25600K, 17% used [0x00000000c3e00000,0x00000000c4255a78,0x00000000c5700000)
 Metaspace       used 24668K, capacity 25842K, committed 26032K, reserved 1071104K
  class space    used 3177K, capacity 3437K, committed 3504K, reserved 1048576K
}
Event: 26.102 GC heap before
{Heap before GC invocations=11 (full 1):
 PSYoungGen      total 133632K, used 131702K [0x00000000ebf80000, 0x00000000f8e00000, 0x0000000100000000)
  eden space 124928K, 99% used [0x00000000ebf80000,0x00000000f3976b10,0x00000000f3980000)
  from space 8704K, 78% used [0x00000000f3980000,0x00000000f4026d70,0x00000000f4200000)
  to   space 9216K, 0% used [0x00000000f8500000,0x00000000f8500000,0x00000000f8e00000)
 ParOldGen       total 25600K, used 4438K [0x00000000c3e00000, 0x00000000c5700000, 0x00000000ebf80000)
  object space 25600K, 17% used [0x00000000c3e00000,0x00000000c4255a78,0x00000000c5700000)
 Metaspace       used 30428K, capacity 32152K, committed 32432K, reserved 1077248K
  class space    used 3918K, capacity 4242K, committed 4272K, reserved 1048576K
Event: 26.145 GC heap after
Heap after GC invocations=11 (full 1):
 PSYoungGen      total 200192K, used 9190K [0x00000000ebf80000, 0x00000000f8f00000, 0x0000000100000000)
  eden space 190976K, 0% used [0x00000000ebf80000,0x00000000ebf80000,0x00000000f7a00000)
  from space 9216K, 99% used [0x00000000f8500000,0x00000000f8df9850,0x00000000f8e00000)
  to   space 10752K, 0% used [0x00000000f7a00000,0x00000000f7a00000,0x00000000f8480000)
 ParOldGen       total 25600K, used 5033K [0x00000000c3e00000, 0x00000000c5700000, 0x00000000ebf80000)
  object space 25600K, 19% used [0x00000000c3e00000,0x00000000c42ea6a8,0x00000000c5700000)
 Metaspace       used 30428K, capacity 32152K, committed 32432K, reserved 1077248K
  class space    used 3918K, capacity 4242K, committed 4272K, reserved 1048576K
}
Event: 34.307 GC heap before
{Heap before GC invocations=12 (full 1):
 PSYoungGen      total 200192K, used 60322K [0x00000000ebf80000, 0x00000000f8f00000, 0x0000000100000000)
  eden space 190976K, 26% used [0x00000000ebf80000,0x00000000ef16f240,0x00000000f7a00000)
  from space 9216K, 99% used [0x00000000f8500000,0x00000000f8df9850,0x00000000f8e00000)
  to   space 10752K, 0% used [0x00000000f7a00000,0x00000000f7a00000,0x00000000f8480000)
 ParOldGen       total 25600K, used 5033K [0x00000000c3e00000, 0x00000000c5700000, 0x00000000ebf80000)
  object space 25600K, 19% used [0x00000000c3e00000,0x00000000c42ea6a8,0x00000000c5700000)
 Metaspace       used 33653K, capacity 35318K, committed 35496K, reserved 1079296K
  class space    used 4360K, capacity 4697K, committed 4784K, reserved 1048576K

Deoptimization events (10 events):
Event: 26.055 Thread 0x00007fe1c0003000 Uncommon trap: reason=null_check action=make_not_entrant pc=0x00007fe20598aae4 method=java.net.URL.getURLStreamHandler(Ljava/lang/String;)Ljava/net/URLStreamHandler; @ 7
Event: 26.077 Thread 0x00007fe1c0003000 Uncommon trap: reason=class_check action=maybe_recompile pc=0x00007fe20548913c method=java.util.zip.InflaterInputStream.read([BII)I @ 100
Event: 26.077 Thread 0x00007fe1c0003000 Uncommon trap: reason=class_check action=maybe_recompile pc=0x00007fe20548913c method=java.util.zip.InflaterInputStream.read([BII)I @ 100
Event: 26.079 Thread 0x00007fe1c0003000 Uncommon trap: reason=class_check action=maybe_recompile pc=0x00007fe20548913c method=java.util.zip.InflaterInputStream.read([BII)I @ 100
Event: 26.079 Thread 0x00007fe1c0003000 Uncommon trap: reason=class_check action=maybe_recompile pc=0x00007fe20548913c method=java.util.zip.InflaterInputStream.read([BII)I @ 100
Event: 27.184 Thread 0x00007fe1c4992000 Uncommon trap: reason=unstable_if action=reinterpret pc=0x00007fe2053dcfa0 method=java.util.zip.ZipCoder.getBytes(Ljava/lang/String;)[B @ 32
Event: 27.184 Thread 0x00007fe1c4992000 Uncommon trap: reason=unstable_if action=reinterpret pc=0x00007fe2051de4f0 method=java.util.zip.ZipCoder.getBytes(Ljava/lang/String;)[B @ 32
Event: 27.184 Thread 0x00007fe1c4992000 Uncommon trap: reason=unstable_if action=reinterpret pc=0x00007fe2059f892c method=java.net.URL.<init>(Ljava/net/URL;Ljava/lang/String;Ljava/net/URLStreamHandler;)V @ 57
Event: 27.184 Thread 0x00007fe1c4992000 Uncommon trap: reason=unstable_if action=reinterpret pc=0x00007fe2059e768c method=java.net.URLStreamHandler.parseURL(Ljava/net/URL;Ljava/lang/String;II)V @ 57
Event: 27.186 Thread 0x00007fe1c0003000 Uncommon trap: reason=unstable_if action=reinterpret pc=0x00007fe205292050 method=java.lang.AbstractStringBuilder.append(Ljava/lang/String;)Ljava/lang/AbstractStringBuilder; @ 1

Classes redefined (0 events):
No events

Internal exceptions (10 events):
Event: 19.923 Thread 0x00007fe1c0003000 Exception <a 'java/lang/ClassNotFoundException': org/springframework/context/annotation/ImportAwareCustomizer> (0x00000000ee057938) thrown at [/build/openjdk-8-OqY7zN/openjdk-8-8u222-b10/src/hotspot/src/share/vm/classfile/systemDictionary.cpp, line 210]
Event: 19.923 Thread 0x00007fe1c0003000 Exception <a 'java/lang/ClassNotFoundException': org/springframework/beans/factory/AwareCustomizer> (0x00000000ee070e30) thrown at [/build/openjdk-8-OqY7zN/openjdk-8-8u222-b10/src/hotspot/src/share/vm/classfile/systemDictionary.cpp, line 210]
Event: 19.923 Thread 0x00007fe1c0003000 Implicit null exception at 0x00007fe20585ac8c to 0x00007fe20585ae0d
Event: 22.128 Thread 0x00007fe1c0003000 Implicit null exception at 0x00007fe2055eb187 to 0x00007fe2055eb271
Event: 22.128 Thread 0x00007fe1c0003000 Implicit null exception at 0x00007fe2056d7580 to 0x00007fe2056d76f9
Event: 22.524 Thread 0x00007fe1c0003000 Exception <a 'java/lang/NoSuchMethodError': java.lang.Object.lambda$and$0(Ljava/util/function/Predicate;Ljava/lang/Object;)Z> (0x00000000eeaa0010) thrown at [/build/openjdk-8-OqY7zN/openjdk-8-8u222-b10/src/hotspot/src/share/vm/interpreter/linkResolver.cpp
Event: 26.055 Thread 0x00007fe1c0003000 Implicit null exception at 0x00007fe2059884d7 to 0x00007fe20598aad9
Event: 26.512 Thread 0x00007fe1c0003000 Exception <a 'java/io/FileNotFoundException'> (0x00000000eced4280) thrown at [/build/openjdk-8-OqY7zN/openjdk-8-8u222-b10/src/hotspot/src/share/vm/prims/jni.cpp, line 710]
Event: 26.871 Thread 0x00007fe1c0003000 Exception <a 'java/io/FileNotFoundException'> (0x00000000ed339798) thrown at [/build/openjdk-8-OqY7zN/openjdk-8-8u222-b10/src/hotspot/src/share/vm/prims/jni.cpp, line 710]
Event: 27.186 Thread 0x00007fe1c0003000 Implicit null exception at 0x00007fe205291c33 to 0x00007fe20529203d

Events (10 events):
Event: 34.042 loading class net/bytebuddy/description/type/TypeDefinition done
Event: 34.049 loading class net/bytebuddy/description/ModifierReviewable$ForTypeDefinition
Event: 34.049 loading class net/bytebuddy/description/ModifierReviewable$ForTypeDefinition done
Event: 34.052 loading class net/bytebuddy/description/type/TypeList$Generic$Explicit
Event: 34.052 loading class net/bytebuddy/description/type/TypeList$Generic$Explicit done
Event: 34.083 loading class net/bytebuddy/description/type/TypeList$Generic$AbstractBase
Event: 34.083 loading class net/bytebuddy/description/type/TypeList$Generic$AbstractBase done
Event: 34.155 loading class net/bytebuddy/matcher/FilterableList$AbstractBase
Event: 34.155 loading class net/bytebuddy/matcher/FilterableList$AbstractBase done
Event: 34.234 Executing VM operation: CollectForMetadataAllocation


Dynamic libraries:
c3e00000-c5700000 rw-p 00000000 00:00 0 
c5700000-ebf80000 ---p 00000000 00:00 0 
ebf80000-f8f00000 rw-p 00000000 00:00 0 
ff500000-100000000 ---p 00000000 00:00 0 
100000000-1004ac000 rw-p 00000000 00:00 0 
1004ac000-140000000 ---p 00000000 00:00 0 
557d3e955000-557d3e956000 r-xp 00000000 08:01 6427163                    /usr/lib/jvm/java-8-openjdk-amd64/jre/bin/java
557d3eb55000-557d3eb56000 r--p 00000000 08:01 6427163                    /usr/lib/jvm/java-8-openjdk-amd64/jre/bin/java
557d3eb56000-557d3eb57000 rw-p 00001000 08:01 6427163                    /usr/lib/jvm/java-8-openjdk-amd64/jre/bin/java
557d40a9a000-557d40abb000 rw-p 00000000 00:00 0                          [heap]
7fe1ac000000-7fe1ac021000 rw-p 00000000 00:00 0 
7fe1ac021000-7fe1b0000000 ---p 00000000 00:00 0 
7fe1b0000000-7fe1b0021000 rw-p 00000000 00:00 0 
7fe1b0021000-7fe1b4000000 ---p 00000000 00:00 0 
7fe1b4000000-7fe1b4021000 rw-p 00000000 00:00 0 
7fe1b4021000-7fe1b8000000 ---p 00000000 00:00 0 
7fe1b8000000-7fe1b8373000 rw-p 00000000 00:00 0 
7fe1b8373000-7fe1bc000000 ---p 00000000 00:00 0 
7fe1bf7fe000-7fe1bf9fc000 rw-p 00000000 00:00 0 
7fe1bf9fc000-7fe1bf9fe000 ---p 00000000 00:00 0 
7fe1bf9fe000-7fe1bfa01000 ---p 00000000 00:00 0 
7fe1bfa01000-7fe1bfaff000 rw-p 00000000 00:00 0 
7fe1bfaff000-7fe1bfb02000 ---p 00000000 00:00 0 
7fe1bfb02000-7fe1bfe00000 rw-p 00000000 00:00 0 
7fe1bfe00000-7fe1c0000000 rw-p 00000000 00:00 0 
7fe1c0000000-7fe1c0021000 rw-p 00000000 00:00 0 
7fe1c0021000-7fe1c4000000 ---p 00000000 00:00 0 
7fe1c4000000-7fe1c4b25000 rw-p 00000000 00:00 0 
7fe1c4b25000-7fe1c8000000 ---p 00000000 00:00 0 
7fe1c8000000-7fe1c8021000 rw-p 00000000 00:00 0 
7fe1c8021000-7fe1cc000000 ---p 00000000 00:00 0 
7fe1cc000000-7fe1cc021000 rw-p 00000000 00:00 0 
7fe1cc021000-7fe1d0000000 ---p 00000000 00:00 0 
7fe1d0000000-7fe1d0b59000 rw-p 00000000 00:00 0 
7fe1d0b59000-7fe1d4000000 ---p 00000000 00:00 0 
7fe1d4000000-7fe1d445d000 rw-p 00000000 00:00 0 
7fe1d445d000-7fe1d8000000 ---p 00000000 00:00 0 
7fe1d8000000-7fe1d8021000 rw-p 00000000 00:00 0 
7fe1d8021000-7fe1dc000000 ---p 00000000 00:00 0 
7fe1dc000000-7fe1ddfb9000 rw-p 00000000 00:00 0 
7fe1ddfb9000-7fe1e0000000 ---p 00000000 00:00 0 
7fe1e0000000-7fe1e0021000 rw-p 00000000 00:00 0 
7fe1e0021000-7fe1e4000000 ---p 00000000 00:00 0 
7fe1e4000000-7fe1e4021000 rw-p 00000000 00:00 0 
7fe1e4021000-7fe1e8000000 ---p 00000000 00:00 0 
7fe1e8000000-7fe1e8021000 rw-p 00000000 00:00 0 
7fe1e8021000-7fe1ec000000 ---p 00000000 00:00 0 
7fe1ec000000-7fe1ec021000 rw-p 00000000 00:00 0 
7fe1ec021000-7fe1f0000000 ---p 00000000 00:00 0 
7fe1f0000000-7fe1f0021000 rw-p 00000000 00:00 0 
7fe1f0021000-7fe1f4000000 ---p 00000000 00:00 0 
7fe1f40f4000-7fe1f40f7000 ---p 00000000 00:00 0 
7fe1f40f7000-7fe1f43f5000 rw-p 00000000 00:00 0 
7fe1f43f5000-7fe1f45f5000 rw-p 00000000 00:00 0 
7fe1f45f5000-7fe1f47f5000 rw-p 00000000 00:00 0 
7fe1f47f5000-7fe1f49f5000 rw-p 00000000 00:00 0 
7fe1f49f5000-7fe1f4bf5000 rw-p 00000000 00:00 0 
7fe1f4bf5000-7fe1f4bfe000 r-xp 00000000 08:01 6427199                    /usr/lib/jvm/java-8-openjdk-amd64/jre/lib/amd64/libmanagement.so
7fe1f4bfe000-7fe1f4dfd000 ---p 00009000 08:01 6427199                    /usr/lib/jvm/java-8-openjdk-amd64/jre/lib/amd64/libmanagement.so
7fe1f4dfd000-7fe1f4dfe000 r--p 00008000 08:01 6427199                    /usr/lib/jvm/java-8-openjdk-amd64/jre/lib/amd64/libmanagement.so
7fe1f4dfe000-7fe1f4dff000 rw-p 00009000 08:01 6427199                    /usr/lib/jvm/java-8-openjdk-amd64/jre/lib/amd64/libmanagement.so
7fe1f4dff000-7fe1f4fff000 rw-p 00000000 00:00 0 
7fe1f4fff000-7fe1f8000000 rw-p 00000000 00:00 0 
7fe1f8000000-7fe1f8021000 rw-p 00000000 00:00 0 
7fe1f8021000-7fe1fc000000 ---p 00000000 00:00 0 
7fe1fc0f7000-7fe1fc0fc000 r--s 000a3000 08:01 6427242                    /usr/lib/jvm/java-8-openjdk-amd64/jre/lib/jsse.jar
7fe1fc0fc000-7fe1fc112000 r-xp 00000000 08:01 6427201                    /usr/lib/jvm/java-8-openjdk-amd64/jre/lib/amd64/libnet.so
7fe1fc112000-7fe1fc311000 ---p 00016000 08:01 6427201                    /usr/lib/jvm/java-8-openjdk-amd64/jre/lib/amd64/libnet.so
7fe1fc311000-7fe1fc312000 r--p 00015000 08:01 6427201                    /usr/lib/jvm/java-8-openjdk-amd64/jre/lib/amd64/libnet.so
7fe1fc312000-7fe1fc313000 rw-p 00016000 08:01 6427201                    /usr/lib/jvm/java-8-openjdk-amd64/jre/lib/amd64/libnet.so
7fe1fc313000-7fe1fc324000 r-xp 00000000 08:01 6427202                    /usr/lib/jvm/java-8-openjdk-amd64/jre/lib/amd64/libnio.so
7fe1fc324000-7fe1fc523000 ---p 00011000 08:01 6427202                    /usr/lib/jvm/java-8-openjdk-amd64/jre/lib/amd64/libnio.so
7fe1fc523000-7fe1fc524000 r--p 00010000 08:01 6427202                    /usr/lib/jvm/java-8-openjdk-amd64/jre/lib/amd64/libnio.so
7fe1fc524000-7fe1fc525000 rw-p 00011000 08:01 6427202                    /usr/lib/jvm/java-8-openjdk-amd64/jre/lib/amd64/libnio.so
7fe1fc525000-7fe1fc725000 rw-p 00000000 00:00 0 
7fe1fc725000-7fe1fc925000 rw-p 00000000 00:00 0 
7fe1fc925000-7fe1fc928000 ---p 00000000 00:00 0 
7fe1fc928000-7fe1fca26000 rw-p 00000000 00:00 0 
7fe1fca26000-7fe1fca29000 ---p 00000000 00:00 0 
7fe1fca29000-7fe1fcb27000 rw-p 00000000 00:00 0 
7fe1fcb27000-7fe1fcb2a000 ---p 00000000 00:00 0 
7fe1fcb2a000-7fe1fcc28000 rw-p 00000000 00:00 0 
7fe1fcc28000-7fe1fcc29000 r--s 00005000 08:01 25166762                   /home/rajan/.m2/repository/org/springframework/spring-jcl/5.2.1.RELEASE/spring-jcl-5.2.1.RELEASE.jar
7fe1fcc29000-7fe1fcc44000 r--s 00143000 08:01 25041920                   /home/rajan/.m2/repository/org/springframework/spring-core/5.2.1.RELEASE/spring-core-5.2.1.RELEASE.jar
7fe1fcc44000-7fe1fcc48000 r--s 00019000 08:01 25166726                   /home/rajan/.m2/repository/jakarta/xml/bind/jakarta.xml.bind-api/2.3.2/jakarta.xml.bind-api-2.3.2.jar
7fe1fcc48000-7fe1fcc6f000 r--s 0012c000 08:01 25166635                   /home/rajan/.m2/repository/org/springframework/boot/spring-boot-autoconfigure/2.2.1.RELEASE/spring-boot-autoconfigure-2.2.1.RELEASE.jar
7fe1fcc6f000-7fe1fcc86000 r--s 000e7000 08:01 25041918                   /home/rajan/.m2/repository/org/springframework/boot/spring-boot/2.2.1.RELEASE/spring-boot-2.2.1.RELEASE.jar
7fe1fcc86000-7fe1fcc8c000 r--s 00030000 08:01 25955823                   /home/rajan/.m2/repository/org/springframework/boot/spring-boot-devtools/2.2.1.RELEASE/spring-boot-devtools-2.2.1.RELEASE.jar
7fe1fcc8c000-7fe1fcc8e000 r--s 00005000 08:01 25559238                   /home/rajan/.m2/repository/org/jboss/spec/javax/transaction/jboss-transaction-api_1.2_spec/1.1.1.Final/jboss-transaction-api_1.2_spec-1.1.1.Final.jar
7fe1fcc8e000-7fe1fccd6000 r--s 002e9000 08:01 25166752                   /home/rajan/.m2/repository/net/bytebuddy/byte-buddy/1.10.2/byte-buddy-1.10.2.jar
7fe1fccd6000-7fe1fccdc000 r--s 00023000 08:01 25428166                   /home/rajan/.m2/repository/javax/persistence/javax.persistence-api/2.2/javax.persistence-api-2.2.jar
7fe1fccdc000-7fe1fccdf000 r--s 00010000 08:01 25297984                   /home/rajan/.m2/repository/org/hibernate/common/hibernate-commons-annotations/5.1.0.Final/hibernate-commons-annotations-5.1.0.Final.jar
7fe1fccdf000-7fe1fcce4000 r--s 0004b000 08:01 25297982                   /home/rajan/.m2/repository/org/dom4j/dom4j/2.1.1/dom4j-2.1.1.jar
7fe1fcce4000-7fe1fcce6000 r--s 0000d000 08:01 25166694                   /home/rajan/.m2/repository/org/jboss/logging/jboss-logging/3.4.1.Final/jboss-logging-3.4.1.Final.jar
7fe1fcce6000-7fe1fcce7000 r--s 00000000 08:01 25428183                   /home/rajan/.m2/repository/org/hibernate/hibernate-entitymanager/5.4.8.Final/hibernate-entitymanager-5.4.8.Final.jar
7fe1fcce7000-7fe1fcd00000 r--s 00220000 08:01 25559150                   /home/rajan/.m2/repository/mysql/mysql-connector-java/8.0.18/mysql-connector-java-8.0.18.jar
7fe1fcd00000-7fe1fcd02000 r--s 0000a000 08:01 25298004                   /home/rajan/.m2/repository/org/springframework/spring-aspects/5.2.1.RELEASE/spring-aspects-5.2.1.RELEASE.jar
7fe1fcd02000-7fe1fcd04000 r--s 00009000 08:01 25166721                   /home/rajan/.m2/repository/org/slf4j/slf4j-api/1.7.29/slf4j-api-1.7.29.jar
7fe1fcd04000-7fe1fcd0d000 r--s 00044000 08:01 25298002                   /home/rajan/.m2/repository/org/springframework/spring-tx/5.2.1.RELEASE/spring-tx-5.2.1.RELEASE.jar
7fe1fcd0d000-7fe1fcd12000 r--s 0002d000 08:01 25298000                   /home/rajan/.m2/repository/org/springframework/spring-orm/5.2.1.RELEASE/spring-orm-5.2.1.RELEASE.jar
7fe1fcd12000-7fe1fcd2b000 r--s 0010f000 08:01 25297998                   /home/rajan/.m2/repository/org/springframework/data/spring-data-commons/2.2.1.RELEASE/spring-data-commons-2.2.1.RELEASE.jar
7fe1fcd2b000-7fe1fcd33000 r--s 00052000 08:01 25297996                   /home/rajan/.m2/repository/org/springframework/data/spring-data-jpa/2.2.1.RELEASE/spring-data-jpa-2.2.1.RELEASE.jar
7fe1fcd33000-7fe1fcd38000 r--s 00049000 08:01 25297994                   /home/rajan/.m2/repository/com/sun/xml/fastinfoset/FastInfoset/1.2.16/FastInfoset-1.2.16.jar
7fe1fcd38000-7fe1fcd3a000 r--s 00008000 08:01 25297992                   /home/rajan/.m2/repository/org/jvnet/staxex/stax-ex/1.8.1/stax-ex-1.8.1.jar
7fe1fcd3a000-7fe1fcd3c000 r--s 00005000 08:01 25297990                   /home/rajan/.m2/repository/com/sun/istack/istack-commons-runtime/3.0.8/istack-commons-runtime-3.0.8.jar
7fe1fcd3c000-7fe1fcd3e000 r--s 00010000 08:01 25297988                   /home/rajan/.m2/repository/org/glassfish/jaxb/txw2/2.3.2/txw2-2.3.2.jar
7fe1fcd3e000-7fe1fcd53000 r--s 000e3000 08:01 25297986                   /home/rajan/.m2/repository/org/glassfish/jaxb/jaxb-runtime/2.3.2/jaxb-runtime-2.3.2.jar
7fe1fcd53000-7fe1fcd55000 r--s 0000f000 08:01 25166696                   /home/rajan/.m2/repository/com/fasterxml/classmate/1.5.1/classmate-1.5.1.jar
7fe1fcd55000-7fe1fcd58000 r--s 0002b000 08:01 25297980                   /home/rajan/.m2/repository/org/jboss/jandex/2.0.5.Final/jandex-2.0.5.Final.jar
7fe1fcd58000-7fe1fcd5d000 r--s 00068000 08:01 25297978                   /home/rajan/.m2/repository/antlr/antlr/2.7.7/antlr-2.7.7.jar
7fe1fcd5d000-7fe1fcd67000 r--s 000b4000 08:01 25297976                   /home/rajan/.m2/repository/org/javassist/javassist/3.24.0-GA/javassist-3.24.0-GA.jar
7fe1fcd67000-7fe1fcded000 r--s 0064e000 08:01 25297974                   /home/rajan/.m2/repository/org/hibernate/hibernate-core/5.4.8.Final/hibernate-core-5.4.8.Final.jar
7fe1fcded000-7fe1fcdee000 r--s 00003000 08:01 25297972                   /home/rajan/.m2/repository/jakarta/transaction/jakarta.transaction-api/1.3.3/jakarta.transaction-api-1.3.3.jar
7fe1fcdee000-7fe1fcdf4000 r--s 00023000 08:01 25297970                   /home/rajan/.m2/repository/jakarta/persistence/jakarta.persistence-api/2.2.3/jakarta.persistence-api-2.2.3.jar
7fe1fcdf4000-7fe1fcdf6000 r--s 00009000 08:01 25166727                   /home/rajan/.m2/repository/jakarta/activation/jakarta.activation-api/1.2.1/jakarta.activation-api-1.2.1.jar
7fe1fcdf6000-7fe1fce00000 r--s 0005a000 08:01 25297968                   /home/rajan/.m2/repository/org/springframework/spring-jdbc/5.2.1.RELEASE/spring-jdbc-5.2.1.RELEASE.jar
7fe1fce00000-7fe1fce03000 r--s 00023000 08:01 25297966                   /home/rajan/.m2/repository/com/zaxxer/HikariCP/3.4.1/HikariCP-3.4.1.jar
7fe1fce03000-7fe1fce04000 r--s 00000000 08:01 25297964                   /home/rajan/.m2/repository/org/springframework/boot/spring-boot-starter-jdbc/2.2.1.RELEASE/spring-boot-starter-jdbc-2.2.1.RELEASE.jar
7fe1fce04000-7fe1fce1d000 r--s 001da000 08:01 25297962                   /home/rajan/.m2/repository/org/aspectj/aspectjweaver/1.9.4/aspectjweaver-1.9.4.jar
7fe1fce1d000-7fe1fce1e000 r--s 00000000 08:01 25297960                   /home/rajan/.m2/repository/org/springframework/boot/spring-boot-starter-aop/2.2.1.RELEASE/spring-boot-starter-aop-2.2.1.RELEASE.jar
7fe1fce1e000-7fe1fce1f000 r--s 00000000 08:01 25297958                   /home/rajan/.m2/repository/org/springframework/boot/spring-boot-starter-data-jpa/2.2.1.RELEASE/spring-boot-starter-data-jpa-2.2.1.RELEASE.jar
7fe1fce1f000-7fe1fce24000 r--s 00040000 08:01 25166705                   /home/rajan/.m2/repository/org/springframework/spring-expression/5.2.1.RELEASE/spring-expression-5.2.1.RELEASE.jar
7fe1fce24000-7fe1fce3f000 r--s 0010e000 08:01 25166661                   /home/rajan/.m2/repository/org/springframework/spring-context/5.2.1.RELEASE/spring-context-5.2.1.RELEASE.jar
7fe1fce3f000-7fe1fce48000 r--s 00052000 08:01 25166703                   /home/rajan/.m2/repository/org/springframework/spring-aop/5.2.1.RELEASE/spring-aop-5.2.1.RELEASE.jar
7fe1fce48000-7fe1fce5a000 r--s 000d5000 08:01 25166702                   /home/rajan/.m2/repository/org/springframework/spring-webmvc/5.2.1.RELEASE/spring-webmvc-5.2.1.RELEASE.jar
7fe1fce5a000-7fe1fce67000 r--s 0009b000 08:01 25166701                   /home/rajan/.m2/repository/org/springframework/spring-beans/5.2.1.RELEASE/spring-beans-5.2.1.RELEASE.jar
7fe1fce67000-7fe1fce84000 r--s 0013d000 08:01 25166697                   /home/rajan/.m2/repository/org/springframework/spring-web/5.2.1.RELEASE/spring-web-5.2.1.RELEASE.jar
7fe1fce84000-7fe1fcea1000 r--s 000fe000 08:01 25166693                   /home/rajan/.m2/repository/org/hibernate/validator/hibernate-validator/6.0.18.Final/hibernate-validator-6.0.18.Final.jar
7fe1fcea1000-7fe1fcea6000 r--s 00012000 08:01 25166691                   /home/rajan/.m2/repository/jakarta/validation/jakarta.validation-api/2.0.1/jakarta.validation-api-2.0.1.jar
7fe1fcea6000-7fe1fcea7000 r--s 00000000 08:01 25166687                   /home/rajan/.m2/repository/org/springframework/boot/spring-boot-starter-validation/2.2.1.RELEASE/spring-boot-starter-validation-2.2.1.RELEASE.jar
7fe1fcea7000-7fe1fceac000 r--s 0003c000 08:01 25166686                   /home/rajan/.m2/repository/org/apache/tomcat/embed/tomcat-embed-websocket/9.0.27/tomcat-embed-websocket-9.0.27.jar
7fe1fceac000-7fe1fceb1000 r--s 0003a000 08:01 25166685                   /home/rajan/.m2/repository/org/apache/tomcat/embed/tomcat-embed-el/9.0.27/tomcat-embed-el-9.0.27.jar
7fe1fceb1000-7fe1fcedc000 r--s 0030b000 08:01 25166683                   /home/rajan/.m2/repository/org/apache/tomcat/embed/tomcat-embed-core/9.0.27/tomcat-embed-core-9.0.27.jar
7fe1fcedc000-7fe1fcedd000 r--s 00000000 08:01 25166682                   /home/rajan/.m2/repository/org/springframework/boot/spring-boot-starter-tomcat/2.2.1.RELEASE/spring-boot-starter-tomcat-2.2.1.RELEASE.jar
7fe1fcedd000-7fe1fcedf000 r--s 00001000 08:01 25166678                   /home/rajan/.m2/repository/com/fasterxml/jackson/module/jackson-module-parameter-names/2.10.0/jackson-module-parameter-names-2.10.0.jar
7fe1fcedf000-7fe1fcee2000 r--s 00017000 08:01 25166663                   /home/rajan/.m2/repository/com/fasterxml/jackson/datatype/jackson-datatype-jsr310/2.10.0/jackson-datatype-jsr310-2.10.0.jar
7fe1fcee2000-7fe1fcee4000 r--s 00007000 08:01 25166676                   /home/rajan/.m2/repository/com/fasterxml/jackson/datatype/jackson-datatype-jdk8/2.10.0/jackson-datatype-jdk8-2.10.0.jar
7fe1fcee4000-7fe1fcee9000 r--s 00051000 08:01 25166660                   /home/rajan/.m2/repository/com/fasterxml/jackson/core/jackson-core/2.10.0/jackson-core-2.10.0.jar
7fe1fcee9000-7fe1fceec000 r--s 0000e000 08:01 25166658                   /home/rajan/.m2/repository/com/fasterxml/jackson/core/jackson-annotations/2.10.0/jackson-annotations-2.10.0.jar
7fe1fceec000-7fe1fcf02000 r--s 00141000 08:01 25166656                   /home/rajan/.m2/repository/com/fasterxml/jackson/core/jackson-databind/2.10.0/jackson-databind-2.10.0.jar
7fe1fcf02000-7fe1fcf09000 r--s 00044000 08:01 25166649                   /home/rajan/.m2/repository/org/yaml/snakeyaml/1.25/snakeyaml-1.25.jar
7fe1fcf09000-7fe1fcf0b000 r--s 00005000 08:01 25166648                   /home/rajan/.m2/repository/jakarta/annotation/jakarta.annotation-api/1.3.5/jakarta.annotation-api-1.3.5.jar
7fe1fcf0b000-7fe1fcf0d000 r--s 00000000 08:01 25166646                   /home/rajan/.m2/repository/org/slf4j/jul-to-slf4j/1.7.29/jul-to-slf4j-1.7.29.jar
7fe1fcf0d000-7fe1fcf18000 r--s 00069000 08:01 25166640                   /home/rajan/.m2/repository/ch/qos/logback/logback-core/1.2.3/logback-core-1.2.3.jar
7fe1fcf18000-7fe1fcf19000 ---p 00000000 00:00 0 
7fe1fcf19000-7fe1fd019000 rw-p 00000000 00:00 0 
7fe1fd019000-7fe1fd01c000 ---p 00000000 00:00 0 
7fe1fd01c000-7fe1fd11a000 rw-p 00000000 00:00 0 
7fe1fd11a000-7fe1fd11b000 ---p 00000000 00:00 0 
7fe1fd11b000-7fe1fd11e000 ---p 00000000 00:00 0 
7fe1fd11e000-7fe1fd21b000 rw-p 00000000 00:00 0 
7fe1fd21b000-7fe1fd21c000 ---p 00000000 00:00 0 
7fe1fd21c000-7fe1fd21f000 ---p 00000000 00:00 0 
7fe1fd21f000-7fe1fd31c000 rw-p 00000000 00:00 0 
7fe1fd31c000-7fe1fd31d000 ---p 00000000 00:00 0 
7fe1fd31d000-7fe1fd320000 ---p 00000000 00:00 0 
7fe1fd320000-7fe1fd41d000 rw-p 00000000 00:00 0 
7fe1fd41d000-7fe1fd420000 ---p 00000000 00:00 0 
7fe1fd420000-7fe1fd51e000 rw-p 00000000 00:00 0 
7fe1fd51e000-7fe1fdeed000 r--p 00000000 08:01 6429276                    /usr/lib/locale/locale-archive
7fe1fdeed000-7fe1fdef0000 ---p 00000000 00:00 0 
7fe1fdef0000-7fe1fdfee000 rw-p 00000000 00:00 0 
7fe1fdfee000-7fe1fdff1000 ---p 00000000 00:00 0 
7fe1fdff1000-7fe1fe0ef000 rw-p 00000000 00:00 0 
7fe1fe0ef000-7fe1fe0f0000 ---p 00000000 00:00 0 
7fe1fe0f0000-7fe200000000 rw-p 00000000 00:00 0 
7fe200000000-7fe200021000 rw-p 00000000 00:00 0 
7fe200021000-7fe204000000 ---p 00000000 00:00 0 
7fe204000000-7fe204006000 r--s 0003e000 08:01 25166643                   /home/rajan/.m2/repository/org/apache/logging/log4j/log4j-api/2.12.1/log4j-api-2.12.1.jar
7fe204006000-7fe204008000 r--s 00003000 08:01 25166641                   /home/rajan/.m2/repository/org/apache/logging/log4j/log4j-to-slf4j/2.12.1/log4j-to-slf4j-2.12.1.jar
7fe204008000-7fe20400e000 r--s 00041000 08:01 25166637                   /home/rajan/.m2/repository/ch/qos/logback/logback-classic/1.2.3/logback-classic-1.2.3.jar
7fe20400e000-7fe204013000 r--s 002f9000 08:01 6427217                    /usr/lib/jvm/java-8-openjdk-amd64/jre/lib/charsets.jar
7fe204013000-7fe204018000 r--s 000a3000 08:01 6427242                    /usr/lib/jvm/java-8-openjdk-amd64/jre/lib/jsse.jar
7fe204018000-7fe20402b000 r--s 00346000 08:01 6427246                    /usr/lib/jvm/java-8-openjdk-amd64/jre/lib/resources.jar
7fe20402b000-7fe204046000 r--s 001d6000 08:01 6427232                    /usr/lib/jvm/java-8-openjdk-amd64/jre/lib/ext/nashorn.jar
7fe204046000-7fe204061000 r--s 00394000 08:01 6427227                    /usr/lib/jvm/java-8-openjdk-amd64/jre/lib/ext/cldrdata.jar
7fe204061000-7fe205000000 rw-p 00000000 00:00 0 
7fe205000000-7fe205a60000 rwxp 00000000 00:00 0 
7fe205a60000-7fe214000000 ---p 00000000 00:00 0 
7fe214000000-7fe214691000 rw-p 00000000 00:00 0 
7fe214691000-7fe218000000 ---p 00000000 00:00 0 
7fe218000000-7fe218001000 r--s 00000000 08:01 25166675                   /home/rajan/.m2/repository/org/springframework/boot/spring-boot-starter-json/2.2.1.RELEASE/spring-boot-starter-json-2.2.1.RELEASE.jar
7fe218001000-7fe218002000 r--s 00000000 08:01 25166634                   /home/rajan/.m2/repository/org/springframework/boot/spring-boot-starter-logging/2.2.1.RELEASE/spring-boot-starter-logging-2.2.1.RELEASE.jar
7fe218002000-7fe218004000 r--s 00016000 08:01 6427240                    /usr/lib/jvm/java-8-openjdk-amd64/jre/lib/jce.jar
7fe218004000-7fe218009000 r--s 0003c000 08:01 6427234                    /usr/lib/jvm/java-8-openjdk-amd64/jre/lib/ext/sunjce_provider.jar
7fe218009000-7fe21802a000 rw-p 00000000 00:00 0 
7fe21802a000-7fe2181fa000 r--s 03c5c000 08:01 6427247                    /usr/lib/jvm/java-8-openjdk-amd64/jre/lib/rt.jar
7fe2181fa000-7fe218c51000 rw-p 00000000 00:00 0 
7fe218c51000-7fe218c52000 ---p 00000000 00:00 0 
7fe218c52000-7fe218d52000 rw-p 00000000 00:00 0 
7fe218d52000-7fe218d53000 ---p 00000000 00:00 0 
7fe218d53000-7fe218e53000 rw-p 00000000 00:00 0 
7fe218e53000-7fe218e54000 ---p 00000000 00:00 0 
7fe218e54000-7fe218f54000 rw-p 00000000 00:00 0 
7fe218f54000-7fe218f55000 ---p 00000000 00:00 0 
7fe218f55000-7fe219062000 rw-p 00000000 00:00 0 
7fe219062000-7fe219196000 ---p 00000000 00:00 0 
7fe219196000-7fe2191a3000 rw-p 00000000 00:00 0 
7fe2191a3000-7fe2192d6000 ---p 00000000 00:00 0 
7fe2192d6000-7fe21933f000 rw-p 00000000 00:00 0 
7fe21933f000-7fe219377000 ---p 00000000 00:00 0 
7fe219377000-7fe2193a2000 rw-p 00000000 00:00 0 
7fe2193a2000-7fe219738000 ---p 00000000 00:00 0 
7fe219738000-7fe219740000 r-xp 00000000 08:01 6427209                    /usr/lib/jvm/java-8-openjdk-amd64/jre/lib/amd64/libzip.so
7fe219740000-7fe21993f000 ---p 00008000 08:01 6427209                    /usr/lib/jvm/java-8-openjdk-amd64/jre/lib/amd64/libzip.so
7fe21993f000-7fe219940000 r--p 00007000 08:01 6427209                    /usr/lib/jvm/java-8-openjdk-amd64/jre/lib/amd64/libzip.so
7fe219940000-7fe219941000 rw-p 00008000 08:01 6427209                    /usr/lib/jvm/java-8-openjdk-amd64/jre/lib/amd64/libzip.so
7fe219941000-7fe21994c000 r-xp 00000000 08:01 29496334                   /lib/x86_64-linux-gnu/libnss_files-2.27.so
7fe21994c000-7fe219b4b000 ---p 0000b000 08:01 29496334                   /lib/x86_64-linux-gnu/libnss_files-2.27.so
7fe219b4b000-7fe219b4c000 r--p 0000a000 08:01 29496334                   /lib/x86_64-linux-gnu/libnss_files-2.27.so
7fe219b4c000-7fe219b4d000 rw-p 0000b000 08:01 29496334                   /lib/x86_64-linux-gnu/libnss_files-2.27.so
7fe219b4d000-7fe219b53000 rw-p 00000000 00:00 0 
7fe219b53000-7fe219b6a000 r-xp 00000000 08:01 29496328                   /lib/x86_64-linux-gnu/libnsl-2.27.so
7fe219b6a000-7fe219d69000 ---p 00017000 08:01 29496328                   /lib/x86_64-linux-gnu/libnsl-2.27.so
7fe219d69000-7fe219d6a000 r--p 00016000 08:01 29496328                   /lib/x86_64-linux-gnu/libnsl-2.27.so
7fe219d6a000-7fe219d6b000 rw-p 00017000 08:01 29496328                   /lib/x86_64-linux-gnu/libnsl-2.27.so
7fe219d6b000-7fe219d6d000 rw-p 00000000 00:00 0 
7fe219d6d000-7fe219d78000 r-xp 00000000 08:01 29496345                   /lib/x86_64-linux-gnu/libnss_nis-2.27.so
7fe219d78000-7fe219f77000 ---p 0000b000 08:01 29496345                   /lib/x86_64-linux-gnu/libnss_nis-2.27.so
7fe219f77000-7fe219f78000 r--p 0000a000 08:01 29496345                   /lib/x86_64-linux-gnu/libnss_nis-2.27.so
7fe219f78000-7fe219f79000 rw-p 0000b000 08:01 29496345                   /lib/x86_64-linux-gnu/libnss_nis-2.27.so
7fe219f79000-7fe219f81000 r-xp 00000000 08:01 29496330                   /lib/x86_64-linux-gnu/libnss_compat-2.27.so
7fe219f81000-7fe21a181000 ---p 00008000 08:01 29496330                   /lib/x86_64-linux-gnu/libnss_compat-2.27.so
7fe21a181000-7fe21a182000 r--p 00008000 08:01 29496330                   /lib/x86_64-linux-gnu/libnss_compat-2.27.so
7fe21a182000-7fe21a183000 rw-p 00009000 08:01 29496330                   /lib/x86_64-linux-gnu/libnss_compat-2.27.so
7fe21a183000-7fe21a1ad000 r-xp 00000000 08:01 6427190                    /usr/lib/jvm/java-8-openjdk-amd64/jre/lib/amd64/libjava.so
7fe21a1ad000-7fe21a3ac000 ---p 0002a000 08:01 6427190                    /usr/lib/jvm/java-8-openjdk-amd64/jre/lib/amd64/libjava.so
7fe21a3ac000-7fe21a3ad000 r--p 00029000 08:01 6427190                    /usr/lib/jvm/java-8-openjdk-amd64/jre/lib/amd64/libjava.so
7fe21a3ad000-7fe21a3af000 rw-p 0002a000 08:01 6427190                    /usr/lib/jvm/java-8-openjdk-amd64/jre/lib/amd64/libjava.so
7fe21a3af000-7fe21a3bf000 r-xp 00000000 08:01 6427208                    /usr/lib/jvm/java-8-openjdk-amd64/jre/lib/amd64/libverify.so
7fe21a3bf000-7fe21a5be000 ---p 00010000 08:01 6427208                    /usr/lib/jvm/java-8-openjdk-amd64/jre/lib/amd64/libverify.so
7fe21a5be000-7fe21a5c0000 r--p 0000f000 08:01 6427208                    /usr/lib/jvm/java-8-openjdk-amd64/jre/lib/amd64/libverify.so
7fe21a5c0000-7fe21a5c1000 rw-p 00011000 08:01 6427208                    /usr/lib/jvm/java-8-openjdk-amd64/jre/lib/amd64/libverify.so
7fe21a5c1000-7fe21a5c8000 r-xp 00000000 08:01 29496385                   /lib/x86_64-linux-gnu/librt-2.27.so
7fe21a5c8000-7fe21a7c7000 ---p 00007000 08:01 29496385                   /lib/x86_64-linux-gnu/librt-2.27.so
7fe21a7c7000-7fe21a7c8000 r--p 00006000 08:01 29496385                   /lib/x86_64-linux-gnu/librt-2.27.so
7fe21a7c8000-7fe21a7c9000 rw-p 00007000 08:01 29496385                   /lib/x86_64-linux-gnu/librt-2.27.so
7fe21a7c9000-7fe21a7e0000 r-xp 00000000 08:01 29496281                   /lib/x86_64-linux-gnu/libgcc_s.so.1
7fe21a7e0000-7fe21a9df000 ---p 00017000 08:01 29496281                   /lib/x86_64-linux-gnu/libgcc_s.so.1
7fe21a9df000-7fe21a9e0000 r--p 00016000 08:01 29496281                   /lib/x86_64-linux-gnu/libgcc_s.so.1
7fe21a9e0000-7fe21a9e1000 rw-p 00017000 08:01 29496281                   /lib/x86_64-linux-gnu/libgcc_s.so.1
7fe21a9e1000-7fe21ab7e000 r-xp 00000000 08:01 29496307                   /lib/x86_64-linux-gnu/libm-2.27.so
7fe21ab7e000-7fe21ad7d000 ---p 0019d000 08:01 29496307                   /lib/x86_64-linux-gnu/libm-2.27.so
7fe21ad7d000-7fe21ad7e000 r--p 0019c000 08:01 29496307                   /lib/x86_64-linux-gnu/libm-2.27.so
7fe21ad7e000-7fe21ad7f000 rw-p 0019d000 08:01 29496307                   /lib/x86_64-linux-gnu/libm-2.27.so
7fe21ad7f000-7fe21aef8000 r-xp 00000000 08:01 6431381                    /usr/lib/x86_64-linux-gnu/libstdc++.so.6.0.25
7fe21aef8000-7fe21b0f8000 ---p 00179000 08:01 6431381                    /usr/lib/x86_64-linux-gnu/libstdc++.so.6.0.25
7fe21b0f8000-7fe21b102000 r--p 00179000 08:01 6431381                    /usr/lib/x86_64-linux-gnu/libstdc++.so.6.0.25
7fe21b102000-7fe21b104000 rw-p 00183000 08:01 6431381                    /usr/lib/x86_64-linux-gnu/libstdc++.so.6.0.25
7fe21b104000-7fe21b108000 rw-p 00000000 00:00 0 
7fe21b108000-7fe21bda7000 r-xp 00000000 08:01 6427216                    /usr/lib/jvm/java-8-openjdk-amd64/jre/lib/amd64/server/libjvm.so
7fe21bda7000-7fe21bfa7000 ---p 00c9f000 08:01 6427216                    /usr/lib/jvm/java-8-openjdk-amd64/jre/lib/amd64/server/libjvm.so
7fe21bfa7000-7fe21c03b000 r--p 00c9f000 08:01 6427216                    /usr/lib/jvm/java-8-openjdk-amd64/jre/lib/amd64/server/libjvm.so
7fe21c03b000-7fe21c064000 rw-p 00d33000 08:01 6427216                    /usr/lib/jvm/java-8-openjdk-amd64/jre/lib/amd64/server/libjvm.so
7fe21c064000-7fe21c094000 rw-p 00000000 00:00 0 
7fe21c094000-7fe21c0ae000 r-xp 00000000 08:01 29496377                   /lib/x86_64-linux-gnu/libpthread-2.27.so
7fe21c0ae000-7fe21c2ad000 ---p 0001a000 08:01 29496377                   /lib/x86_64-linux-gnu/libpthread-2.27.so
7fe21c2ad000-7fe21c2ae000 r--p 00019000 08:01 29496377                   /lib/x86_64-linux-gnu/libpthread-2.27.so
7fe21c2ae000-7fe21c2af000 rw-p 0001a000 08:01 29496377                   /lib/x86_64-linux-gnu/libpthread-2.27.so
7fe21c2af000-7fe21c2b3000 rw-p 00000000 00:00 0 
7fe21c2b3000-7fe21c2b6000 r-xp 00000000 08:01 29496267                   /lib/x86_64-linux-gnu/libdl-2.27.so
7fe21c2b6000-7fe21c4b5000 ---p 00003000 08:01 29496267                   /lib/x86_64-linux-gnu/libdl-2.27.so
7fe21c4b5000-7fe21c4b6000 r--p 00002000 08:01 29496267                   /lib/x86_64-linux-gnu/libdl-2.27.so
7fe21c4b6000-7fe21c4b7000 rw-p 00003000 08:01 29496267                   /lib/x86_64-linux-gnu/libdl-2.27.so
7fe21c4b7000-7fe21c4d3000 r-xp 00000000 08:01 29496416                   /lib/x86_64-linux-gnu/libz.so.1.2.11
7fe21c4d3000-7fe21c6d2000 ---p 0001c000 08:01 29496416                   /lib/x86_64-linux-gnu/libz.so.1.2.11
7fe21c6d2000-7fe21c6d3000 r--p 0001b000 08:01 29496416                   /lib/x86_64-linux-gnu/libz.so.1.2.11
7fe21c6d3000-7fe21c6d4000 rw-p 0001c000 08:01 29496416                   /lib/x86_64-linux-gnu/libz.so.1.2.11
7fe21c6d4000-7fe21c8bb000 r-xp 00000000 08:01 29496244                   /lib/x86_64-linux-gnu/libc-2.27.so
7fe21c8bb000-7fe21cabb000 ---p 001e7000 08:01 29496244                   /lib/x86_64-linux-gnu/libc-2.27.so
7fe21cabb000-7fe21cabf000 r--p 001e7000 08:01 29496244                   /lib/x86_64-linux-gnu/libc-2.27.so
7fe21cabf000-7fe21cac1000 rw-p 001eb000 08:01 29496244                   /lib/x86_64-linux-gnu/libc-2.27.so
7fe21cac1000-7fe21cac5000 rw-p 00000000 00:00 0 
7fe21cac5000-7fe21cad3000 r-xp 00000000 08:01 6427176                    /usr/lib/jvm/java-8-openjdk-amd64/jre/lib/amd64/jli/libjli.so
7fe21cad3000-7fe21ccd2000 ---p 0000e000 08:01 6427176                    /usr/lib/jvm/java-8-openjdk-amd64/jre/lib/amd64/jli/libjli.so
7fe21ccd2000-7fe21ccd3000 r--p 0000d000 08:01 6427176                    /usr/lib/jvm/java-8-openjdk-amd64/jre/lib/amd64/jli/libjli.so
7fe21ccd3000-7fe21ccd4000 rw-p 0000e000 08:01 6427176                    /usr/lib/jvm/java-8-openjdk-amd64/jre/lib/amd64/jli/libjli.so
7fe21ccd4000-7fe21ccfb000 r-xp 00000000 08:01 29496216                   /lib/x86_64-linux-gnu/ld-2.27.so
7fe21ccfb000-7fe21ccfc000 r--s 00000000 08:01 25041915                   /home/rajan/.m2/repository/org/springframework/boot/spring-boot-starter/2.2.1.RELEASE/spring-boot-starter-2.2.1.RELEASE.jar
7fe21ccfc000-7fe21cd06000 r--s 00116000 08:01 6427231                    /usr/lib/jvm/java-8-openjdk-amd64/jre/lib/ext/localedata.jar
7fe21cd06000-7fe21cdde000 rw-p 00000000 00:00 0 
7fe21cdde000-7fe21cddf000 ---p 00000000 00:00 0 
7fe21cddf000-7fe21cde2000 ---p 00000000 00:00 0 
7fe21cde2000-7fe21cee1000 rw-p 00000000 00:00 0 
7fe21cee1000-7fe21cee2000 r--s 00000000 08:01 25166673                   /home/rajan/.m2/repository/org/springframework/boot/spring-boot-starter-web/2.2.1.RELEASE/spring-boot-starter-web-2.2.1.RELEASE.jar
7fe21cee2000-7fe21cee3000 r--s 0000d000 08:01 6427233                    /usr/lib/jvm/java-8-openjdk-amd64/jre/lib/ext/sunec.jar
7fe21cee3000-7fe21cee4000 r--s 0000a000 08:01 6427230                    /usr/lib/jvm/java-8-openjdk-amd64/jre/lib/ext/jaccess.jar
7fe21cee4000-7fe21cee7000 r--s 00039000 08:01 6427235                    /usr/lib/jvm/java-8-openjdk-amd64/jre/lib/ext/sunpkcs11.jar
7fe21cee7000-7fe21cee9000 r--s 00001000 08:01 6427228                    /usr/lib/jvm/java-8-openjdk-amd64/jre/lib/ext/dnsns.jar
7fe21cee9000-7fe21ceea000 r--s 00010000 08:01 6427236                    /usr/lib/jvm/java-8-openjdk-amd64/jre/lib/ext/zipfs.jar
7fe21ceea000-7fe21ceec000 r--s 00007000 08:01 6821433                    /usr/share/java/java-atk-wrapper.jar
7fe21ceec000-7fe21ceef000 r--s 0000f000 08:01 6427229                    /usr/lib/jvm/java-8-openjdk-amd64/jre/lib/ext/icedtea-sound.jar
7fe21ceef000-7fe21cef7000 rw-s 00000000 08:01 3408413                    /tmp/hsperfdata_rajan/9878
7fe21cef7000-7fe21cef8000 rw-p 00000000 00:00 0 
7fe21cef8000-7fe21cef9000 ---p 00000000 00:00 0 
7fe21cef9000-7fe21cefb000 rw-p 00000000 00:00 0 
7fe21cefb000-7fe21cefc000 r--p 00027000 08:01 29496216                   /lib/x86_64-linux-gnu/ld-2.27.so
7fe21cefc000-7fe21cefd000 rw-p 00028000 08:01 29496216                   /lib/x86_64-linux-gnu/ld-2.27.so
7fe21cefd000-7fe21cefe000 rw-p 00000000 00:00 0 
7fffcc607000-7fffcc62a000 rw-p 00000000 00:00 0                          [stack]
7fffcc79d000-7fffcc7a0000 r--p 00000000 00:00 0                          [vvar]
7fffcc7a0000-7fffcc7a1000 r-xp 00000000 00:00 0                          [vdso]
ffffffffff600000-ffffffffff601000 r-xp 00000000 00:00 0                  [vsyscall]

VM Arguments:
jvm_args: -Dfile.encoding=UTF-8 
java_command: com.user.UserManagementApplication
java_class_path (initial): /usr/lib/jvm/java-8-openjdk-amd64/jre/lib/resources.jar:/usr/lib/jvm/java-8-openjdk-amd64/jre/lib/rt.jar:/usr/lib/jvm/java-8-openjdk-amd64/jre/lib/jsse.jar:/usr/lib/jvm/java-8-openjdk-amd64/jre/lib/jce.jar:/usr/lib/jvm/java-8-openjdk-amd64/jre/lib/charsets.jar:/usr/lib/jvm/java-8-openjdk-amd64/jre/lib/ext/icedtea-sound.jar:/usr/lib/jvm/java-8-openjdk-amd64/jre/lib/ext/java-atk-wrapper.jar:/usr/lib/jvm/java-8-openjdk-amd64/jre/lib/ext/cldrdata.jar:/usr/lib/jvm/java-8-openjdk-amd64/jre/lib/ext/localedata.jar:/usr/lib/jvm/java-8-openjdk-amd64/jre/lib/ext/zipfs.jar:/usr/lib/jvm/java-8-openjdk-amd64/jre/lib/ext/dnsns.jar:/usr/lib/jvm/java-8-openjdk-amd64/jre/lib/ext/sunpkcs11.jar:/usr/lib/jvm/java-8-openjdk-amd64/jre/lib/ext/sunjce_provider.jar:/usr/lib/jvm/java-8-openjdk-amd64/jre/lib/ext/nashorn.jar:/usr/lib/jvm/java-8-openjdk-amd64/jre/lib/ext/jaccess.jar:/usr/lib/jvm/java-8-openjdk-amd64/jre/lib/ext/sunec.jar:/home/rajan/stuffs/project/workspace/user-management/target/classes:/home/rajan/.m2/repository/org/springframework/boot/spring-boot-starter-web/2.2.1.RELEASE/spring-boot-starter-web-2.2.1.RELEASE.jar:/home/rajan/.m2/repository/org/springframework/boot/spring-boot-starter/2.2.1.RELEASE/spring-boot-starter-2.2.1.RELEASE.jar:/home/rajan/.m2/repository/org/springframework/boot/spring-boot-starter-logging/2.2.1.RELEASE/spring-boot-starter-logging-2.2.1.RELEASE.jar:/home/rajan/.m2/repository/ch/qos/logback/logback-classic/1.2.3/logback-classic-1.2.3.jar:/home/rajan/.m2/repository/ch/qos/logback/logback-core/1.2.3/logback-core-1.2.3.jar:/home/rajan/.m2/repository/org/apache/logging/log4j/log4j-to-slf4j/2.12.1/log4j-to-slf4j-2.12.1.jar:/home/rajan/.m2/repository/org/apache/logging/log4j/log4j-api/2.12.1/log4j-api-2.12.1.jar:/home/rajan/.m2/repository/org/slf4j/jul-to-slf4j/1.7.29/jul-to-slf4j-1.7.29.jar:/home/rajan/.m2/repository/jakarta/annotation/jakarta.annotation-api/1.3.5/jakarta.annotation-api-1.3.5.jar:/home/rajan/.m2/repository/org/y
Launcher Type: SUN_STANDARD

Environment Variables:
JAVA_HOME=/usr/lib/jvm/java-11-openjdk-amd64/bin/
PATH=/usr/local/sbin:/usr/local/bin:/usr/sbin:/usr/bin:/sbin:/bin:/usr/games:/usr/local/games:/snap/bin
USERNAME=rajan
SHELL=/bin/bash
DISPLAY=:2

Signal Handlers:
SIGSEGV: [libjvm.so+0xab92f0], sa_mask[0]=11111111011111111101111111111110, sa_flags=SA_RESTART|SA_SIGINFO
SIGBUS: [libjvm.so+0xab92f0], sa_mask[0]=11111111011111111101111111111110, sa_flags=SA_RESTART|SA_SIGINFO
SIGFPE: [libjvm.so+0x8ee560], sa_mask[0]=11111111011111111101111111111110, sa_flags=SA_RESTART|SA_SIGINFO
SIGPIPE: [libjvm.so+0x8ee560], sa_mask[0]=11111111011111111101111111111110, sa_flags=SA_RESTART|SA_SIGINFO
SIGXFSZ: [libjvm.so+0x8ee560], sa_mask[0]=11111111011111111101111111111110, sa_flags=SA_RESTART|SA_SIGINFO
SIGILL: [libjvm.so+0x8ee560], sa_mask[0]=11111111011111111101111111111110, sa_flags=SA_RESTART|SA_SIGINFO
SIGUSR1: SIG_DFL, sa_mask[0]=00000000000000000000000000000000, sa_flags=none
SIGUSR2: [libjvm.so+0x8ee410], sa_mask[0]=00100000000000000000000000000000, sa_flags=SA_RESTART|SA_SIGINFO
SIGHUP: [libjvm.so+0x8eea80], sa_mask[0]=11111111011111111101111111111110, sa_flags=SA_RESTART|SA_SIGINFO
SIGINT: [libjvm.so+0x8eea80], sa_mask[0]=11111111011111111101111111111110, sa_flags=SA_RESTART|SA_SIGINFO
SIGTERM: [libjvm.so+0x8eea80], sa_mask[0]=11111111011111111101111111111110, sa_flags=SA_RESTART|SA_SIGINFO
SIGQUIT: [libjvm.so+0x8eea80], sa_mask[0]=11111111011111111101111111111110, sa_flags=SA_RESTART|SA_SIGINFO


---------------  S Y S T E M  ---------------

OS:DISTRIB_ID=Ubuntu
DISTRIB_RELEASE=18.04
DISTRIB_CODENAME=bionic
DISTRIB_DESCRIPTION="Ubuntu 18.04.3 LTS"

uname:Linux 5.0.0-36-generic #39~18.04.1-Ubuntu SMP Tue Nov 12 11:09:50 UTC 2019 x86_64
libc:glibc 2.27 NPTL 2.27 
rlimit: STACK 8192k, CORE 0k, NPROC 15198, NOFILE 1048576, AS infinity
load average:6.60 6.08 3.99

/proc/meminfo:
MemTotal:        3939068 kB
MemFree:          103488 kB
MemAvailable:      27176 kB
Buffers:            1836 kB
Cached:           418656 kB
SwapCached:        20624 kB
Active:          2888252 kB
Inactive:         608992 kB
Active(anon):    2878708 kB
Inactive(anon):   575996 kB
Active(file):       9544 kB
Inactive(file):    32996 kB
Unevictable:        4924 kB
Mlocked:              96 kB
SwapTotal:       2097148 kB
SwapFree:             12 kB
Dirty:               104 kB
Writeback:             0 kB
AnonPages:       3061984 kB
Mapped:           316676 kB
Shmem:            377716 kB
KReclaimable:      41380 kB
Slab:             119812 kB
SReclaimable:      41380 kB
SUnreclaim:        78432 kB
KernelStack:       20864 kB
PageTables:       113264 kB
NFS_Unstable:          0 kB
Bounce:                0 kB
WritebackTmp:          0 kB
CommitLimit:     4066680 kB
Committed_AS:   16496408 kB
VmallocTotal:   34359738367 kB
VmallocUsed:           0 kB
VmallocChunk:          0 kB
Percpu:             1216 kB
HardwareCorrupted:     0 kB
AnonHugePages:         0 kB
ShmemHugePages:        0 kB
ShmemPmdMapped:        0 kB
CmaTotal:              0 kB
CmaFree:               0 kB
HugePages_Total:       0
HugePages_Free:        0
HugePages_Rsvd:        0
HugePages_Surp:        0
Hugepagesize:       2048 kB
Hugetlb:               0 kB
DirectMap4k:      297536 kB
DirectMap2M:     3799040 kB
DirectMap1G:           0 kB

container (cgroup) information:
container_type: cgroupv1
cpu_cpuset_cpus: 0-3
cpu_memory_nodes: 0
active_processor_count: 4
cpu_quota: -1
cpu_period: 100000
cpu_shares: -1
memory_limit_in_bytes: -1
memory_and_swap_limit_in_bytes: -2
memory_soft_limit_in_bytes: -1
memory_usage_in_bytes: 3585769472
memory_max_usage_in_bytes: 63721472


CPU:total 4 (initial active 4) (2 cores per cpu, 2 threads per core) family 6 model 69 stepping 1, cmov, cx8, fxsr, mmx, sse, sse2, sse3, ssse3, sse4.1, sse4.2, popcnt, avx, avx2, aes, clmul, erms, lzcnt, ht, tsc, tscinvbit, bmi1, bmi2

/proc/cpuinfo:
processor	: 0
vendor_id	: GenuineIntel
cpu family	: 6
model		: 69
model name	: Intel(R) Core(TM) i3-4005U CPU @ 1.70GHz
stepping	: 1
microcode	: 0x25
cpu MHz		: 798.482
cache size	: 3072 KB
physical id	: 0
siblings	: 4
core id		: 0
cpu cores	: 2
apicid		: 0
initial apicid	: 0
fpu		: yes
fpu_exception	: yes
cpuid level	: 13
wp		: yes
flags		: fpu vme de pse tsc msr pae mce cx8 apic sep mtrr pge mca cmov pat pse36 clflush dts acpi mmx fxsr sse sse2 ss ht tm pbe syscall nx pdpe1gb rdtscp lm constant_tsc arch_perfmon pebs bts rep_good nopl xtopology nonstop_tsc cpuid aperfmperf pni pclmulqdq dtes64 monitor ds_cpl vmx est tm2 ssse3 sdbg fma cx16 xtpr pdcm pcid sse4_1 sse4_2 movbe popcnt tsc_deadline_timer aes xsave avx f16c rdrand lahf_lm abm cpuid_fault epb invpcid_single pti ssbd ibrs ibpb stibp tpr_shadow vnmi flexpriority ept vpid ept_ad fsgsbase tsc_adjust bmi1 avx2 smep bmi2 erms invpcid xsaveopt dtherm ida arat pln pts md_clear flush_l1d
bugs		: cpu_meltdown spectre_v1 spectre_v2 spec_store_bypass l1tf mds swapgs itlb_multihit
bogomips	: 3392.26
clflush size	: 64
cache_alignment	: 64
address sizes	: 39 bits physical, 48 bits virtual
power management:

processor	: 1
vendor_id	: GenuineIntel
cpu family	: 6
model		: 69
model name	: Intel(R) Core(TM) i3-4005U CPU @ 1.70GHz
stepping	: 1
microcode	: 0x25
cpu MHz		: 798.202
cache size	: 3072 KB
physical id	: 0
siblings	: 4
core id		: 1
cpu cores	: 2
apicid		: 2
initial apicid	: 2
fpu		: yes
fpu_exception	: yes
cpuid level	: 13
wp		: yes
flags		: fpu vme de pse tsc msr pae mce cx8 apic sep mtrr pge mca cmov pat pse36 clflush dts acpi mmx fxsr sse sse2 ss ht tm pbe syscall nx pdpe1gb rdtscp lm constant_tsc arch_perfmon pebs bts rep_good nopl xtopology nonstop_tsc cpuid aperfmperf pni pclmulqdq dtes64 monitor ds_cpl vmx est tm2 ssse3 sdbg fma cx16 xtpr pdcm pcid sse4_1 sse4_2 movbe popcnt tsc_deadline_timer aes xsave avx f16c rdrand lahf_lm abm cpuid_fault epb invpcid_single pti ssbd ibrs ibpb stibp tpr_shadow vnmi flexpriority ept vpid ept_ad fsgsbase tsc_adjust bmi1 avx2 smep bmi2 erms invpcid xsaveopt dtherm ida arat pln pts md_clear flush_l1d
bugs		: cpu_meltdown spectre_v1 spectre_v2 spec_store_bypass l1tf mds swapgs itlb_multihit
bogomips	: 3392.26
clflush size	: 64
cache_alignment	: 64
address sizes	: 39 bits physical, 48 bits virtual
power management:

processor	: 2
vendor_id	: GenuineIntel
cpu family	: 6
model		: 69
model name	: Intel(R) Core(TM) i3-4005U CPU @ 1.70GHz
stepping	: 1
microcode	: 0x25
cpu MHz		: 798.323
cache size	: 3072 KB
physical id	: 0
siblings	: 4
core id		: 0
cpu cores	: 2
apicid		: 1
initial apicid	: 1
fpu		: yes
fpu_exception	: yes
cpuid level	: 13
wp		: yes
flags		: fpu vme de pse tsc msr pae mce cx8 apic sep mtrr pge mca cmov pat pse36 clflush dts acpi mmx fxsr sse sse2 ss ht tm pbe syscall nx pdpe1gb rdtscp lm constant_tsc arch_perfmon pebs bts rep_good nopl xtopology nonstop_tsc cpuid aperfmperf pni pclmulqdq dtes64 monitor ds_cpl vmx est tm2 ssse3 sdbg fma cx16 xtpr pdcm pcid sse4_1 sse4_2 movbe popcnt tsc_deadline_timer aes xsave avx f16c rdrand lahf_lm abm cpuid_fault epb invpcid_single pti ssbd ibrs ibpb stibp tpr_shadow vnmi flexpriority ept vpid ept_ad fsgsbase tsc_adjust bmi1 avx2 smep bmi2 erms invpcid xsaveopt dtherm ida arat pln pts md_clear flush_l1d
bugs		: cpu_meltdown spectre_v1 spectre_v2 spec_store_bypass l1tf mds swapgs itlb_multihit
bogomips	: 3392.26
clflush size	: 64
cache_alignment	: 64
address sizes	: 39 bits physical, 48 bits virtual
power management:

processor	: 3
vendor_id	: GenuineIntel
cpu family	: 6
model		: 69
model name	: Intel(R) Core(TM) i3-4005U CPU @ 1.70GHz
stepping	: 1
microcode	: 0x25
cpu MHz		: 798.305
cache size	: 3072 KB
physical id	: 0
siblings	: 4
core id		: 1
cpu cores	: 2
apicid		: 3
initial apicid	: 3
fpu		: yes
fpu_exception	: yes
cpuid level	: 13
wp		: yes
flags		: fpu vme de pse tsc msr pae mce cx8 apic sep mtrr pge mca cmov pat pse36 clflush dts acpi mmx fxsr sse sse2 ss ht tm pbe syscall nx pdpe1gb rdtscp lm constant_tsc arch_perfmon pebs bts rep_good nopl xtopology nonstop_tsc cpuid aperfmperf pni pclmulqdq dtes64 monitor ds_cpl vmx est tm2 ssse3 sdbg fma cx16 xtpr pdcm pcid sse4_1 sse4_2 movbe popcnt tsc_deadline_timer aes xsave avx f16c rdrand lahf_lm abm cpuid_fault epb invpcid_single pti ssbd ibrs ibpb stibp tpr_shadow vnmi flexpriority ept vpid ept_ad fsgsbase tsc_adjust bmi1 avx2 smep bmi2 erms invpcid xsaveopt dtherm ida arat pln pts md_clear flush_l1d
bugs		: cpu_meltdown spectre_v1 spectre_v2 spec_store_bypass l1tf mds swapgs itlb_multihit
bogomips	: 3392.26
clflush size	: 64
cache_alignment	: 64
address sizes	: 39 bits physical, 48 bits virtual
power management:



Memory: 4k page, physical 3939068k(103236k free), swap 2097148k(16k free)

vm_info: OpenJDK 64-Bit Server VM (25.222-b10) for linux-amd64 JRE (1.8.0_222-8u222-b10-1ubuntu1~18.04.1-b10), built on Jul 18 2019 18:52:48 by "buildd" with gcc 7.4.0

time: Sun Dec  1 02:14:19 2019
timezone: IST
elapsed time: 42 seconds (0d 0h 0m 42s)

